<?xml version="1.0" encoding="UTF-8"?>
<testsuite xmlns:xsi="http://www.w3.org/2001/XMLSchema-instance" xsi:noNamespaceSchemaLocation="https://maven.apache.org/surefire/maven-surefire-plugin/xsd/surefire-test-report-3.0.xsd" version="3.0" name="com.medicas.atenciones.repository.PacienteRepositoryTest" time="2.945" tests="1" errors="0" skipped="0" failures="0">
  <properties>
    <property name="java.specification.version" value="21"/>
    <property name="sun.cpu.isalist" value="amd64"/>
    <property name="sun.jnu.encoding" value="Cp1252"/>
    <property name="java.class.path" value="D:\desarrollo_fullstack_1\EXP_2\S6\repositorio\MS_ATENCION_MED\atenciones\target\test-classes;D:\desarrollo_fullstack_1\EXP_2\S6\repositorio\MS_ATENCION_MED\atenciones\target\classes;C:\Users\Fatniel\.m2\repository\org\springframework\boot\spring-boot-starter-actuator\3.2.5\spring-boot-starter-actuator-3.2.5.jar;C:\Users\Fatniel\.m2\repository\org\springframework\boot\spring-boot-starter\3.2.5\spring-boot-starter-3.2.5.jar;C:\Users\Fatniel\.m2\repository\org\springframework\boot\spring-boot-starter-logging\3.2.5\spring-boot-starter-logging-3.2.5.jar;C:\Users\Fatniel\.m2\repository\ch\qos\logback\logback-classic\1.4.14\logback-classic-1.4.14.jar;C:\Users\Fatniel\.m2\repository\ch\qos\logback\logback-core\1.4.14\logback-core-1.4.14.jar;C:\Users\Fatniel\.m2\repository\org\apache\logging\log4j\log4j-to-slf4j\2.21.1\log4j-to-slf4j-2.21.1.jar;C:\Users\Fatniel\.m2\repository\org\apache\logging\log4j\log4j-api\2.21.1\log4j-api-2.21.1.jar;C:\Users\Fatniel\.m2\repository\org\slf4j\jul-to-slf4j\2.0.13\jul-to-slf4j-2.0.13.jar;C:\Users\Fatniel\.m2\repository\jakarta\annotation\jakarta.annotation-api\2.1.1\jakarta.annotation-api-2.1.1.jar;C:\Users\Fatniel\.m2\repository\org\yaml\snakeyaml\2.2\snakeyaml-2.2.jar;C:\Users\Fatniel\.m2\repository\org\springframework\boot\spring-boot-actuator-autoconfigure\3.2.5\spring-boot-actuator-autoconfigure-3.2.5.jar;C:\Users\Fatniel\.m2\repository\org\springframework\boot\spring-boot-actuator\3.2.5\spring-boot-actuator-3.2.5.jar;C:\Users\Fatniel\.m2\repository\com\fasterxml\jackson\core\jackson-databind\2.15.4\jackson-databind-2.15.4.jar;C:\Users\Fatniel\.m2\repository\com\fasterxml\jackson\core\jackson-annotations\2.15.4\jackson-annotations-2.15.4.jar;C:\Users\Fatniel\.m2\repository\com\fasterxml\jackson\core\jackson-core\2.15.4\jackson-core-2.15.4.jar;C:\Users\Fatniel\.m2\repository\com\fasterxml\jackson\datatype\jackson-datatype-jsr310\2.15.4\jackson-datatype-jsr310-2.15.4.jar;C:\Users\Fatniel\.m2\repository\io\micrometer\micrometer-observation\1.12.5\micrometer-observation-1.12.5.jar;C:\Users\Fatniel\.m2\repository\io\micrometer\micrometer-commons\1.12.5\micrometer-commons-1.12.5.jar;C:\Users\Fatniel\.m2\repository\io\micrometer\micrometer-jakarta9\1.12.5\micrometer-jakarta9-1.12.5.jar;C:\Users\Fatniel\.m2\repository\io\micrometer\micrometer-core\1.12.5\micrometer-core-1.12.5.jar;C:\Users\Fatniel\.m2\repository\org\hdrhistogram\HdrHistogram\2.1.12\HdrHistogram-2.1.12.jar;C:\Users\Fatniel\.m2\repository\org\latencyutils\LatencyUtils\2.0.3\LatencyUtils-2.0.3.jar;C:\Users\Fatniel\.m2\repository\org\springframework\boot\spring-boot-starter-web\3.2.5\spring-boot-starter-web-3.2.5.jar;C:\Users\Fatniel\.m2\repository\org\springframework\boot\spring-boot-starter-json\3.2.5\spring-boot-starter-json-3.2.5.jar;C:\Users\Fatniel\.m2\repository\com\fasterxml\jackson\datatype\jackson-datatype-jdk8\2.15.4\jackson-datatype-jdk8-2.15.4.jar;C:\Users\Fatniel\.m2\repository\com\fasterxml\jackson\module\jackson-module-parameter-names\2.15.4\jackson-module-parameter-names-2.15.4.jar;C:\Users\Fatniel\.m2\repository\org\springframework\boot\spring-boot-starter-tomcat\3.2.5\spring-boot-starter-tomcat-3.2.5.jar;C:\Users\Fatniel\.m2\repository\org\apache\tomcat\embed\tomcat-embed-core\10.1.20\tomcat-embed-core-10.1.20.jar;C:\Users\Fatniel\.m2\repository\org\apache\tomcat\embed\tomcat-embed-websocket\10.1.20\tomcat-embed-websocket-10.1.20.jar;C:\Users\Fatniel\.m2\repository\org\springframework\spring-web\6.1.6\spring-web-6.1.6.jar;C:\Users\Fatniel\.m2\repository\org\springframework\spring-beans\6.1.6\spring-beans-6.1.6.jar;C:\Users\Fatniel\.m2\repository\org\springframework\spring-webmvc\6.1.6\spring-webmvc-6.1.6.jar;C:\Users\Fatniel\.m2\repository\org\springframework\spring-aop\6.1.6\spring-aop-6.1.6.jar;C:\Users\Fatniel\.m2\repository\org\springframework\spring-context\6.1.6\spring-context-6.1.6.jar;C:\Users\Fatniel\.m2\repository\org\springframework\spring-expression\6.1.6\spring-expression-6.1.6.jar;C:\Users\Fatniel\.m2\repository\org\springframework\boot\spring-boot-devtools\3.2.5\spring-boot-devtools-3.2.5.jar;C:\Users\Fatniel\.m2\repository\org\springframework\boot\spring-boot\3.2.5\spring-boot-3.2.5.jar;C:\Users\Fatniel\.m2\repository\org\springframework\boot\spring-boot-autoconfigure\3.2.5\spring-boot-autoconfigure-3.2.5.jar;C:\Users\Fatniel\.m2\repository\org\projectlombok\lombok\1.18.32\lombok-1.18.32.jar;C:\Users\Fatniel\.m2\repository\org\springframework\boot\spring-boot-starter-test\3.2.5\spring-boot-starter-test-3.2.5.jar;C:\Users\Fatniel\.m2\repository\org\springframework\boot\spring-boot-test\3.2.5\spring-boot-test-3.2.5.jar;C:\Users\Fatniel\.m2\repository\org\springframework\boot\spring-boot-test-autoconfigure\3.2.5\spring-boot-test-autoconfigure-3.2.5.jar;C:\Users\Fatniel\.m2\repository\com\jayway\jsonpath\json-path\2.9.0\json-path-2.9.0.jar;C:\Users\Fatniel\.m2\repository\org\slf4j\slf4j-api\2.0.13\slf4j-api-2.0.13.jar;C:\Users\Fatniel\.m2\repository\jakarta\xml\bind\jakarta.xml.bind-api\4.0.2\jakarta.xml.bind-api-4.0.2.jar;C:\Users\Fatniel\.m2\repository\jakarta\activation\jakarta.activation-api\2.1.3\jakarta.activation-api-2.1.3.jar;C:\Users\Fatniel\.m2\repository\net\minidev\json-smart\2.5.1\json-smart-2.5.1.jar;C:\Users\Fatniel\.m2\repository\net\minidev\accessors-smart\2.5.1\accessors-smart-2.5.1.jar;C:\Users\Fatniel\.m2\repository\org\ow2\asm\asm\9.6\asm-9.6.jar;C:\Users\Fatniel\.m2\repository\org\assertj\assertj-core\3.24.2\assertj-core-3.24.2.jar;C:\Users\Fatniel\.m2\repository\net\bytebuddy\byte-buddy\1.14.13\byte-buddy-1.14.13.jar;C:\Users\Fatniel\.m2\repository\org\awaitility\awaitility\4.2.1\awaitility-4.2.1.jar;C:\Users\Fatniel\.m2\repository\org\junit\jupiter\junit-jupiter\5.10.2\junit-jupiter-5.10.2.jar;C:\Users\Fatniel\.m2\repository\org\junit\jupiter\junit-jupiter-api\5.10.2\junit-jupiter-api-5.10.2.jar;C:\Users\Fatniel\.m2\repository\org\opentest4j\opentest4j\1.3.0\opentest4j-1.3.0.jar;C:\Users\Fatniel\.m2\repository\org\junit\platform\junit-platform-commons\1.10.2\junit-platform-commons-1.10.2.jar;C:\Users\Fatniel\.m2\repository\org\apiguardian\apiguardian-api\1.1.2\apiguardian-api-1.1.2.jar;C:\Users\Fatniel\.m2\repository\org\junit\jupiter\junit-jupiter-params\5.10.2\junit-jupiter-params-5.10.2.jar;C:\Users\Fatniel\.m2\repository\org\junit\jupiter\junit-jupiter-engine\5.10.2\junit-jupiter-engine-5.10.2.jar;C:\Users\Fatniel\.m2\repository\org\junit\platform\junit-platform-engine\1.10.2\junit-platform-engine-1.10.2.jar;C:\Users\Fatniel\.m2\repository\org\mockito\mockito-core\5.7.0\mockito-core-5.7.0.jar;C:\Users\Fatniel\.m2\repository\net\bytebuddy\byte-buddy-agent\1.14.13\byte-buddy-agent-1.14.13.jar;C:\Users\Fatniel\.m2\repository\org\objenesis\objenesis\3.3\objenesis-3.3.jar;C:\Users\Fatniel\.m2\repository\org\mockito\mockito-junit-jupiter\5.7.0\mockito-junit-jupiter-5.7.0.jar;C:\Users\Fatniel\.m2\repository\org\skyscreamer\jsonassert\1.5.1\jsonassert-1.5.1.jar;C:\Users\Fatniel\.m2\repository\com\vaadin\external\google\android-json\0.0.20131108.vaadin1\android-json-0.0.20131108.vaadin1.jar;C:\Users\Fatniel\.m2\repository\org\springframework\spring-core\6.1.6\spring-core-6.1.6.jar;C:\Users\Fatniel\.m2\repository\org\springframework\spring-jcl\6.1.6\spring-jcl-6.1.6.jar;C:\Users\Fatniel\.m2\repository\org\springframework\spring-test\6.1.6\spring-test-6.1.6.jar;C:\Users\Fatniel\.m2\repository\org\xmlunit\xmlunit-core\2.9.1\xmlunit-core-2.9.1.jar;C:\Users\Fatniel\.m2\repository\org\springframework\boot\spring-boot-starter-data-jpa\3.2.5\spring-boot-starter-data-jpa-3.2.5.jar;C:\Users\Fatniel\.m2\repository\org\springframework\boot\spring-boot-starter-aop\3.2.5\spring-boot-starter-aop-3.2.5.jar;C:\Users\Fatniel\.m2\repository\org\aspectj\aspectjweaver\1.9.22\aspectjweaver-1.9.22.jar;C:\Users\Fatniel\.m2\repository\org\springframework\boot\spring-boot-starter-jdbc\3.2.5\spring-boot-starter-jdbc-3.2.5.jar;C:\Users\Fatniel\.m2\repository\com\zaxxer\HikariCP\5.0.1\HikariCP-5.0.1.jar;C:\Users\Fatniel\.m2\repository\org\springframework\spring-jdbc\6.1.6\spring-jdbc-6.1.6.jar;C:\Users\Fatniel\.m2\repository\org\hibernate\orm\hibernate-core\6.4.4.Final\hibernate-core-6.4.4.Final.jar;C:\Users\Fatniel\.m2\repository\jakarta\persistence\jakarta.persistence-api\3.1.0\jakarta.persistence-api-3.1.0.jar;C:\Users\Fatniel\.m2\repository\jakarta\transaction\jakarta.transaction-api\2.0.1\jakarta.transaction-api-2.0.1.jar;C:\Users\Fatniel\.m2\repository\org\jboss\logging\jboss-logging\3.5.3.Final\jboss-logging-3.5.3.Final.jar;C:\Users\Fatniel\.m2\repository\org\hibernate\common\hibernate-commons-annotations\6.0.6.Final\hibernate-commons-annotations-6.0.6.Final.jar;C:\Users\Fatniel\.m2\repository\io\smallrye\jandex\3.1.2\jandex-3.1.2.jar;C:\Users\Fatniel\.m2\repository\com\fasterxml\classmate\1.6.0\classmate-1.6.0.jar;C:\Users\Fatniel\.m2\repository\org\glassfish\jaxb\jaxb-runtime\4.0.5\jaxb-runtime-4.0.5.jar;C:\Users\Fatniel\.m2\repository\org\glassfish\jaxb\jaxb-core\4.0.5\jaxb-core-4.0.5.jar;C:\Users\Fatniel\.m2\repository\org\eclipse\angus\angus-activation\2.0.2\angus-activation-2.0.2.jar;C:\Users\Fatniel\.m2\repository\org\glassfish\jaxb\txw2\4.0.5\txw2-4.0.5.jar;C:\Users\Fatniel\.m2\repository\com\sun\istack\istack-commons-runtime\4.1.2\istack-commons-runtime-4.1.2.jar;C:\Users\Fatniel\.m2\repository\jakarta\inject\jakarta.inject-api\2.0.1\jakarta.inject-api-2.0.1.jar;C:\Users\Fatniel\.m2\repository\org\antlr\antlr4-runtime\4.13.0\antlr4-runtime-4.13.0.jar;C:\Users\Fatniel\.m2\repository\org\springframework\data\spring-data-jpa\3.2.5\spring-data-jpa-3.2.5.jar;C:\Users\Fatniel\.m2\repository\org\springframework\data\spring-data-commons\3.2.5\spring-data-commons-3.2.5.jar;C:\Users\Fatniel\.m2\repository\org\springframework\spring-orm\6.1.6\spring-orm-6.1.6.jar;C:\Users\Fatniel\.m2\repository\org\springframework\spring-tx\6.1.6\spring-tx-6.1.6.jar;C:\Users\Fatniel\.m2\repository\org\springframework\spring-aspects\6.1.6\spring-aspects-6.1.6.jar;C:\Users\Fatniel\.m2\repository\com\oracle\database\jdbc\ojdbc11\21.9.0.0\ojdbc11-21.9.0.0.jar;C:\Users\Fatniel\.m2\repository\com\oracle\database\security\oraclepki\21.5.0.0\oraclepki-21.5.0.0.jar;C:\Users\Fatniel\.m2\repository\com\oracle\database\security\osdt_cert\21.5.0.0\osdt_cert-21.5.0.0.jar;C:\Users\Fatniel\.m2\repository\com\oracle\database\security\osdt_core\21.5.0.0\osdt_core-21.5.0.0.jar;C:\Users\Fatniel\.m2\repository\org\hamcrest\hamcrest\2.2\hamcrest-2.2.jar;C:\Users\Fatniel\.m2\repository\org\springframework\boot\spring-boot-starter-validation\3.2.5\spring-boot-starter-validation-3.2.5.jar;C:\Users\Fatniel\.m2\repository\org\apache\tomcat\embed\tomcat-embed-el\10.1.20\tomcat-embed-el-10.1.20.jar;C:\Users\Fatniel\.m2\repository\org\hibernate\validator\hibernate-validator\8.0.1.Final\hibernate-validator-8.0.1.Final.jar;C:\Users\Fatniel\.m2\repository\jakarta\validation\jakarta.validation-api\3.0.2\jakarta.validation-api-3.0.2.jar;C:\Users\Fatniel\.m2\repository\org\springframework\boot\spring-boot-starter-hateoas\3.2.5\spring-boot-starter-hateoas-3.2.5.jar;C:\Users\Fatniel\.m2\repository\org\springframework\hateoas\spring-hateoas\2.2.2\spring-hateoas-2.2.2.jar;C:\Users\Fatniel\.m2\repository\org\springframework\plugin\spring-plugin-core\3.0.0\spring-plugin-core-3.0.0.jar;"/>
    <property name="java.vm.vendor" value="Oracle Corporation"/>
    <property name="sun.arch.data.model" value="64"/>
    <property name="user.variant" value=""/>
    <property name="java.vendor.url" value="https://java.oracle.com/"/>
    <property name="user.timezone" value="America/Santiago"/>
    <property name="org.jboss.logging.provider" value="slf4j"/>
    <property name="os.name" value="Windows 10"/>
    <property name="java.vm.specification.version" value="21"/>
    <property name="sun.java.launcher" value="SUN_STANDARD"/>
    <property name="user.country" value="CL"/>
    <property name="sun.boot.library.path" value="C:\Program Files\Java\jdk-21\bin"/>
    <property name="sun.java.command" value="C:\Users\Fatniel\AppData\Local\Temp\surefire1715200051988481547\surefirebooter-20240502214634651_3.jar C:\Users\Fatniel\AppData\Local\Temp\surefire1715200051988481547 2024-05-02T21-46-34_483-jvmRun1 surefire-20240502214634651_1tmp surefire_0-20240502214634651_2tmp"/>
    <property name="jdk.debug" value="release"/>
    <property name="surefire.test.class.path" value="D:\desarrollo_fullstack_1\EXP_2\S6\repositorio\MS_ATENCION_MED\atenciones\target\test-classes;D:\desarrollo_fullstack_1\EXP_2\S6\repositorio\MS_ATENCION_MED\atenciones\target\classes;C:\Users\Fatniel\.m2\repository\org\springframework\boot\spring-boot-starter-actuator\3.2.5\spring-boot-starter-actuator-3.2.5.jar;C:\Users\Fatniel\.m2\repository\org\springframework\boot\spring-boot-starter\3.2.5\spring-boot-starter-3.2.5.jar;C:\Users\Fatniel\.m2\repository\org\springframework\boot\spring-boot-starter-logging\3.2.5\spring-boot-starter-logging-3.2.5.jar;C:\Users\Fatniel\.m2\repository\ch\qos\logback\logback-classic\1.4.14\logback-classic-1.4.14.jar;C:\Users\Fatniel\.m2\repository\ch\qos\logback\logback-core\1.4.14\logback-core-1.4.14.jar;C:\Users\Fatniel\.m2\repository\org\apache\logging\log4j\log4j-to-slf4j\2.21.1\log4j-to-slf4j-2.21.1.jar;C:\Users\Fatniel\.m2\repository\org\apache\logging\log4j\log4j-api\2.21.1\log4j-api-2.21.1.jar;C:\Users\Fatniel\.m2\repository\org\slf4j\jul-to-slf4j\2.0.13\jul-to-slf4j-2.0.13.jar;C:\Users\Fatniel\.m2\repository\jakarta\annotation\jakarta.annotation-api\2.1.1\jakarta.annotation-api-2.1.1.jar;C:\Users\Fatniel\.m2\repository\org\yaml\snakeyaml\2.2\snakeyaml-2.2.jar;C:\Users\Fatniel\.m2\repository\org\springframework\boot\spring-boot-actuator-autoconfigure\3.2.5\spring-boot-actuator-autoconfigure-3.2.5.jar;C:\Users\Fatniel\.m2\repository\org\springframework\boot\spring-boot-actuator\3.2.5\spring-boot-actuator-3.2.5.jar;C:\Users\Fatniel\.m2\repository\com\fasterxml\jackson\core\jackson-databind\2.15.4\jackson-databind-2.15.4.jar;C:\Users\Fatniel\.m2\repository\com\fasterxml\jackson\core\jackson-annotations\2.15.4\jackson-annotations-2.15.4.jar;C:\Users\Fatniel\.m2\repository\com\fasterxml\jackson\core\jackson-core\2.15.4\jackson-core-2.15.4.jar;C:\Users\Fatniel\.m2\repository\com\fasterxml\jackson\datatype\jackson-datatype-jsr310\2.15.4\jackson-datatype-jsr310-2.15.4.jar;C:\Users\Fatniel\.m2\repository\io\micrometer\micrometer-observation\1.12.5\micrometer-observation-1.12.5.jar;C:\Users\Fatniel\.m2\repository\io\micrometer\micrometer-commons\1.12.5\micrometer-commons-1.12.5.jar;C:\Users\Fatniel\.m2\repository\io\micrometer\micrometer-jakarta9\1.12.5\micrometer-jakarta9-1.12.5.jar;C:\Users\Fatniel\.m2\repository\io\micrometer\micrometer-core\1.12.5\micrometer-core-1.12.5.jar;C:\Users\Fatniel\.m2\repository\org\hdrhistogram\HdrHistogram\2.1.12\HdrHistogram-2.1.12.jar;C:\Users\Fatniel\.m2\repository\org\latencyutils\LatencyUtils\2.0.3\LatencyUtils-2.0.3.jar;C:\Users\Fatniel\.m2\repository\org\springframework\boot\spring-boot-starter-web\3.2.5\spring-boot-starter-web-3.2.5.jar;C:\Users\Fatniel\.m2\repository\org\springframework\boot\spring-boot-starter-json\3.2.5\spring-boot-starter-json-3.2.5.jar;C:\Users\Fatniel\.m2\repository\com\fasterxml\jackson\datatype\jackson-datatype-jdk8\2.15.4\jackson-datatype-jdk8-2.15.4.jar;C:\Users\Fatniel\.m2\repository\com\fasterxml\jackson\module\jackson-module-parameter-names\2.15.4\jackson-module-parameter-names-2.15.4.jar;C:\Users\Fatniel\.m2\repository\org\springframework\boot\spring-boot-starter-tomcat\3.2.5\spring-boot-starter-tomcat-3.2.5.jar;C:\Users\Fatniel\.m2\repository\org\apache\tomcat\embed\tomcat-embed-core\10.1.20\tomcat-embed-core-10.1.20.jar;C:\Users\Fatniel\.m2\repository\org\apache\tomcat\embed\tomcat-embed-websocket\10.1.20\tomcat-embed-websocket-10.1.20.jar;C:\Users\Fatniel\.m2\repository\org\springframework\spring-web\6.1.6\spring-web-6.1.6.jar;C:\Users\Fatniel\.m2\repository\org\springframework\spring-beans\6.1.6\spring-beans-6.1.6.jar;C:\Users\Fatniel\.m2\repository\org\springframework\spring-webmvc\6.1.6\spring-webmvc-6.1.6.jar;C:\Users\Fatniel\.m2\repository\org\springframework\spring-aop\6.1.6\spring-aop-6.1.6.jar;C:\Users\Fatniel\.m2\repository\org\springframework\spring-context\6.1.6\spring-context-6.1.6.jar;C:\Users\Fatniel\.m2\repository\org\springframework\spring-expression\6.1.6\spring-expression-6.1.6.jar;C:\Users\Fatniel\.m2\repository\org\springframework\boot\spring-boot-devtools\3.2.5\spring-boot-devtools-3.2.5.jar;C:\Users\Fatniel\.m2\repository\org\springframework\boot\spring-boot\3.2.5\spring-boot-3.2.5.jar;C:\Users\Fatniel\.m2\repository\org\springframework\boot\spring-boot-autoconfigure\3.2.5\spring-boot-autoconfigure-3.2.5.jar;C:\Users\Fatniel\.m2\repository\org\projectlombok\lombok\1.18.32\lombok-1.18.32.jar;C:\Users\Fatniel\.m2\repository\org\springframework\boot\spring-boot-starter-test\3.2.5\spring-boot-starter-test-3.2.5.jar;C:\Users\Fatniel\.m2\repository\org\springframework\boot\spring-boot-test\3.2.5\spring-boot-test-3.2.5.jar;C:\Users\Fatniel\.m2\repository\org\springframework\boot\spring-boot-test-autoconfigure\3.2.5\spring-boot-test-autoconfigure-3.2.5.jar;C:\Users\Fatniel\.m2\repository\com\jayway\jsonpath\json-path\2.9.0\json-path-2.9.0.jar;C:\Users\Fatniel\.m2\repository\org\slf4j\slf4j-api\2.0.13\slf4j-api-2.0.13.jar;C:\Users\Fatniel\.m2\repository\jakarta\xml\bind\jakarta.xml.bind-api\4.0.2\jakarta.xml.bind-api-4.0.2.jar;C:\Users\Fatniel\.m2\repository\jakarta\activation\jakarta.activation-api\2.1.3\jakarta.activation-api-2.1.3.jar;C:\Users\Fatniel\.m2\repository\net\minidev\json-smart\2.5.1\json-smart-2.5.1.jar;C:\Users\Fatniel\.m2\repository\net\minidev\accessors-smart\2.5.1\accessors-smart-2.5.1.jar;C:\Users\Fatniel\.m2\repository\org\ow2\asm\asm\9.6\asm-9.6.jar;C:\Users\Fatniel\.m2\repository\org\assertj\assertj-core\3.24.2\assertj-core-3.24.2.jar;C:\Users\Fatniel\.m2\repository\net\bytebuddy\byte-buddy\1.14.13\byte-buddy-1.14.13.jar;C:\Users\Fatniel\.m2\repository\org\awaitility\awaitility\4.2.1\awaitility-4.2.1.jar;C:\Users\Fatniel\.m2\repository\org\junit\jupiter\junit-jupiter\5.10.2\junit-jupiter-5.10.2.jar;C:\Users\Fatniel\.m2\repository\org\junit\jupiter\junit-jupiter-api\5.10.2\junit-jupiter-api-5.10.2.jar;C:\Users\Fatniel\.m2\repository\org\opentest4j\opentest4j\1.3.0\opentest4j-1.3.0.jar;C:\Users\Fatniel\.m2\repository\org\junit\platform\junit-platform-commons\1.10.2\junit-platform-commons-1.10.2.jar;C:\Users\Fatniel\.m2\repository\org\apiguardian\apiguardian-api\1.1.2\apiguardian-api-1.1.2.jar;C:\Users\Fatniel\.m2\repository\org\junit\jupiter\junit-jupiter-params\5.10.2\junit-jupiter-params-5.10.2.jar;C:\Users\Fatniel\.m2\repository\org\junit\jupiter\junit-jupiter-engine\5.10.2\junit-jupiter-engine-5.10.2.jar;C:\Users\Fatniel\.m2\repository\org\junit\platform\junit-platform-engine\1.10.2\junit-platform-engine-1.10.2.jar;C:\Users\Fatniel\.m2\repository\org\mockito\mockito-core\5.7.0\mockito-core-5.7.0.jar;C:\Users\Fatniel\.m2\repository\net\bytebuddy\byte-buddy-agent\1.14.13\byte-buddy-agent-1.14.13.jar;C:\Users\Fatniel\.m2\repository\org\objenesis\objenesis\3.3\objenesis-3.3.jar;C:\Users\Fatniel\.m2\repository\org\mockito\mockito-junit-jupiter\5.7.0\mockito-junit-jupiter-5.7.0.jar;C:\Users\Fatniel\.m2\repository\org\skyscreamer\jsonassert\1.5.1\jsonassert-1.5.1.jar;C:\Users\Fatniel\.m2\repository\com\vaadin\external\google\android-json\0.0.20131108.vaadin1\android-json-0.0.20131108.vaadin1.jar;C:\Users\Fatniel\.m2\repository\org\springframework\spring-core\6.1.6\spring-core-6.1.6.jar;C:\Users\Fatniel\.m2\repository\org\springframework\spring-jcl\6.1.6\spring-jcl-6.1.6.jar;C:\Users\Fatniel\.m2\repository\org\springframework\spring-test\6.1.6\spring-test-6.1.6.jar;C:\Users\Fatniel\.m2\repository\org\xmlunit\xmlunit-core\2.9.1\xmlunit-core-2.9.1.jar;C:\Users\Fatniel\.m2\repository\org\springframework\boot\spring-boot-starter-data-jpa\3.2.5\spring-boot-starter-data-jpa-3.2.5.jar;C:\Users\Fatniel\.m2\repository\org\springframework\boot\spring-boot-starter-aop\3.2.5\spring-boot-starter-aop-3.2.5.jar;C:\Users\Fatniel\.m2\repository\org\aspectj\aspectjweaver\1.9.22\aspectjweaver-1.9.22.jar;C:\Users\Fatniel\.m2\repository\org\springframework\boot\spring-boot-starter-jdbc\3.2.5\spring-boot-starter-jdbc-3.2.5.jar;C:\Users\Fatniel\.m2\repository\com\zaxxer\HikariCP\5.0.1\HikariCP-5.0.1.jar;C:\Users\Fatniel\.m2\repository\org\springframework\spring-jdbc\6.1.6\spring-jdbc-6.1.6.jar;C:\Users\Fatniel\.m2\repository\org\hibernate\orm\hibernate-core\6.4.4.Final\hibernate-core-6.4.4.Final.jar;C:\Users\Fatniel\.m2\repository\jakarta\persistence\jakarta.persistence-api\3.1.0\jakarta.persistence-api-3.1.0.jar;C:\Users\Fatniel\.m2\repository\jakarta\transaction\jakarta.transaction-api\2.0.1\jakarta.transaction-api-2.0.1.jar;C:\Users\Fatniel\.m2\repository\org\jboss\logging\jboss-logging\3.5.3.Final\jboss-logging-3.5.3.Final.jar;C:\Users\Fatniel\.m2\repository\org\hibernate\common\hibernate-commons-annotations\6.0.6.Final\hibernate-commons-annotations-6.0.6.Final.jar;C:\Users\Fatniel\.m2\repository\io\smallrye\jandex\3.1.2\jandex-3.1.2.jar;C:\Users\Fatniel\.m2\repository\com\fasterxml\classmate\1.6.0\classmate-1.6.0.jar;C:\Users\Fatniel\.m2\repository\org\glassfish\jaxb\jaxb-runtime\4.0.5\jaxb-runtime-4.0.5.jar;C:\Users\Fatniel\.m2\repository\org\glassfish\jaxb\jaxb-core\4.0.5\jaxb-core-4.0.5.jar;C:\Users\Fatniel\.m2\repository\org\eclipse\angus\angus-activation\2.0.2\angus-activation-2.0.2.jar;C:\Users\Fatniel\.m2\repository\org\glassfish\jaxb\txw2\4.0.5\txw2-4.0.5.jar;C:\Users\Fatniel\.m2\repository\com\sun\istack\istack-commons-runtime\4.1.2\istack-commons-runtime-4.1.2.jar;C:\Users\Fatniel\.m2\repository\jakarta\inject\jakarta.inject-api\2.0.1\jakarta.inject-api-2.0.1.jar;C:\Users\Fatniel\.m2\repository\org\antlr\antlr4-runtime\4.13.0\antlr4-runtime-4.13.0.jar;C:\Users\Fatniel\.m2\repository\org\springframework\data\spring-data-jpa\3.2.5\spring-data-jpa-3.2.5.jar;C:\Users\Fatniel\.m2\repository\org\springframework\data\spring-data-commons\3.2.5\spring-data-commons-3.2.5.jar;C:\Users\Fatniel\.m2\repository\org\springframework\spring-orm\6.1.6\spring-orm-6.1.6.jar;C:\Users\Fatniel\.m2\repository\org\springframework\spring-tx\6.1.6\spring-tx-6.1.6.jar;C:\Users\Fatniel\.m2\repository\org\springframework\spring-aspects\6.1.6\spring-aspects-6.1.6.jar;C:\Users\Fatniel\.m2\repository\com\oracle\database\jdbc\ojdbc11\21.9.0.0\ojdbc11-21.9.0.0.jar;C:\Users\Fatniel\.m2\repository\com\oracle\database\security\oraclepki\21.5.0.0\oraclepki-21.5.0.0.jar;C:\Users\Fatniel\.m2\repository\com\oracle\database\security\osdt_cert\21.5.0.0\osdt_cert-21.5.0.0.jar;C:\Users\Fatniel\.m2\repository\com\oracle\database\security\osdt_core\21.5.0.0\osdt_core-21.5.0.0.jar;C:\Users\Fatniel\.m2\repository\org\hamcrest\hamcrest\2.2\hamcrest-2.2.jar;C:\Users\Fatniel\.m2\repository\org\springframework\boot\spring-boot-starter-validation\3.2.5\spring-boot-starter-validation-3.2.5.jar;C:\Users\Fatniel\.m2\repository\org\apache\tomcat\embed\tomcat-embed-el\10.1.20\tomcat-embed-el-10.1.20.jar;C:\Users\Fatniel\.m2\repository\org\hibernate\validator\hibernate-validator\8.0.1.Final\hibernate-validator-8.0.1.Final.jar;C:\Users\Fatniel\.m2\repository\jakarta\validation\jakarta.validation-api\3.0.2\jakarta.validation-api-3.0.2.jar;C:\Users\Fatniel\.m2\repository\org\springframework\boot\spring-boot-starter-hateoas\3.2.5\spring-boot-starter-hateoas-3.2.5.jar;C:\Users\Fatniel\.m2\repository\org\springframework\hateoas\spring-hateoas\2.2.2\spring-hateoas-2.2.2.jar;C:\Users\Fatniel\.m2\repository\org\springframework\plugin\spring-plugin-core\3.0.0\spring-plugin-core-3.0.0.jar;"/>
    <property name="sun.cpu.endian" value="little"/>
    <property name="user.home" value="C:\Users\Fatniel"/>
    <property name="user.language" value="es"/>
    <property name="java.specification.vendor" value="Oracle Corporation"/>
    <property name="java.version.date" value="2024-01-16"/>
    <property name="java.home" value="C:\Program Files\Java\jdk-21"/>
    <property name="file.separator" value="\"/>
    <property name="basedir" value="D:\desarrollo_fullstack_1\EXP_2\S6\repositorio\MS_ATENCION_MED\atenciones"/>
    <property name="java.vm.compressedOopsMode" value="Zero based"/>
    <property name="line.separator" value="&#10;"/>
    <property name="java.vm.specification.vendor" value="Oracle Corporation"/>
    <property name="java.specification.name" value="Java Platform API Specification"/>
    <property name="FILE_LOG_CHARSET" value="UTF-8"/>
    <property name="java.awt.headless" value="true"/>
    <property name="surefire.real.class.path" value="C:\Users\Fatniel\AppData\Local\Temp\surefire1715200051988481547\surefirebooter-20240502214634651_3.jar"/>
    <property name="user.script" value=""/>
    <property name="sun.management.compiler" value="HotSpot 64-Bit Tiered Compilers"/>
    <property name="java.runtime.version" value="21.0.2+13-LTS-58"/>
    <property name="user.name" value="Fatniel"/>
    <property name="stdout.encoding" value="Cp1252"/>
    <property name="path.separator" value=";"/>
    <property name="os.version" value="10.0"/>
    <property name="java.runtime.name" value="Java(TM) SE Runtime Environment"/>
    <property name="file.encoding" value="UTF-8"/>
    <property name="java.vm.name" value="Java HotSpot(TM) 64-Bit Server VM"/>
    <property name="localRepository" value="C:\Users\Fatniel\.m2\repository"/>
    <property name="java.vendor.url.bug" value="https://bugreport.java.com/bugreport/"/>
    <property name="java.io.tmpdir" value="C:\Users\Fatniel\AppData\Local\Temp\"/>
    <property name="com.zaxxer.hikari.pool_number" value="2"/>
    <property name="java.version" value="21.0.2"/>
    <property name="user.dir" value="D:\desarrollo_fullstack_1\EXP_2\S6\repositorio\MS_ATENCION_MED\atenciones"/>
    <property name="os.arch" value="amd64"/>
    <property name="java.vm.specification.name" value="Java Virtual Machine Specification"/>
    <property name="PID" value="21740"/>
    <property name="sun.os.patch.level" value=""/>
    <property name="CONSOLE_LOG_CHARSET" value="UTF-8"/>
    <property name="native.encoding" value="Cp1252"/>
    <property name="java.library.path" value="C:\Program Files\Java\jdk-21\bin;C:\Windows\Sun\Java\bin;C:\Windows\system32;C:\Windows;C:\app\Fatniel\product\21c\dbhomeXE\bin;C:\Program Files\Common Files\Oracle\Java\javapath;C:\Python312\Scripts\;C:\Python312\;C:\Windows\system32;C:\Windows;C:\Windows\System32\Wbem;C:\Windows\System32\WindowsPowerShell\v1.0\;C:\Windows\System32\OpenSSH\;C:\Program Files\Azure Data Studio\bin;C:\Program Files\NVIDIA Corporation\NVIDIA NvDLISR;E:\ArchivosProgramas\Git\cmd;C:\Program Files (x86)\NVIDIA Corporation\PhysX\Common;C:\Program Files\Docker\Docker\resources\bin;C:\PHP_PROGRAM\wamp64\bin\php\php8.0.26;C:\PHP_PROGRAM\composer;C:\Program Files\dotnet\;E:\Program Files\nodejs\;C:\ProgramData\chocolatey\bin;C:\Program Files (x86)\Microsoft SQL Server\160\Tools\Binn\;C:\Program Files\Microsoft SQL Server\160\Tools\Binn\;C:\Program Files\Microsoft SQL Server\Client SDK\ODBC\170\Tools\Binn\;C:\Program Files\Microsoft SQL Server\160\DTS\Binn\;C:\Program Files\Git\cmd;C:\Users\Fatniel\AppData\Local\Microsoft\WindowsApps;E:\ArchivosProgramas\Microsoft VS Code\bin;C:\Program Files\Azure Data Studio\bin;C:\Users\Fatniel\AppData\Roaming\Composer\vendor\bin;C:\Users\Fatniel\AppData\Roaming\npm;C:\Program Files\apache-maven-3.9.6-bin\apache-maven-3.9.6\bin;;."/>
    <property name="java.vm.info" value="mixed mode, sharing"/>
    <property name="stderr.encoding" value="Cp1252"/>
    <property name="java.vendor" value="Oracle Corporation"/>
    <property name="java.vm.version" value="21.0.2+13-LTS-58"/>
    <property name="sun.io.unicode.encoding" value="UnicodeLittle"/>
    <property name="java.class.version" value="65.0"/>
    <property name="LOGGED_APPLICATION_NAME" value="[atenciones] "/>
  </properties>
  <testcase name="obtenerPacienteByRutTest" classname="com.medicas.atenciones.repository.PacienteRepositoryTest" time="0.183">
    <system-out><![CDATA[2024-05-02T21:46:51.443-04:00 DEBUG 21740 --- [atenciones] [           main] b.t.a.o.j.DataJpaTestContextBootstrapper : Neither @ContextConfiguration nor @ContextHierarchy found for test class [PacienteRepositoryTest]: using SpringBootContextLoader
2024-05-02T21:46:51.447-04:00 DEBUG 21740 --- [atenciones] [           main] o.s.t.c.support.AbstractContextLoader    : Could not detect default resource locations for test class [com.medicas.atenciones.repository.PacienteRepositoryTest]: no resource found for suffixes {-context.xml, Context.groovy}.
2024-05-02T21:46:51.447-04:00  INFO 21740 --- [atenciones] [           main] t.c.s.AnnotationConfigContextLoaderUtils : Could not detect default configuration classes for test class [com.medicas.atenciones.repository.PacienteRepositoryTest]: PacienteRepositoryTest does not declare any static, non-private, non-final, nested classes annotated with @Configuration.
2024-05-02T21:46:51.455-04:00 DEBUG 21740 --- [atenciones] [           main] b.t.a.o.j.DataJpaTestContextBootstrapper : Using ContextCustomizerFactory implementations for test class [PacienteRepositoryTest]: [ImportsContextCustomizerFactory, ExcludeFilterContextCustomizerFactory, HttpGraphQlTesterContextCustomizerFactory, DuplicateJsonObjectContextCustomizerFactory, MockitoContextCustomizerFactory, TestRestTemplateContextCustomizerFactory, WebTestClientContextCustomizerFactory, OverrideAutoConfigurationContextCustomizerFactory, ObservabilityContextCustomizerFactory, TypeExcludeFiltersContextCustomizerFactory, PropertyMappingContextCustomizerFactory, WebDriverContextCustomizerFactory, MockServerContainerContextCustomizerFactory, DynamicPropertiesContextCustomizerFactory]
2024-05-02T21:46:51.525-04:00 DEBUG 21740 --- [atenciones] [           main] b.t.a.o.j.DataJpaTestContextBootstrapper : Using ContextCustomizers for test class [PacienteRepositoryTest]: [ImportsContextCustomizer, ExcludeFilterContextCustomizer, DuplicateJsonObjectContextCustomizer, MockitoContextCustomizer, DisableAutoConfigurationContextCustomizer, DisableObservabilityContextCustomizer, TypeExcludeFiltersContextCustomizer, PropertyMappingContextCustomizer, WebDriverContextCustomizer]
2024-05-02T21:46:51.552-04:00 DEBUG 21740 --- [atenciones] [           main] ssPathScanningCandidateComponentProvider : Identified candidate component class: file [D:\desarrollo_fullstack_1\EXP_2\S6\repositorio\MS_ATENCION_MED\atenciones\target\classes\com\medicas\atenciones\AtencionesApplication.class]
2024-05-02T21:46:51.552-04:00  INFO 21740 --- [atenciones] [           main] .b.t.c.SpringBootTestContextBootstrapper : Found @SpringBootConfiguration com.medicas.atenciones.AtencionesApplication for test class com.medicas.atenciones.repository.PacienteRepositoryTest
2024-05-02T21:46:51.553-04:00 DEBUG 21740 --- [atenciones] [           main] .s.t.c.u.TestContextSpringFactoriesUtils : Skipping candidate TestExecutionListener [org.springframework.test.context.observation.MicrometerObservationRegistryTestExecutionListener] due to a missing dependency. Specify custom TestExecutionListener classes or make the default TestExecutionListener classes and their required dependencies available. Offending class: io.micrometer.context.ThreadLocalAccessor. MicrometerObservationRegistryTestExecutionListener requires io.micrometer:micrometer-observation:1.10.8 or higher and io.micrometer:context-propagation:1.0.3 or higher.
2024-05-02T21:46:51.554-04:00 DEBUG 21740 --- [atenciones] [           main] b.t.a.o.j.DataJpaTestContextBootstrapper : Using TestExecutionListeners for test class [PacienteRepositoryTest]: [ServletTestExecutionListener, DirtiesContextBeforeModesTestExecutionListener, ApplicationEventsTestExecutionListener, MockitoTestExecutionListener, DependencyInjectionTestExecutionListener, DirtiesContextTestExecutionListener, TransactionalTestExecutionListener, SqlScriptsTestExecutionListener, EventPublishingTestExecutionListener, ResetMocksTestExecutionListener, RestDocsTestExecutionListener, MockRestServiceServerResetTestExecutionListener, MockMvcPrintOnlyOnFailureTestExecutionListener, WebDriverTestExecutionListener, MockWebServiceServerTestExecutionListener]
2024-05-02T21:46:51.555-04:00 DEBUG 21740 --- [atenciones] [           main] sContextBeforeModesTestExecutionListener : Before test class: class [PacienteRepositoryTest], class annotated with @DirtiesContext [false] with mode [null]
2024-05-02T21:46:52.054-04:00 DEBUG 21740 --- [atenciones] [           main] DependencyInjectionTestExecutionListener : Performing dependency injection for test class com.medicas.atenciones.repository.PacienteRepositoryTest
2024-05-02T21:46:52.058-04:00  INFO 21740 --- [atenciones] [           main] o.s.b.d.r.RestartApplicationListener     : Restart disabled due to context in which it is running
2024-05-02T21:46:52.108-04:00 DEBUG 21740 --- [atenciones] [           main] o.s.boot.ApplicationEnvironment          : Activating profiles []
2024-05-02T21:46:52.111-04:00 DEBUG 21740 --- [atenciones] [           main] o.s.c.e.PropertySourcesPropertyResolver  : Found key 'spring.application.name' in PropertySource 'configurationProperties' with value of type String

  .   ____          _            __ _ _
 /\\ / ___'_ __ _ _(_)_ __  __ _ \ \ \ \
( ( )\___ | '_ | '_| | '_ \/ _` | \ \ \ \
 \\/  ___)| |_)| | | | | || (_| |  ) ) ) )
  '  |____| .__|_| |_|_| |_\__, | / / / /
 =========|_|==============|___/=/_/_/_/
 :: Spring Boot ::                (v3.2.5)

2024-05-02T21:46:52.151-04:00  INFO 21740 --- [atenciones] [           main] c.m.a.repository.PacienteRepositoryTest  : Starting PacienteRepositoryTest using Java 21.0.2 with PID 21740 (started by Fatniel in D:\desarrollo_fullstack_1\EXP_2\S6\repositorio\MS_ATENCION_MED\atenciones)
2024-05-02T21:46:52.152-04:00  INFO 21740 --- [atenciones] [           main] c.m.a.repository.PacienteRepositoryTest  : No active profile set, falling back to 1 default profile: "default"
2024-05-02T21:46:52.152-04:00 DEBUG 21740 --- [atenciones] [           main] o.s.boot.SpringApplication               : Loading source class com.medicas.atenciones.AtencionesApplication
2024-05-02T21:46:52.165-04:00 DEBUG 21740 --- [atenciones] [           main] s.c.a.AnnotationConfigApplicationContext : Refreshing org.springframework.context.annotation.AnnotationConfigApplicationContext@76296c86
2024-05-02T21:46:52.172-04:00 DEBUG 21740 --- [atenciones] [           main] o.s.b.f.s.DefaultListableBeanFactory     : Creating shared instance of singleton bean 'org.springframework.context.annotation.internalConfigurationAnnotationProcessor'
2024-05-02T21:46:52.172-04:00 DEBUG 21740 --- [atenciones] [           main] o.s.b.f.s.DefaultListableBeanFactory     : Creating shared instance of singleton bean 'org.springframework.boot.autoconfigure.internalCachingMetadataReaderFactory'
2024-05-02T21:46:52.524-04:00  INFO 21740 --- [atenciones] [           main] .s.d.r.c.RepositoryConfigurationDelegate : Bootstrapping Spring Data JPA repositories in DEFAULT mode.
2024-05-02T21:46:52.525-04:00 DEBUG 21740 --- [atenciones] [           main] o.s.b.f.s.DefaultListableBeanFactory     : Creating shared instance of singleton bean 'org.springframework.boot.autoconfigure.AutoConfigurationPackages'
2024-05-02T21:46:52.525-04:00 DEBUG 21740 --- [atenciones] [           main] o.s.b.a.AutoConfigurationPackages        : @EnableAutoConfiguration was declared on a class in the package 'com.medicas.atenciones'. Automatic @Repository and @Entity scanning is enabled.
2024-05-02T21:46:52.525-04:00 DEBUG 21740 --- [atenciones] [           main] .s.d.r.c.RepositoryConfigurationDelegate : Scanning for JPA repositories in packages com.medicas.atenciones.
2024-05-02T21:46:52.536-04:00 DEBUG 21740 --- [atenciones] [           main] o.s.d.r.c.RepositoryComponentProvider    : Identified candidate component class: file [D:\desarrollo_fullstack_1\EXP_2\S6\repositorio\MS_ATENCION_MED\atenciones\target\classes\com\medicas\atenciones\repository\AtencionRepository.class]
2024-05-02T21:46:52.537-04:00 DEBUG 21740 --- [atenciones] [           main] o.s.d.r.c.RepositoryComponentProvider    : Identified candidate component class: file [D:\desarrollo_fullstack_1\EXP_2\S6\repositorio\MS_ATENCION_MED\atenciones\target\classes\com\medicas\atenciones\repository\MedicoRepository.class]
2024-05-02T21:46:52.537-04:00 DEBUG 21740 --- [atenciones] [           main] o.s.d.r.c.RepositoryComponentProvider    : Identified candidate component class: file [D:\desarrollo_fullstack_1\EXP_2\S6\repositorio\MS_ATENCION_MED\atenciones\target\classes\com\medicas\atenciones\repository\PacienteRepository.class]
2024-05-02T21:46:52.556-04:00 DEBUG 21740 --- [atenciones] [           main] ssPathScanningCandidateComponentProvider : Identified candidate component class: file [D:\desarrollo_fullstack_1\EXP_2\S6\repositorio\MS_ATENCION_MED\atenciones\target\classes\com\medicas\atenciones\service\AtencionServiceImpl.class]
2024-05-02T21:46:52.556-04:00 DEBUG 21740 --- [atenciones] [           main] ssPathScanningCandidateComponentProvider : Identified candidate component class: file [D:\desarrollo_fullstack_1\EXP_2\S6\repositorio\MS_ATENCION_MED\atenciones\target\classes\com\medicas\atenciones\service\MedicoServiceImpl.class]
2024-05-02T21:46:52.556-04:00 DEBUG 21740 --- [atenciones] [           main] ssPathScanningCandidateComponentProvider : Identified candidate component class: file [D:\desarrollo_fullstack_1\EXP_2\S6\repositorio\MS_ATENCION_MED\atenciones\target\classes\com\medicas\atenciones\service\PacienteServiceImpl.class]
2024-05-02T21:46:52.568-04:00  INFO 21740 --- [atenciones] [           main] .s.d.r.c.RepositoryConfigurationDelegate : Finished Spring Data repository scanning in 42 ms. Found 3 JPA repository interfaces.
2024-05-02T21:46:52.606-04:00 DEBUG 21740 --- [atenciones] [           main] o.s.b.f.s.DefaultListableBeanFactory     : Creating shared instance of singleton bean 'org.springframework.boot.test.context.ImportsContextCustomizer$ImportsCleanupPostProcessor'
2024-05-02T21:46:52.616-04:00 DEBUG 21740 --- [atenciones] [           main] o.s.b.f.s.DefaultListableBeanFactory     : Creating shared instance of singleton bean 'org.springframework.boot.test.mock.mockito.MockitoPostProcessor'
2024-05-02T21:46:52.616-04:00 DEBUG 21740 --- [atenciones] [           main] o.s.b.f.s.DefaultListableBeanFactory     : Creating shared instance of singleton bean 'emBeanDefinitionRegistrarPostProcessor'
2024-05-02T21:46:52.617-04:00 DEBUG 21740 --- [atenciones] [           main] o.s.b.f.s.DefaultListableBeanFactory     : Creating shared instance of singleton bean 'org.springframework.boot.sql.init.dependency.DatabaseInitializationDependencyConfigurer$DependsOnDatabaseInitializationPostProcessor'
2024-05-02T21:46:52.624-04:00 DEBUG 21740 --- [atenciones] [           main] o.s.b.f.s.DefaultListableBeanFactory     : Creating shared instance of singleton bean 'org.springframework.context.event.internalEventListenerProcessor'
2024-05-02T21:46:52.626-04:00 DEBUG 21740 --- [atenciones] [           main] o.s.b.f.s.DefaultListableBeanFactory     : Creating shared instance of singleton bean 'org.springframework.context.event.internalEventListenerFactory'
2024-05-02T21:46:52.626-04:00 DEBUG 21740 --- [atenciones] [           main] o.s.b.f.s.DefaultListableBeanFactory     : Creating shared instance of singleton bean 'org.springframework.transaction.config.internalTransactionalEventListenerFactory'
2024-05-02T21:46:52.631-04:00 DEBUG 21740 --- [atenciones] [           main] o.s.b.f.s.DefaultListableBeanFactory     : Creating shared instance of singleton bean 'org.springframework.context.annotation.internalAutowiredAnnotationProcessor'
2024-05-02T21:46:52.632-04:00 DEBUG 21740 --- [atenciones] [           main] o.s.b.f.s.DefaultListableBeanFactory     : Creating shared instance of singleton bean 'org.springframework.context.annotation.internalCommonAnnotationProcessor'
2024-05-02T21:46:52.633-04:00 DEBUG 21740 --- [atenciones] [           main] o.s.b.f.s.DefaultListableBeanFactory     : Creating shared instance of singleton bean 'org.springframework.context.annotation.internalPersistenceAnnotationProcessor'
2024-05-02T21:46:52.633-04:00 DEBUG 21740 --- [atenciones] [           main] o.s.b.f.s.DefaultListableBeanFactory     : Creating shared instance of singleton bean 'org.springframework.boot.test.mock.mockito.MockitoPostProcessor$SpyPostProcessor'
2024-05-02T21:46:52.634-04:00 DEBUG 21740 --- [atenciones] [           main] o.s.b.f.s.DefaultListableBeanFactory     : Creating shared instance of singleton bean 'jdbcConnectionDetailsHikariBeanPostProcessor'
2024-05-02T21:46:52.634-04:00 DEBUG 21740 --- [atenciones] [           main] o.s.b.f.s.DefaultListableBeanFactory     : Creating shared instance of singleton bean 'org.springframework.boot.context.properties.ConfigurationPropertiesBindingPostProcessor'
2024-05-02T21:46:52.634-04:00 DEBUG 21740 --- [atenciones] [           main] o.s.b.f.s.DefaultListableBeanFactory     : Creating shared instance of singleton bean 'org.springframework.boot.context.internalConfigurationPropertiesBinder'
2024-05-02T21:46:52.635-04:00 DEBUG 21740 --- [atenciones] [           main] o.s.b.f.s.DefaultListableBeanFactory     : Creating shared instance of singleton bean 'org.springframework.aop.config.internalAutoProxyCreator'
2024-05-02T21:46:52.639-04:00 DEBUG 21740 --- [atenciones] [           main] o.s.b.f.s.DefaultListableBeanFactory     : Creating shared instance of singleton bean 'dataSourceScriptDatabaseInitializer'
2024-05-02T21:46:52.640-04:00 DEBUG 21740 --- [atenciones] [           main] o.s.b.f.s.DefaultListableBeanFactory     : Creating shared instance of singleton bean 'org.springframework.boot.autoconfigure.sql.init.DataSourceInitializationConfiguration'
2024-05-02T21:46:52.641-04:00 DEBUG 21740 --- [atenciones] [           main] o.s.b.f.s.DefaultListableBeanFactory     : Creating shared instance of singleton bean 'org.springframework.transaction.config.internalTransactionAdvisor'
2024-05-02T21:46:52.641-04:00 DEBUG 21740 --- [atenciones] [           main] o.s.b.f.s.DefaultListableBeanFactory     : Creating shared instance of singleton bean 'org.springframework.transaction.annotation.ProxyTransactionManagementConfiguration'
2024-05-02T21:46:52.652-04:00 DEBUG 21740 --- [atenciones] [           main] o.s.b.f.s.DefaultListableBeanFactory     : Creating shared instance of singleton bean 'transactionAttributeSource'
2024-05-02T21:46:52.654-04:00 DEBUG 21740 --- [atenciones] [           main] o.s.b.f.s.DefaultListableBeanFactory     : Creating shared instance of singleton bean 'transactionInterceptor'
2024-05-02T21:46:52.654-04:00 DEBUG 21740 --- [atenciones] [           main] o.s.b.f.s.DefaultListableBeanFactory     : Autowiring by type from bean name 'transactionInterceptor' via factory method to bean named 'transactionAttributeSource'
2024-05-02T21:46:52.655-04:00 DEBUG 21740 --- [atenciones] [           main] o.s.b.f.s.DefaultListableBeanFactory     : Autowiring by type from bean name 'org.springframework.transaction.config.internalTransactionAdvisor' via factory method to bean named 'transactionAttributeSource'
2024-05-02T21:46:52.655-04:00 DEBUG 21740 --- [atenciones] [           main] o.s.b.f.s.DefaultListableBeanFactory     : Autowiring by type from bean name 'org.springframework.transaction.config.internalTransactionAdvisor' via factory method to bean named 'transactionInterceptor'
2024-05-02T21:46:52.656-04:00 DEBUG 21740 --- [atenciones] [           main] o.s.b.f.s.DefaultListableBeanFactory     : Creating shared instance of singleton bean 'dataSource'
2024-05-02T21:46:52.656-04:00 DEBUG 21740 --- [atenciones] [           main] o.s.b.f.s.DefaultListableBeanFactory     : Creating shared instance of singleton bean 'org.springframework.boot.autoconfigure.jdbc.DataSourceConfiguration$Hikari'
2024-05-02T21:46:52.657-04:00 DEBUG 21740 --- [atenciones] [           main] o.s.b.f.s.DefaultListableBeanFactory     : Creating shared instance of singleton bean 'spring.datasource-org.springframework.boot.autoconfigure.jdbc.DataSourceProperties'
2024-05-02T21:46:52.668-04:00 DEBUG 21740 --- [atenciones] [           main] o.s.b.f.s.DefaultListableBeanFactory     : Creating shared instance of singleton bean 'org.springframework.boot.context.properties.BoundConfigurationProperties'
2024-05-02T21:46:52.687-04:00 DEBUG 21740 --- [atenciones] [           main] o.s.b.f.s.DefaultListableBeanFactory     : Creating shared instance of singleton bean 'jdbcConnectionDetails'
2024-05-02T21:46:52.688-04:00 DEBUG 21740 --- [atenciones] [           main] o.s.b.f.s.DefaultListableBeanFactory     : Creating shared instance of singleton bean 'org.springframework.boot.autoconfigure.jdbc.DataSourceAutoConfiguration$PooledDataSourceConfiguration'
2024-05-02T21:46:52.689-04:00 DEBUG 21740 --- [atenciones] [           main] o.s.b.f.s.DefaultListableBeanFactory     : Autowiring by type from bean name 'jdbcConnectionDetails' via factory method to bean named 'spring.datasource-org.springframework.boot.autoconfigure.jdbc.DataSourceProperties'
2024-05-02T21:46:52.690-04:00 DEBUG 21740 --- [atenciones] [           main] o.s.b.f.s.DefaultListableBeanFactory     : Autowiring by type from bean name 'dataSource' via factory method to bean named 'spring.datasource-org.springframework.boot.autoconfigure.jdbc.DataSourceProperties'
2024-05-02T21:46:52.690-04:00 DEBUG 21740 --- [atenciones] [           main] o.s.b.f.s.DefaultListableBeanFactory     : Autowiring by type from bean name 'dataSource' via factory method to bean named 'jdbcConnectionDetails'
2024-05-02T21:46:52.717-04:00 DEBUG 21740 --- [atenciones] [           main] o.s.b.f.s.DefaultListableBeanFactory     : Creating shared instance of singleton bean 'spring.sql.init-org.springframework.boot.autoconfigure.sql.init.SqlInitializationProperties'
2024-05-02T21:46:52.720-04:00 DEBUG 21740 --- [atenciones] [           main] o.s.b.f.s.DefaultListableBeanFactory     : Autowiring by type from bean name 'dataSourceScriptDatabaseInitializer' via factory method to bean named 'dataSource'
2024-05-02T21:46:52.720-04:00 DEBUG 21740 --- [atenciones] [           main] o.s.b.f.s.DefaultListableBeanFactory     : Autowiring by type from bean name 'dataSourceScriptDatabaseInitializer' via factory method to bean named 'spring.sql.init-org.springframework.boot.autoconfigure.sql.init.SqlInitializationProperties'
2024-05-02T21:46:52.724-04:00 DEBUG 21740 --- [atenciones] [           main] o.s.b.f.s.DefaultListableBeanFactory     : Creating shared instance of singleton bean 'entityManagerFactory'
2024-05-02T21:46:52.724-04:00 DEBUG 21740 --- [atenciones] [           main] o.s.b.f.s.DefaultListableBeanFactory     : Creating shared instance of singleton bean 'org.springframework.boot.autoconfigure.orm.jpa.HibernateJpaConfiguration'
2024-05-02T21:46:52.725-04:00 DEBUG 21740 --- [atenciones] [           main] o.s.b.f.s.DefaultListableBeanFactory     : Creating shared instance of singleton bean 'spring.jpa-org.springframework.boot.autoconfigure.orm.jpa.JpaProperties'
2024-05-02T21:46:52.734-04:00 DEBUG 21740 --- [atenciones] [           main] o.s.b.f.s.DefaultListableBeanFactory     : Creating shared instance of singleton bean 'spring.jpa.hibernate-org.springframework.boot.autoconfigure.orm.jpa.HibernateProperties'
2024-05-02T21:46:52.736-04:00 DEBUG 21740 --- [atenciones] [           main] o.s.b.f.s.DefaultListableBeanFactory     : Autowiring by type from bean name 'org.springframework.boot.autoconfigure.orm.jpa.HibernateJpaConfiguration' via constructor to bean named 'dataSource'
2024-05-02T21:46:52.736-04:00 DEBUG 21740 --- [atenciones] [           main] o.s.b.f.s.DefaultListableBeanFactory     : Autowiring by type from bean name 'org.springframework.boot.autoconfigure.orm.jpa.HibernateJpaConfiguration' via constructor to bean named 'spring.jpa-org.springframework.boot.autoconfigure.orm.jpa.JpaProperties'
2024-05-02T21:46:52.736-04:00 DEBUG 21740 --- [atenciones] [           main] o.s.b.f.s.DefaultListableBeanFactory     : Autowiring by type from bean name 'org.springframework.boot.autoconfigure.orm.jpa.HibernateJpaConfiguration' via constructor to bean named 'org.springframework.beans.factory.support.DefaultListableBeanFactory@1bc467bd'
2024-05-02T21:46:52.736-04:00 DEBUG 21740 --- [atenciones] [           main] o.s.b.f.s.DefaultListableBeanFactory     : Autowiring by type from bean name 'org.springframework.boot.autoconfigure.orm.jpa.HibernateJpaConfiguration' via constructor to bean named 'spring.jpa.hibernate-org.springframework.boot.autoconfigure.orm.jpa.HibernateProperties'
2024-05-02T21:46:52.736-04:00 DEBUG 21740 --- [atenciones] [           main] o.s.b.f.s.DefaultListableBeanFactory     : Creating shared instance of singleton bean 'hikariPoolDataSourceMetadataProvider'
2024-05-02T21:46:52.737-04:00 DEBUG 21740 --- [atenciones] [           main] o.s.b.f.s.DefaultListableBeanFactory     : Creating shared instance of singleton bean 'org.springframework.boot.autoconfigure.jdbc.metadata.DataSourcePoolMetadataProvidersConfiguration$HikariPoolDataSourceMetadataProviderConfiguration'
2024-05-02T21:46:52.740-04:00 DEBUG 21740 --- [atenciones] [           main] o.s.b.f.s.DefaultListableBeanFactory     : Creating shared instance of singleton bean 'entityManagerFactoryBuilder'
2024-05-02T21:46:52.740-04:00 DEBUG 21740 --- [atenciones] [           main] o.s.b.f.s.DefaultListableBeanFactory     : Creating shared instance of singleton bean 'jpaVendorAdapter'
2024-05-02T21:46:52.742-04:00 DEBUG 21740 --- [atenciones] [           main] o.s.b.f.s.DefaultListableBeanFactory     : Autowiring by type from bean name 'entityManagerFactoryBuilder' via factory method to bean named 'jpaVendorAdapter'
2024-05-02T21:46:52.743-04:00 DEBUG 21740 --- [atenciones] [           main] o.s.b.f.s.DefaultListableBeanFactory     : Creating shared instance of singleton bean 'persistenceManagedTypes'
2024-05-02T21:46:52.743-04:00 DEBUG 21740 --- [atenciones] [           main] o.s.b.f.s.DefaultListableBeanFactory     : Autowiring by type from bean name 'persistenceManagedTypes' via factory method to bean named 'org.springframework.beans.factory.support.DefaultListableBeanFactory@1bc467bd'
2024-05-02T21:46:52.743-04:00 DEBUG 21740 --- [atenciones] [           main] o.s.b.f.s.DefaultListableBeanFactory     : Autowiring by type from bean name 'persistenceManagedTypes' via factory method to bean named 'org.springframework.context.annotation.AnnotationConfigApplicationContext@76296c86'
2024-05-02T21:46:52.751-04:00 DEBUG 21740 --- [atenciones] [           main] o.s.b.f.s.DefaultListableBeanFactory     : Autowiring by type from bean name 'entityManagerFactory' via factory method to bean named 'entityManagerFactoryBuilder'
2024-05-02T21:46:52.751-04:00 DEBUG 21740 --- [atenciones] [           main] o.s.b.f.s.DefaultListableBeanFactory     : Autowiring by type from bean name 'entityManagerFactory' via factory method to bean named 'persistenceManagedTypes'
2024-05-02T21:46:52.752-04:00 DEBUG 21740 --- [atenciones] [           main] j.LocalContainerEntityManagerFactoryBean : Building JPA container EntityManagerFactory for persistence unit 'default'
2024-05-02T21:46:52.752-04:00 DEBUG 21740 --- [atenciones] [           main] o.hibernate.jpa.internal.util.LogHelper  : PersistenceUnitInfo [
	name: default
	persistence provider classname: null
	classloader: jdk.internal.loader.ClassLoaders$AppClassLoader@70dea4e
	excludeUnlistedClasses: true
	JTA datasource: null
	Non JTA datasource: HikariDataSource (null)
	Transaction type: RESOURCE_LOCAL
	PU root URL: file:/D:/desarrollo_fullstack_1/EXP_2/S6/repositorio/MS_ATENCION_MED/atenciones/target/test-classes/
	Shared Cache Mode: UNSPECIFIED
	Validation Mode: AUTO
	Jar files URLs []
	Managed classes names [
		com.medicas.atenciones.model.Atencion
		com.medicas.atenciones.model.Medico
		com.medicas.atenciones.model.Paciente]
	Mapping files names []
	Properties []
2024-05-02T21:46:52.752-04:00 DEBUG 21740 --- [atenciones] [           main] o.h.i.internal.IntegratorServiceImpl     : Adding Integrator [org.hibernate.boot.beanvalidation.BeanValidationIntegrator].
2024-05-02T21:46:52.752-04:00 DEBUG 21740 --- [atenciones] [           main] o.h.i.internal.IntegratorServiceImpl     : Adding Integrator [org.hibernate.cache.internal.CollectionCacheInvalidator].
2024-05-02T21:46:52.756-04:00 DEBUG 21740 --- [atenciones] [           main] org.hibernate.orm.idgen.factory          : Registering IdentifierGenerator strategy [uuid2] -> [org.hibernate.id.UUIDGenerator]
2024-05-02T21:46:52.756-04:00 DEBUG 21740 --- [atenciones] [           main] org.hibernate.orm.idgen.factory          : Registering IdentifierGenerator strategy [guid] -> [org.hibernate.id.GUIDGenerator]
2024-05-02T21:46:52.756-04:00 DEBUG 21740 --- [atenciones] [           main] org.hibernate.orm.idgen.factory          : Registering IdentifierGenerator strategy [uuid] -> [org.hibernate.id.UUIDHexGenerator]
2024-05-02T21:46:52.756-04:00 DEBUG 21740 --- [atenciones] [           main] org.hibernate.orm.idgen.factory          : Registering IdentifierGenerator strategy [uuid.hex] -> [org.hibernate.id.UUIDHexGenerator]
2024-05-02T21:46:52.756-04:00 DEBUG 21740 --- [atenciones] [           main] org.hibernate.orm.idgen.factory          : Registering IdentifierGenerator strategy [assigned] -> [org.hibernate.id.Assigned]
2024-05-02T21:46:52.756-04:00 DEBUG 21740 --- [atenciones] [           main] org.hibernate.orm.idgen.factory          : Registering IdentifierGenerator strategy [identity] -> [org.hibernate.id.IdentityGenerator]
2024-05-02T21:46:52.757-04:00 DEBUG 21740 --- [atenciones] [           main] org.hibernate.orm.idgen.factory          : Registering IdentifierGenerator strategy [select] -> [org.hibernate.id.SelectGenerator]
2024-05-02T21:46:52.757-04:00 DEBUG 21740 --- [atenciones] [           main] org.hibernate.orm.idgen.factory          : Registering IdentifierGenerator strategy [sequence] -> [org.hibernate.id.enhanced.SequenceStyleGenerator]
2024-05-02T21:46:52.757-04:00 DEBUG 21740 --- [atenciones] [           main] org.hibernate.orm.idgen.factory          : Registering IdentifierGenerator strategy [increment] -> [org.hibernate.id.IncrementGenerator]
2024-05-02T21:46:52.757-04:00 DEBUG 21740 --- [atenciones] [           main] org.hibernate.orm.idgen.factory          : Registering IdentifierGenerator strategy [foreign] -> [org.hibernate.id.ForeignGenerator]
2024-05-02T21:46:52.757-04:00 DEBUG 21740 --- [atenciones] [           main] org.hibernate.orm.idgen.factory          : Registering IdentifierGenerator strategy [enhanced-sequence] -> [org.hibernate.id.enhanced.SequenceStyleGenerator]
2024-05-02T21:46:52.757-04:00 DEBUG 21740 --- [atenciones] [           main] org.hibernate.orm.idgen.factory          : Registering IdentifierGenerator strategy [enhanced-table] -> [org.hibernate.id.enhanced.TableGenerator]
2024-05-02T21:46:52.757-04:00 DEBUG 21740 --- [atenciones] [           main] o.h.c.internal.RegionFactoryInitiator    : Cannot default RegionFactory based on registered strategies as `[]` RegionFactory strategies were registered
2024-05-02T21:46:52.757-04:00  INFO 21740 --- [atenciones] [           main] o.h.c.internal.RegionFactoryInitiator    : HHH000026: Second-level cache disabled
2024-05-02T21:46:52.758-04:00 DEBUG 21740 --- [atenciones] [           main] org.hibernate.type.BasicTypeRegistry     : Adding type registration boolean -> org.hibernate.type.BasicTypeReference@2707c790
2024-05-02T21:46:52.758-04:00 DEBUG 21740 --- [atenciones] [           main] org.hibernate.type.BasicTypeRegistry     : Adding type registration boolean -> org.hibernate.type.BasicTypeReference@2707c790
2024-05-02T21:46:52.758-04:00 DEBUG 21740 --- [atenciones] [           main] org.hibernate.type.BasicTypeRegistry     : Adding type registration java.lang.Boolean -> org.hibernate.type.BasicTypeReference@2707c790
2024-05-02T21:46:52.758-04:00 DEBUG 21740 --- [atenciones] [           main] org.hibernate.type.BasicTypeRegistry     : Adding type registration numeric_boolean -> org.hibernate.type.BasicTypeReference@7de3206d
2024-05-02T21:46:52.758-04:00 DEBUG 21740 --- [atenciones] [           main] org.hibernate.type.BasicTypeRegistry     : Adding type registration org.hibernate.type.NumericBooleanConverter -> org.hibernate.type.BasicTypeReference@7de3206d
2024-05-02T21:46:52.758-04:00 DEBUG 21740 --- [atenciones] [           main] org.hibernate.type.BasicTypeRegistry     : Adding type registration true_false -> org.hibernate.type.BasicTypeReference@6dece1f9
2024-05-02T21:46:52.758-04:00 DEBUG 21740 --- [atenciones] [           main] org.hibernate.type.BasicTypeRegistry     : Adding type registration org.hibernate.type.TrueFalseConverter -> org.hibernate.type.BasicTypeReference@6dece1f9
2024-05-02T21:46:52.759-04:00 DEBUG 21740 --- [atenciones] [           main] org.hibernate.type.BasicTypeRegistry     : Adding type registration yes_no -> org.hibernate.type.BasicTypeReference@2b936b04
2024-05-02T21:46:52.759-04:00 DEBUG 21740 --- [atenciones] [           main] org.hibernate.type.BasicTypeRegistry     : Adding type registration org.hibernate.type.YesNoConverter -> org.hibernate.type.BasicTypeReference@2b936b04
2024-05-02T21:46:52.759-04:00 DEBUG 21740 --- [atenciones] [           main] org.hibernate.type.BasicTypeRegistry     : Adding type registration byte -> org.hibernate.type.BasicTypeReference@32b112a1
2024-05-02T21:46:52.759-04:00 DEBUG 21740 --- [atenciones] [           main] org.hibernate.type.BasicTypeRegistry     : Adding type registration byte -> org.hibernate.type.BasicTypeReference@32b112a1
2024-05-02T21:46:52.759-04:00 DEBUG 21740 --- [atenciones] [           main] org.hibernate.type.BasicTypeRegistry     : Adding type registration java.lang.Byte -> org.hibernate.type.BasicTypeReference@32b112a1
2024-05-02T21:46:52.759-04:00 DEBUG 21740 --- [atenciones] [           main] org.hibernate.type.BasicTypeRegistry     : Adding type registration binary -> org.hibernate.type.BasicTypeReference@5635bcd2
2024-05-02T21:46:52.759-04:00 DEBUG 21740 --- [atenciones] [           main] org.hibernate.type.BasicTypeRegistry     : Adding type registration byte[] -> org.hibernate.type.BasicTypeReference@5635bcd2
2024-05-02T21:46:52.759-04:00 DEBUG 21740 --- [atenciones] [           main] org.hibernate.type.BasicTypeRegistry     : Adding type registration [B -> org.hibernate.type.BasicTypeReference@5635bcd2
2024-05-02T21:46:52.759-04:00 DEBUG 21740 --- [atenciones] [           main] org.hibernate.type.BasicTypeRegistry     : Adding type registration binary_wrapper -> org.hibernate.type.BasicTypeReference@5c5c7cc4
2024-05-02T21:46:52.759-04:00 DEBUG 21740 --- [atenciones] [           main] org.hibernate.type.BasicTypeRegistry     : Adding type registration wrapper-binary -> org.hibernate.type.BasicTypeReference@5c5c7cc4
2024-05-02T21:46:52.759-04:00 DEBUG 21740 --- [atenciones] [           main] org.hibernate.type.BasicTypeRegistry     : Adding type registration image -> org.hibernate.type.BasicTypeReference@6c27e700
2024-05-02T21:46:52.759-04:00 DEBUG 21740 --- [atenciones] [           main] org.hibernate.type.BasicTypeRegistry     : Adding type registration blob -> org.hibernate.type.BasicTypeReference@56b9d43f
2024-05-02T21:46:52.760-04:00 DEBUG 21740 --- [atenciones] [           main] org.hibernate.type.BasicTypeRegistry     : Adding type registration java.sql.Blob -> org.hibernate.type.BasicTypeReference@56b9d43f
2024-05-02T21:46:52.760-04:00 DEBUG 21740 --- [atenciones] [           main] org.hibernate.type.BasicTypeRegistry     : Adding type registration materialized_blob -> org.hibernate.type.BasicTypeReference@2d913116
2024-05-02T21:46:52.760-04:00 DEBUG 21740 --- [atenciones] [           main] org.hibernate.type.BasicTypeRegistry     : Adding type registration materialized_blob_wrapper -> org.hibernate.type.BasicTypeReference@1214d23c
2024-05-02T21:46:52.760-04:00 DEBUG 21740 --- [atenciones] [           main] org.hibernate.type.BasicTypeRegistry     : Adding type registration short -> org.hibernate.type.BasicTypeReference@41582899
2024-05-02T21:46:52.760-04:00 DEBUG 21740 --- [atenciones] [           main] org.hibernate.type.BasicTypeRegistry     : Adding type registration short -> org.hibernate.type.BasicTypeReference@41582899
2024-05-02T21:46:52.760-04:00 DEBUG 21740 --- [atenciones] [           main] org.hibernate.type.BasicTypeRegistry     : Adding type registration java.lang.Short -> org.hibernate.type.BasicTypeReference@41582899
2024-05-02T21:46:52.760-04:00 DEBUG 21740 --- [atenciones] [           main] org.hibernate.type.BasicTypeRegistry     : Adding type registration integer -> org.hibernate.type.BasicTypeReference@595814a1
2024-05-02T21:46:52.760-04:00 DEBUG 21740 --- [atenciones] [           main] org.hibernate.type.BasicTypeRegistry     : Adding type registration int -> org.hibernate.type.BasicTypeReference@595814a1
2024-05-02T21:46:52.760-04:00 DEBUG 21740 --- [atenciones] [           main] org.hibernate.type.BasicTypeRegistry     : Adding type registration java.lang.Integer -> org.hibernate.type.BasicTypeReference@595814a1
2024-05-02T21:46:52.763-04:00 DEBUG 21740 --- [atenciones] [           main] org.hibernate.type.BasicTypeRegistry     : Adding type registration long -> org.hibernate.type.BasicTypeReference@7de5871d
2024-05-02T21:46:52.765-04:00 DEBUG 21740 --- [atenciones] [           main] org.hibernate.type.BasicTypeRegistry     : Adding type registration long -> org.hibernate.type.BasicTypeReference@7de5871d
2024-05-02T21:46:52.766-04:00 DEBUG 21740 --- [atenciones] [           main] org.hibernate.type.BasicTypeRegistry     : Adding type registration java.lang.Long -> org.hibernate.type.BasicTypeReference@7de5871d
2024-05-02T21:46:52.766-04:00 DEBUG 21740 --- [atenciones] [           main] org.hibernate.type.BasicTypeRegistry     : Adding type registration float -> org.hibernate.type.BasicTypeReference@49d42faf
2024-05-02T21:46:52.766-04:00 DEBUG 21740 --- [atenciones] [           main] org.hibernate.type.BasicTypeRegistry     : Adding type registration float -> org.hibernate.type.BasicTypeReference@49d42faf
2024-05-02T21:46:52.766-04:00 DEBUG 21740 --- [atenciones] [           main] org.hibernate.type.BasicTypeRegistry     : Adding type registration java.lang.Float -> org.hibernate.type.BasicTypeReference@49d42faf
2024-05-02T21:46:52.766-04:00 DEBUG 21740 --- [atenciones] [           main] org.hibernate.type.BasicTypeRegistry     : Adding type registration double -> org.hibernate.type.BasicTypeReference@4948daec
2024-05-02T21:46:52.766-04:00 DEBUG 21740 --- [atenciones] [           main] org.hibernate.type.BasicTypeRegistry     : Adding type registration double -> org.hibernate.type.BasicTypeReference@4948daec
2024-05-02T21:46:52.766-04:00 DEBUG 21740 --- [atenciones] [           main] org.hibernate.type.BasicTypeRegistry     : Adding type registration java.lang.Double -> org.hibernate.type.BasicTypeReference@4948daec
2024-05-02T21:46:52.766-04:00 DEBUG 21740 --- [atenciones] [           main] org.hibernate.type.BasicTypeRegistry     : Adding type registration big_integer -> org.hibernate.type.BasicTypeReference@502c2278
2024-05-02T21:46:52.766-04:00 DEBUG 21740 --- [atenciones] [           main] org.hibernate.type.BasicTypeRegistry     : Adding type registration java.math.BigInteger -> org.hibernate.type.BasicTypeReference@502c2278
2024-05-02T21:46:52.766-04:00 DEBUG 21740 --- [atenciones] [           main] org.hibernate.type.BasicTypeRegistry     : Adding type registration big_decimal -> org.hibernate.type.BasicTypeReference@1209a0f
2024-05-02T21:46:52.767-04:00 DEBUG 21740 --- [atenciones] [           main] org.hibernate.type.BasicTypeRegistry     : Adding type registration java.math.BigDecimal -> org.hibernate.type.BasicTypeReference@1209a0f
2024-05-02T21:46:52.767-04:00 DEBUG 21740 --- [atenciones] [           main] org.hibernate.type.BasicTypeRegistry     : Adding type registration character -> org.hibernate.type.BasicTypeReference@696174d3
2024-05-02T21:46:52.767-04:00 DEBUG 21740 --- [atenciones] [           main] org.hibernate.type.BasicTypeRegistry     : Adding type registration char -> org.hibernate.type.BasicTypeReference@696174d3
2024-05-02T21:46:52.767-04:00 DEBUG 21740 --- [atenciones] [           main] org.hibernate.type.BasicTypeRegistry     : Adding type registration java.lang.Character -> org.hibernate.type.BasicTypeReference@696174d3
2024-05-02T21:46:52.767-04:00 DEBUG 21740 --- [atenciones] [           main] org.hibernate.type.BasicTypeRegistry     : Adding type registration character_nchar -> org.hibernate.type.BasicTypeReference@66715ca9
2024-05-02T21:46:52.767-04:00 DEBUG 21740 --- [atenciones] [           main] org.hibernate.type.BasicTypeRegistry     : Adding type registration string -> org.hibernate.type.BasicTypeReference@577f9dfd
2024-05-02T21:46:52.767-04:00 DEBUG 21740 --- [atenciones] [           main] org.hibernate.type.BasicTypeRegistry     : Adding type registration java.lang.String -> org.hibernate.type.BasicTypeReference@577f9dfd
2024-05-02T21:46:52.767-04:00 DEBUG 21740 --- [atenciones] [           main] org.hibernate.type.BasicTypeRegistry     : Adding type registration nstring -> org.hibernate.type.BasicTypeReference@520a95ff
2024-05-02T21:46:52.767-04:00 DEBUG 21740 --- [atenciones] [           main] org.hibernate.type.BasicTypeRegistry     : Adding type registration characters -> org.hibernate.type.BasicTypeReference@30afb481
2024-05-02T21:46:52.767-04:00 DEBUG 21740 --- [atenciones] [           main] org.hibernate.type.BasicTypeRegistry     : Adding type registration char[] -> org.hibernate.type.BasicTypeReference@30afb481
2024-05-02T21:46:52.767-04:00 DEBUG 21740 --- [atenciones] [           main] org.hibernate.type.BasicTypeRegistry     : Adding type registration [C -> org.hibernate.type.BasicTypeReference@30afb481
2024-05-02T21:46:52.767-04:00 DEBUG 21740 --- [atenciones] [           main] org.hibernate.type.BasicTypeRegistry     : Adding type registration wrapper-characters -> org.hibernate.type.BasicTypeReference@5c573229
2024-05-02T21:46:52.767-04:00 DEBUG 21740 --- [atenciones] [           main] org.hibernate.type.BasicTypeRegistry     : Adding type registration text -> org.hibernate.type.BasicTypeReference@77ecdc2b
2024-05-02T21:46:52.767-04:00 DEBUG 21740 --- [atenciones] [           main] org.hibernate.type.BasicTypeRegistry     : Adding type registration ntext -> org.hibernate.type.BasicTypeReference@714f1a44
2024-05-02T21:46:52.767-04:00 DEBUG 21740 --- [atenciones] [           main] org.hibernate.type.BasicTypeRegistry     : Adding type registration clob -> org.hibernate.type.BasicTypeReference@3c09a350
2024-05-02T21:46:52.767-04:00 DEBUG 21740 --- [atenciones] [           main] org.hibernate.type.BasicTypeRegistry     : Adding type registration java.sql.Clob -> org.hibernate.type.BasicTypeReference@3c09a350
2024-05-02T21:46:52.767-04:00 DEBUG 21740 --- [atenciones] [           main] org.hibernate.type.BasicTypeRegistry     : Adding type registration nclob -> org.hibernate.type.BasicTypeReference@592a1882
2024-05-02T21:46:52.767-04:00 DEBUG 21740 --- [atenciones] [           main] org.hibernate.type.BasicTypeRegistry     : Adding type registration java.sql.NClob -> org.hibernate.type.BasicTypeReference@592a1882
2024-05-02T21:46:52.784-04:00 DEBUG 21740 --- [atenciones] [           main] org.hibernate.type.BasicTypeRegistry     : Adding type registration materialized_clob -> org.hibernate.type.BasicTypeReference@48368a08
2024-05-02T21:46:52.784-04:00 DEBUG 21740 --- [atenciones] [           main] org.hibernate.type.BasicTypeRegistry     : Adding type registration materialized_clob_char_array -> org.hibernate.type.BasicTypeReference@41a23470
2024-05-02T21:46:52.785-04:00 DEBUG 21740 --- [atenciones] [           main] org.hibernate.type.BasicTypeRegistry     : Adding type registration materialized_clob_character_array -> org.hibernate.type.BasicTypeReference@30c01c37
2024-05-02T21:46:52.786-04:00 DEBUG 21740 --- [atenciones] [           main] org.hibernate.type.BasicTypeRegistry     : Adding type registration materialized_nclob -> org.hibernate.type.BasicTypeReference@39a7eca5
2024-05-02T21:46:52.786-04:00 DEBUG 21740 --- [atenciones] [           main] org.hibernate.type.BasicTypeRegistry     : Adding type registration materialized_nclob_character_array -> org.hibernate.type.BasicTypeReference@45bd4753
2024-05-02T21:46:52.786-04:00 DEBUG 21740 --- [atenciones] [           main] org.hibernate.type.BasicTypeRegistry     : Adding type registration materialized_nclob_char_array -> org.hibernate.type.BasicTypeReference@156cfa20
2024-05-02T21:46:52.786-04:00 DEBUG 21740 --- [atenciones] [           main] org.hibernate.type.BasicTypeRegistry     : Adding type registration Duration -> org.hibernate.type.BasicTypeReference@25fd6d1e
2024-05-02T21:46:52.786-04:00 DEBUG 21740 --- [atenciones] [           main] org.hibernate.type.BasicTypeRegistry     : Adding type registration java.time.Duration -> org.hibernate.type.BasicTypeReference@25fd6d1e
2024-05-02T21:46:52.786-04:00 DEBUG 21740 --- [atenciones] [           main] org.hibernate.type.BasicTypeRegistry     : Adding type registration LocalDateTime -> org.hibernate.type.BasicTypeReference@23396fc0
2024-05-02T21:46:52.786-04:00 DEBUG 21740 --- [atenciones] [           main] org.hibernate.type.BasicTypeRegistry     : Adding type registration java.time.LocalDateTime -> org.hibernate.type.BasicTypeReference@23396fc0
2024-05-02T21:46:52.786-04:00 DEBUG 21740 --- [atenciones] [           main] org.hibernate.type.BasicTypeRegistry     : Adding type registration LocalDate -> org.hibernate.type.BasicTypeReference@c11332b
2024-05-02T21:46:52.786-04:00 DEBUG 21740 --- [atenciones] [           main] org.hibernate.type.BasicTypeRegistry     : Adding type registration java.time.LocalDate -> org.hibernate.type.BasicTypeReference@c11332b
2024-05-02T21:46:52.786-04:00 DEBUG 21740 --- [atenciones] [           main] org.hibernate.type.BasicTypeRegistry     : Adding type registration LocalTime -> org.hibernate.type.BasicTypeReference@7e5e6573
2024-05-02T21:46:52.786-04:00 DEBUG 21740 --- [atenciones] [           main] org.hibernate.type.BasicTypeRegistry     : Adding type registration java.time.LocalTime -> org.hibernate.type.BasicTypeReference@7e5e6573
2024-05-02T21:46:52.786-04:00 DEBUG 21740 --- [atenciones] [           main] org.hibernate.type.BasicTypeRegistry     : Adding type registration OffsetDateTime -> org.hibernate.type.BasicTypeReference@3005623b
2024-05-02T21:46:52.787-04:00 DEBUG 21740 --- [atenciones] [           main] org.hibernate.type.BasicTypeRegistry     : Adding type registration java.time.OffsetDateTime -> org.hibernate.type.BasicTypeReference@3005623b
2024-05-02T21:46:52.787-04:00 DEBUG 21740 --- [atenciones] [           main] org.hibernate.type.BasicTypeRegistry     : Adding type registration OffsetDateTimeWithTimezone -> org.hibernate.type.BasicTypeReference@58aa5c94
2024-05-02T21:46:52.787-04:00 DEBUG 21740 --- [atenciones] [           main] org.hibernate.type.BasicTypeRegistry     : Adding type registration OffsetDateTimeWithoutTimezone -> org.hibernate.type.BasicTypeReference@5d27b4c1
2024-05-02T21:46:52.787-04:00 DEBUG 21740 --- [atenciones] [           main] org.hibernate.type.BasicTypeRegistry     : Adding type registration OffsetTime -> org.hibernate.type.BasicTypeReference@50df37eb
2024-05-02T21:46:52.787-04:00 DEBUG 21740 --- [atenciones] [           main] org.hibernate.type.BasicTypeRegistry     : Adding type registration java.time.OffsetTime -> org.hibernate.type.BasicTypeReference@50df37eb
2024-05-02T21:46:52.787-04:00 DEBUG 21740 --- [atenciones] [           main] org.hibernate.type.BasicTypeRegistry     : Adding type registration OffsetTimeUtc -> org.hibernate.type.BasicTypeReference@4b508371
2024-05-02T21:46:52.787-04:00 DEBUG 21740 --- [atenciones] [           main] org.hibernate.type.BasicTypeRegistry     : Adding type registration OffsetTimeWithTimezone -> org.hibernate.type.BasicTypeReference@41143873
2024-05-02T21:46:52.787-04:00 DEBUG 21740 --- [atenciones] [           main] org.hibernate.type.BasicTypeRegistry     : Adding type registration OffsetTimeWithoutTimezone -> org.hibernate.type.BasicTypeReference@21f50d2c
2024-05-02T21:46:52.787-04:00 DEBUG 21740 --- [atenciones] [           main] org.hibernate.type.BasicTypeRegistry     : Adding type registration ZonedDateTime -> org.hibernate.type.BasicTypeReference@8bc0696
2024-05-02T21:46:52.787-04:00 DEBUG 21740 --- [atenciones] [           main] org.hibernate.type.BasicTypeRegistry     : Adding type registration java.time.ZonedDateTime -> org.hibernate.type.BasicTypeReference@8bc0696
2024-05-02T21:46:52.787-04:00 DEBUG 21740 --- [atenciones] [           main] org.hibernate.type.BasicTypeRegistry     : Adding type registration ZonedDateTimeWithTimezone -> org.hibernate.type.BasicTypeReference@473847fb
2024-05-02T21:46:52.787-04:00 DEBUG 21740 --- [atenciones] [           main] org.hibernate.type.BasicTypeRegistry     : Adding type registration ZonedDateTimeWithoutTimezone -> org.hibernate.type.BasicTypeReference@270f28cf
2024-05-02T21:46:52.787-04:00 DEBUG 21740 --- [atenciones] [           main] org.hibernate.type.BasicTypeRegistry     : Adding type registration date -> org.hibernate.type.BasicTypeReference@2e1add6f
2024-05-02T21:46:52.787-04:00 DEBUG 21740 --- [atenciones] [           main] org.hibernate.type.BasicTypeRegistry     : Adding type registration java.sql.Date -> org.hibernate.type.BasicTypeReference@2e1add6f
2024-05-02T21:46:52.787-04:00 DEBUG 21740 --- [atenciones] [           main] org.hibernate.type.BasicTypeRegistry     : Adding type registration time -> org.hibernate.type.BasicTypeReference@467af68c
2024-05-02T21:46:52.787-04:00 DEBUG 21740 --- [atenciones] [           main] org.hibernate.type.BasicTypeRegistry     : Adding type registration java.sql.Time -> org.hibernate.type.BasicTypeReference@467af68c
2024-05-02T21:46:52.787-04:00 DEBUG 21740 --- [atenciones] [           main] org.hibernate.type.BasicTypeRegistry     : Adding type registration timestamp -> org.hibernate.type.BasicTypeReference@43786627
2024-05-02T21:46:52.787-04:00 DEBUG 21740 --- [atenciones] [           main] org.hibernate.type.BasicTypeRegistry     : Adding type registration java.sql.Timestamp -> org.hibernate.type.BasicTypeReference@43786627
2024-05-02T21:46:52.787-04:00 DEBUG 21740 --- [atenciones] [           main] org.hibernate.type.BasicTypeRegistry     : Adding type registration java.util.Date -> org.hibernate.type.BasicTypeReference@43786627
2024-05-02T21:46:52.788-04:00 DEBUG 21740 --- [atenciones] [           main] org.hibernate.type.BasicTypeRegistry     : Adding type registration calendar -> org.hibernate.type.BasicTypeReference@1d6f77d7
2024-05-02T21:46:52.788-04:00 DEBUG 21740 --- [atenciones] [           main] org.hibernate.type.BasicTypeRegistry     : Adding type registration java.util.Calendar -> org.hibernate.type.BasicTypeReference@1d6f77d7
2024-05-02T21:46:52.788-04:00 DEBUG 21740 --- [atenciones] [           main] org.hibernate.type.BasicTypeRegistry     : Adding type registration java.util.GregorianCalendar -> org.hibernate.type.BasicTypeReference@1d6f77d7
2024-05-02T21:46:52.788-04:00 DEBUG 21740 --- [atenciones] [           main] org.hibernate.type.BasicTypeRegistry     : Adding type registration calendar_date -> org.hibernate.type.BasicTypeReference@65e620b0
2024-05-02T21:46:52.788-04:00 DEBUG 21740 --- [atenciones] [           main] org.hibernate.type.BasicTypeRegistry     : Adding type registration calendar_time -> org.hibernate.type.BasicTypeReference@74707df8
2024-05-02T21:46:52.788-04:00 DEBUG 21740 --- [atenciones] [           main] org.hibernate.type.BasicTypeRegistry     : Adding type registration instant -> org.hibernate.type.BasicTypeReference@12c76d6e
2024-05-02T21:46:52.788-04:00 DEBUG 21740 --- [atenciones] [           main] org.hibernate.type.BasicTypeRegistry     : Adding type registration java.time.Instant -> org.hibernate.type.BasicTypeReference@12c76d6e
2024-05-02T21:46:52.788-04:00 DEBUG 21740 --- [atenciones] [           main] org.hibernate.type.BasicTypeRegistry     : Adding type registration uuid -> org.hibernate.type.BasicTypeReference@46702c26
2024-05-02T21:46:52.788-04:00 DEBUG 21740 --- [atenciones] [           main] org.hibernate.type.BasicTypeRegistry     : Adding type registration java.util.UUID -> org.hibernate.type.BasicTypeReference@46702c26
2024-05-02T21:46:52.788-04:00 DEBUG 21740 --- [atenciones] [           main] org.hibernate.type.BasicTypeRegistry     : Adding type registration pg-uuid -> org.hibernate.type.BasicTypeReference@46702c26
2024-05-02T21:46:52.788-04:00 DEBUG 21740 --- [atenciones] [           main] org.hibernate.type.BasicTypeRegistry     : Adding type registration uuid-binary -> org.hibernate.type.BasicTypeReference@7956f93a
2024-05-02T21:46:52.788-04:00 DEBUG 21740 --- [atenciones] [           main] org.hibernate.type.BasicTypeRegistry     : Adding type registration uuid-char -> org.hibernate.type.BasicTypeReference@e3ed455
2024-05-02T21:46:52.788-04:00 DEBUG 21740 --- [atenciones] [           main] org.hibernate.type.BasicTypeRegistry     : Adding type registration class -> org.hibernate.type.BasicTypeReference@27bb74e1
2024-05-02T21:46:52.788-04:00 DEBUG 21740 --- [atenciones] [           main] org.hibernate.type.BasicTypeRegistry     : Adding type registration java.lang.Class -> org.hibernate.type.BasicTypeReference@27bb74e1
2024-05-02T21:46:52.788-04:00 DEBUG 21740 --- [atenciones] [           main] org.hibernate.type.BasicTypeRegistry     : Adding type registration currency -> org.hibernate.type.BasicTypeReference@606d6d2c
2024-05-02T21:46:52.788-04:00 DEBUG 21740 --- [atenciones] [           main] org.hibernate.type.BasicTypeRegistry     : Adding type registration Currency -> org.hibernate.type.BasicTypeReference@606d6d2c
2024-05-02T21:46:52.788-04:00 DEBUG 21740 --- [atenciones] [           main] org.hibernate.type.BasicTypeRegistry     : Adding type registration java.util.Currency -> org.hibernate.type.BasicTypeReference@606d6d2c
2024-05-02T21:46:52.789-04:00 DEBUG 21740 --- [atenciones] [           main] org.hibernate.type.BasicTypeRegistry     : Adding type registration locale -> org.hibernate.type.BasicTypeReference@2e3cd732
2024-05-02T21:46:52.789-04:00 DEBUG 21740 --- [atenciones] [           main] org.hibernate.type.BasicTypeRegistry     : Adding type registration java.util.Locale -> org.hibernate.type.BasicTypeReference@2e3cd732
2024-05-02T21:46:52.789-04:00 DEBUG 21740 --- [atenciones] [           main] org.hibernate.type.BasicTypeRegistry     : Adding type registration serializable -> org.hibernate.type.BasicTypeReference@56d822dc
2024-05-02T21:46:52.789-04:00 DEBUG 21740 --- [atenciones] [           main] org.hibernate.type.BasicTypeRegistry     : Adding type registration java.io.Serializable -> org.hibernate.type.BasicTypeReference@56d822dc
2024-05-02T21:46:52.789-04:00 DEBUG 21740 --- [atenciones] [           main] org.hibernate.type.BasicTypeRegistry     : Adding type registration timezone -> org.hibernate.type.BasicTypeReference@2ab8589a
2024-05-02T21:46:52.789-04:00 DEBUG 21740 --- [atenciones] [           main] org.hibernate.type.BasicTypeRegistry     : Adding type registration java.util.TimeZone -> org.hibernate.type.BasicTypeReference@2ab8589a
2024-05-02T21:46:52.789-04:00 DEBUG 21740 --- [atenciones] [           main] org.hibernate.type.BasicTypeRegistry     : Adding type registration ZoneOffset -> org.hibernate.type.BasicTypeReference@21b744ec
2024-05-02T21:46:52.789-04:00 DEBUG 21740 --- [atenciones] [           main] org.hibernate.type.BasicTypeRegistry     : Adding type registration java.time.ZoneOffset -> org.hibernate.type.BasicTypeReference@21b744ec
2024-05-02T21:46:52.789-04:00 DEBUG 21740 --- [atenciones] [           main] org.hibernate.type.BasicTypeRegistry     : Adding type registration url -> org.hibernate.type.BasicTypeReference@697a92af
2024-05-02T21:46:52.789-04:00 DEBUG 21740 --- [atenciones] [           main] org.hibernate.type.BasicTypeRegistry     : Adding type registration java.net.URL -> org.hibernate.type.BasicTypeReference@697a92af
2024-05-02T21:46:52.789-04:00 DEBUG 21740 --- [atenciones] [           main] org.hibernate.type.BasicTypeRegistry     : Adding type registration vector -> org.hibernate.type.BasicTypeReference@7ea3839e
2024-05-02T21:46:52.789-04:00 DEBUG 21740 --- [atenciones] [           main] org.hibernate.type.BasicTypeRegistry     : Adding type registration row_version -> org.hibernate.type.BasicTypeReference@16b76858
2024-05-02T21:46:52.789-04:00 DEBUG 21740 --- [atenciones] [           main] org.hibernate.type.BasicTypeRegistry     : Adding type registration object -> org.hibernate.type.JavaObjectType@44eb2452
2024-05-02T21:46:52.789-04:00 DEBUG 21740 --- [atenciones] [           main] org.hibernate.type.BasicTypeRegistry     : Adding type registration java.lang.Object -> org.hibernate.type.JavaObjectType@44eb2452
2024-05-02T21:46:52.789-04:00 DEBUG 21740 --- [atenciones] [           main] org.hibernate.type.BasicTypeRegistry     : Adding type registration null -> org.hibernate.type.NullType@2086d469
2024-05-02T21:46:52.789-04:00 DEBUG 21740 --- [atenciones] [           main] org.hibernate.type.BasicTypeRegistry     : Adding type registration imm_date -> org.hibernate.type.BasicTypeReference@68a0a4ae
2024-05-02T21:46:52.789-04:00 DEBUG 21740 --- [atenciones] [           main] org.hibernate.type.BasicTypeRegistry     : Adding type registration imm_time -> org.hibernate.type.BasicTypeReference@426753a6
2024-05-02T21:46:52.789-04:00 DEBUG 21740 --- [atenciones] [           main] org.hibernate.type.BasicTypeRegistry     : Adding type registration imm_timestamp -> org.hibernate.type.BasicTypeReference@2692910f
2024-05-02T21:46:52.790-04:00 DEBUG 21740 --- [atenciones] [           main] org.hibernate.type.BasicTypeRegistry     : Adding type registration imm_calendar -> org.hibernate.type.BasicTypeReference@22816de1
2024-05-02T21:46:52.790-04:00 DEBUG 21740 --- [atenciones] [           main] org.hibernate.type.BasicTypeRegistry     : Adding type registration imm_calendar_date -> org.hibernate.type.BasicTypeReference@4f6938cb
2024-05-02T21:46:52.790-04:00 DEBUG 21740 --- [atenciones] [           main] org.hibernate.type.BasicTypeRegistry     : Adding type registration imm_calendar_time -> org.hibernate.type.BasicTypeReference@376ba8e3
2024-05-02T21:46:52.790-04:00 DEBUG 21740 --- [atenciones] [           main] org.hibernate.type.BasicTypeRegistry     : Adding type registration imm_binary -> org.hibernate.type.BasicTypeReference@5434de8
2024-05-02T21:46:52.790-04:00 DEBUG 21740 --- [atenciones] [           main] org.hibernate.type.BasicTypeRegistry     : Adding type registration imm_serializable -> org.hibernate.type.BasicTypeReference@2c84d6c4
2024-05-02T21:46:52.793-04:00 DEBUG 21740 --- [atenciones] [           main] o.h.boot.internal.BootstrapContextImpl   : Injecting JPA temp ClassLoader [org.springframework.instrument.classloading.SimpleThrowawayClassLoader@40eb85e9] into BootstrapContext; was [null]
2024-05-02T21:46:52.793-04:00 DEBUG 21740 --- [atenciones] [           main] o.h.boot.internal.ClassLoaderAccessImpl  : ClassLoaderAccessImpl#injectTempClassLoader(org.springframework.instrument.classloading.SimpleThrowawayClassLoader@40eb85e9) [was null]
2024-05-02T21:46:52.793-04:00 DEBUG 21740 --- [atenciones] [           main] o.h.boot.internal.BootstrapContextImpl   : Injecting ScanEnvironment [org.hibernate.jpa.boot.internal.StandardJpaScanEnvironmentImpl@5f58ac11] into BootstrapContext; was [null]
2024-05-02T21:46:52.794-04:00 DEBUG 21740 --- [atenciones] [           main] o.h.boot.internal.BootstrapContextImpl   : Injecting ScanOptions [org.hibernate.boot.archive.scan.internal.StandardScanOptions@55e073c8] into BootstrapContext; was [org.hibernate.boot.archive.scan.internal.StandardScanOptions@1768c77f]
2024-05-02T21:46:52.804-04:00  INFO 21740 --- [atenciones] [           main] o.s.o.j.p.SpringPersistenceUnitInfo      : No LoadTimeWeaver setup: ignoring JPA class transformer
2024-05-02T21:46:52.804-04:00 DEBUG 21740 --- [atenciones] [           main] o.h.boot.internal.BootstrapContextImpl   : Injecting JPA temp ClassLoader [null] into BootstrapContext; was [org.springframework.instrument.classloading.SimpleThrowawayClassLoader@40eb85e9]
2024-05-02T21:46:52.804-04:00 DEBUG 21740 --- [atenciones] [           main] o.h.boot.internal.ClassLoaderAccessImpl  : ClassLoaderAccessImpl#injectTempClassLoader(null) [was org.springframework.instrument.classloading.SimpleThrowawayClassLoader@40eb85e9]
2024-05-02T21:46:52.805-04:00  INFO 21740 --- [atenciones] [           main] com.zaxxer.hikari.HikariDataSource       : HikariPool-2 - Starting...
2024-05-02T21:46:52.805-04:00  WARN 21740 --- [atenciones] [           main] c.zaxxer.hikari.util.DriverDataSource    : Registered driver with driverClassName=oracle.jdbc.driver.OracleDriver was not found, trying direct instantiation.
2024-05-02T21:46:53.591-04:00  INFO 21740 --- [atenciones] [           main] com.zaxxer.hikari.pool.HikariPool        : HikariPool-2 - Added connection oracle.jdbc.driver.T4CConnection@312eb
2024-05-02T21:46:53.592-04:00  INFO 21740 --- [atenciones] [           main] com.zaxxer.hikari.HikariDataSource       : HikariPool-2 - Start completed.
2024-05-02T21:46:53.592-04:00 DEBUG 21740 --- [atenciones] [           main] o.h.e.j.e.i.JdbcEnvironmentInitiator     : Database ->
       name : Oracle
    version : Oracle Database 19c Enterprise Edition Release 19.0.0.0.0 - Production
Version 19.23.0.1.0
      major : 19
      minor : 0
2024-05-02T21:46:53.592-04:00 DEBUG 21740 --- [atenciones] [           main] o.h.e.j.e.i.JdbcEnvironmentInitiator     : Driver ->
       name : Oracle JDBC driver
    version : 21.9.0.0.0
      major : 21
      minor : 9
2024-05-02T21:46:53.592-04:00 DEBUG 21740 --- [atenciones] [           main] o.h.e.j.e.i.JdbcEnvironmentInitiator     : JDBC version : 4.3
2024-05-02T21:46:53.598-04:00  WARN 21740 --- [atenciones] [           main] org.hibernate.orm.deprecation            : HHH90000025: OracleDialect does not need to be specified explicitly using 'hibernate.dialect' (remove the property setting and it will be selected by default)
2024-05-02T21:46:53.598-04:00 DEBUG 21740 --- [atenciones] [           main] org.hibernate.orm.dialect                : HHH035001: Using dialect: org.hibernate.dialect.OracleDialect, version: 19.0
2024-05-02T21:46:53.612-04:00 DEBUG 21740 --- [atenciones] [           main] o.h.t.d.jdbc.spi.JdbcTypeRegistry        : addDescriptor(NCharTypeDescriptor) replaced previous registration(CharTypeDescriptor)
2024-05-02T21:46:53.612-04:00 DEBUG 21740 --- [atenciones] [           main] o.h.t.d.jdbc.spi.JdbcTypeRegistry        : addDescriptor(NVarcharTypeDescriptor) replaced previous registration(VarcharTypeDescriptor)
2024-05-02T21:46:53.612-04:00 DEBUG 21740 --- [atenciones] [           main] o.h.t.d.jdbc.spi.JdbcTypeRegistry        : addDescriptor(LongNVarcharTypeDescriptor) replaced previous registration(LongVarcharTypeDescriptor)
2024-05-02T21:46:53.612-04:00 DEBUG 21740 --- [atenciones] [           main] o.h.t.d.jdbc.spi.JdbcTypeRegistry        : addDescriptor(NClobTypeDescriptor(DEFAULT)) replaced previous registration(ClobTypeDescriptor(DEFAULT))
2024-05-02T21:46:53.612-04:00 DEBUG 21740 --- [atenciones] [           main] o.h.t.d.jdbc.spi.JdbcTypeRegistry        : addDescriptor(2005, ClobTypeDescriptor(STREAM_BINDING)) replaced previous registration(ClobTypeDescriptor(DEFAULT))
2024-05-02T21:46:53.613-04:00 DEBUG 21740 --- [atenciones] [           main] o.h.t.d.jdbc.spi.JdbcTypeRegistry        : addDescriptor(BooleanTypeDescriptor) replaced previous registration(BooleanTypeDescriptor)
2024-05-02T21:46:53.613-04:00 DEBUG 21740 --- [atenciones] [           main] org.hibernate.type.BasicTypeRegistry     : Adding type registration null -> org.hibernate.type.NullType@45dc4d1a
2024-05-02T21:46:53.613-04:00 DEBUG 21740 --- [atenciones] [           main] org.hibernate.type.BasicTypeRegistry     : Type registration key [null] overrode previous entry : `org.hibernate.type.NullType@2086d469`
2024-05-02T21:46:53.613-04:00 DEBUG 21740 --- [atenciones] [           main] org.hibernate.type.BasicTypeRegistry     : Adding type registration JAVA_OBJECT -> org.hibernate.type.JavaObjectType@4dbcc8ce
2024-05-02T21:46:53.613-04:00 DEBUG 21740 --- [atenciones] [           main] org.hibernate.type.BasicTypeRegistry     : Adding type registration java.lang.Object -> org.hibernate.type.JavaObjectType@4dbcc8ce
2024-05-02T21:46:53.613-04:00 DEBUG 21740 --- [atenciones] [           main] org.hibernate.type.BasicTypeRegistry     : Type registration key [java.lang.Object] overrode previous entry : `org.hibernate.type.JavaObjectType@44eb2452`
2024-05-02T21:46:53.613-04:00 DEBUG 21740 --- [atenciones] [           main] org.hibernate.type.BasicTypeRegistry     : Adding type registration org.hibernate.type.DurationType -> basicType@22(java.time.Duration,3015)
2024-05-02T21:46:53.613-04:00 DEBUG 21740 --- [atenciones] [           main] org.hibernate.type.BasicTypeRegistry     : Adding type registration Duration -> basicType@22(java.time.Duration,3015)
2024-05-02T21:46:53.613-04:00 DEBUG 21740 --- [atenciones] [           main] org.hibernate.type.BasicTypeRegistry     : Adding type registration java.time.Duration -> basicType@22(java.time.Duration,3015)
2024-05-02T21:46:53.613-04:00 DEBUG 21740 --- [atenciones] [           main] o.h.type.spi.TypeConfiguration$Scope     : Scoping TypeConfiguration [org.hibernate.type.spi.TypeConfiguration@60a98fa6] to MetadataBuildingContext [org.hibernate.boot.internal.MetadataBuildingContextRootImpl@3af4b14e]
2024-05-02T21:46:53.613-04:00 DEBUG 21740 --- [atenciones] [           main] o.h.boot.model.relational.Namespace      : Created database namespace [logicalName=Name{catalog=null, schema=null}, physicalName=Name{catalog=null, schema=null}]
2024-05-02T21:46:53.614-04:00 DEBUG 21740 --- [atenciones] [           main] o.h.boot.model.internal.EntityBinder     : Binding entity from annotated class: com.medicas.atenciones.model.Atencion
2024-05-02T21:46:53.614-04:00 DEBUG 21740 --- [atenciones] [           main] o.h.boot.model.internal.EntityBinder     : Import with entity name Atencion
2024-05-02T21:46:53.614-04:00 DEBUG 21740 --- [atenciones] [           main] o.h.boot.model.internal.EntityBinder     : Bind entity com.medicas.atenciones.model.Atencion on table atencion
2024-05-02T21:46:53.616-04:00 DEBUG 21740 --- [atenciones] [           main] o.h.boot.model.internal.AnnotatedColumn  : Binding column: AnnotatedDiscriminatorColumn(column='DTYPE')
2024-05-02T21:46:53.618-04:00 DEBUG 21740 --- [atenciones] [           main] o.h.boot.model.internal.AnnotatedColumn  : Binding column: AnnotatedColumn(column='id')
2024-05-02T21:46:53.618-04:00 DEBUG 21740 --- [atenciones] [           main] o.h.boot.internal.ClassLoaderAccessImpl  : Not known whether passed class name [com.medicas.atenciones.model.Atencion] is safe
2024-05-02T21:46:53.618-04:00 DEBUG 21740 --- [atenciones] [           main] o.h.boot.internal.ClassLoaderAccessImpl  : No temp ClassLoader provided; using live ClassLoader for loading potentially unsafe class : com.medicas.atenciones.model.Atencion
2024-05-02T21:46:53.618-04:00 DEBUG 21740 --- [atenciones] [           main] o.h.boot.model.internal.PropertyBinder   : MetadataSourceProcessor property id with lazy=false
2024-05-02T21:46:53.618-04:00 DEBUG 21740 --- [atenciones] [           main] o.h.b.m.internal.AbstractPropertyHolder  : Attempting to locate auto-apply AttributeConverter for property [com.medicas.atenciones.model.Atencion:id]
2024-05-02T21:46:53.618-04:00 DEBUG 21740 --- [atenciones] [           main] o.h.b.model.internal.BasicValueBinder    : building BasicValue for id
2024-05-02T21:46:53.618-04:00 DEBUG 21740 --- [atenciones] [           main] org.hibernate.mapping.BasicValue         : Skipping column re-registration: atencion.id
2024-05-02T21:46:53.619-04:00 DEBUG 21740 --- [atenciones] [           main] o.h.boot.model.internal.PropertyBinder   : Building property id
2024-05-02T21:46:53.619-04:00 DEBUG 21740 --- [atenciones] [           main] o.h.boot.model.internal.BinderHelper     : #makeIdGenerator(BasicValue([Column(id)]), id, assigned, , ...)
2024-05-02T21:46:53.619-04:00 DEBUG 21740 --- [atenciones] [           main] o.h.boot.model.internal.AnnotatedColumn  : Binding column: AnnotatedColumn(column='estado')
2024-05-02T21:46:53.619-04:00 DEBUG 21740 --- [atenciones] [           main] o.h.boot.model.internal.PropertyBinder   : MetadataSourceProcessor property estado with lazy=false
2024-05-02T21:46:53.619-04:00 DEBUG 21740 --- [atenciones] [           main] o.h.b.m.internal.AbstractPropertyHolder  : Attempting to locate auto-apply AttributeConverter for property [com.medicas.atenciones.model.Atencion:estado]
2024-05-02T21:46:53.619-04:00 DEBUG 21740 --- [atenciones] [           main] o.h.b.model.internal.BasicValueBinder    : building BasicValue for estado
2024-05-02T21:46:53.619-04:00 DEBUG 21740 --- [atenciones] [           main] org.hibernate.mapping.BasicValue         : Skipping column re-registration: atencion.estado
2024-05-02T21:46:53.619-04:00 DEBUG 21740 --- [atenciones] [           main] o.h.boot.model.internal.PropertyBinder   : Building property estado
2024-05-02T21:46:53.620-04:00 DEBUG 21740 --- [atenciones] [           main] o.h.boot.model.internal.AnnotatedColumn  : Binding column: AnnotatedColumn(column='fecha_atencion')
2024-05-02T21:46:53.620-04:00 DEBUG 21740 --- [atenciones] [           main] o.h.boot.model.internal.PropertyBinder   : MetadataSourceProcessor property fecha_atencion with lazy=false
2024-05-02T21:46:53.620-04:00 DEBUG 21740 --- [atenciones] [           main] o.h.b.m.internal.AbstractPropertyHolder  : Attempting to locate auto-apply AttributeConverter for property [com.medicas.atenciones.model.Atencion:fecha_atencion]
2024-05-02T21:46:53.620-04:00 DEBUG 21740 --- [atenciones] [           main] o.h.b.model.internal.BasicValueBinder    : building BasicValue for fecha_atencion
2024-05-02T21:46:53.620-04:00 DEBUG 21740 --- [atenciones] [           main] org.hibernate.mapping.BasicValue         : Skipping column re-registration: atencion.fecha_atencion
2024-05-02T21:46:53.620-04:00 DEBUG 21740 --- [atenciones] [           main] o.h.boot.model.internal.PropertyBinder   : Building property fecha_atencion
2024-05-02T21:46:53.620-04:00 DEBUG 21740 --- [atenciones] [           main] o.h.boot.model.internal.AnnotatedColumn  : Binding column: AnnotatedColumn(column='medico_id')
2024-05-02T21:46:53.621-04:00 DEBUG 21740 --- [atenciones] [           main] o.h.boot.model.internal.PropertyBinder   : MetadataSourceProcessor property medico_id with lazy=false
2024-05-02T21:46:53.621-04:00 DEBUG 21740 --- [atenciones] [           main] o.h.b.m.internal.AbstractPropertyHolder  : Attempting to locate auto-apply AttributeConverter for property [com.medicas.atenciones.model.Atencion:medico_id]
2024-05-02T21:46:53.621-04:00 DEBUG 21740 --- [atenciones] [           main] o.h.b.model.internal.BasicValueBinder    : building BasicValue for medico_id
2024-05-02T21:46:53.621-04:00 DEBUG 21740 --- [atenciones] [           main] org.hibernate.mapping.BasicValue         : Skipping column re-registration: atencion.medico_id
2024-05-02T21:46:53.621-04:00 DEBUG 21740 --- [atenciones] [           main] o.h.boot.model.internal.PropertyBinder   : Building property medico_id
2024-05-02T21:46:53.621-04:00 DEBUG 21740 --- [atenciones] [           main] o.h.boot.model.internal.AnnotatedColumn  : Binding column: AnnotatedColumn(column='paciente_id')
2024-05-02T21:46:53.621-04:00 DEBUG 21740 --- [atenciones] [           main] o.h.boot.model.internal.PropertyBinder   : MetadataSourceProcessor property paciente_id with lazy=false
2024-05-02T21:46:53.621-04:00 DEBUG 21740 --- [atenciones] [           main] o.h.b.m.internal.AbstractPropertyHolder  : Attempting to locate auto-apply AttributeConverter for property [com.medicas.atenciones.model.Atencion:paciente_id]
2024-05-02T21:46:53.621-04:00 DEBUG 21740 --- [atenciones] [           main] o.h.b.model.internal.BasicValueBinder    : building BasicValue for paciente_id
2024-05-02T21:46:53.621-04:00 DEBUG 21740 --- [atenciones] [           main] org.hibernate.mapping.BasicValue         : Skipping column re-registration: atencion.paciente_id
2024-05-02T21:46:53.621-04:00 DEBUG 21740 --- [atenciones] [           main] o.h.boot.model.internal.PropertyBinder   : Building property paciente_id
2024-05-02T21:46:53.622-04:00 DEBUG 21740 --- [atenciones] [           main] o.h.b.r.c.i.ClassLoaderServiceImpl       : HHH000194: Package not found or wo package-info.java: com.medicas.atenciones.model
2024-05-02T21:46:53.623-04:00 DEBUG 21740 --- [atenciones] [           main] o.h.boot.model.internal.EntityBinder     : Binding entity from annotated class: com.medicas.atenciones.model.Medico
2024-05-02T21:46:53.623-04:00 DEBUG 21740 --- [atenciones] [           main] o.h.boot.model.internal.EntityBinder     : Import with entity name Medico
2024-05-02T21:46:53.624-04:00 DEBUG 21740 --- [atenciones] [           main] o.h.boot.model.internal.EntityBinder     : Bind entity com.medicas.atenciones.model.Medico on table medico
2024-05-02T21:46:53.624-04:00 DEBUG 21740 --- [atenciones] [           main] o.h.boot.model.internal.AnnotatedColumn  : Binding column: AnnotatedDiscriminatorColumn(column='DTYPE')
2024-05-02T21:46:53.624-04:00 DEBUG 21740 --- [atenciones] [           main] o.h.boot.model.internal.AnnotatedColumn  : Binding column: AnnotatedColumn(column='id')
2024-05-02T21:46:53.625-04:00 DEBUG 21740 --- [atenciones] [           main] o.h.boot.internal.ClassLoaderAccessImpl  : Not known whether passed class name [com.medicas.atenciones.model.Medico] is safe
2024-05-02T21:46:53.625-04:00 DEBUG 21740 --- [atenciones] [           main] o.h.boot.internal.ClassLoaderAccessImpl  : No temp ClassLoader provided; using live ClassLoader for loading potentially unsafe class : com.medicas.atenciones.model.Medico
2024-05-02T21:46:53.625-04:00 DEBUG 21740 --- [atenciones] [           main] o.h.boot.model.internal.PropertyBinder   : MetadataSourceProcessor property id with lazy=false
2024-05-02T21:46:53.625-04:00 DEBUG 21740 --- [atenciones] [           main] o.h.b.m.internal.AbstractPropertyHolder  : Attempting to locate auto-apply AttributeConverter for property [com.medicas.atenciones.model.Medico:id]
2024-05-02T21:46:53.625-04:00 DEBUG 21740 --- [atenciones] [           main] o.h.b.model.internal.BasicValueBinder    : building BasicValue for id
2024-05-02T21:46:53.625-04:00 DEBUG 21740 --- [atenciones] [           main] org.hibernate.mapping.BasicValue         : Skipping column re-registration: medico.id
2024-05-02T21:46:53.625-04:00 DEBUG 21740 --- [atenciones] [           main] o.h.boot.model.internal.PropertyBinder   : Building property id
2024-05-02T21:46:53.625-04:00 DEBUG 21740 --- [atenciones] [           main] o.h.boot.model.internal.BinderHelper     : #makeIdGenerator(BasicValue([Column(id)]), id, assigned, , ...)
2024-05-02T21:46:53.625-04:00 DEBUG 21740 --- [atenciones] [           main] o.h.boot.model.internal.AnnotatedColumn  : Binding column: AnnotatedColumn(column='apellido')
2024-05-02T21:46:53.625-04:00 DEBUG 21740 --- [atenciones] [           main] o.h.boot.model.internal.PropertyBinder   : MetadataSourceProcessor property apellido with lazy=false
2024-05-02T21:46:53.625-04:00 DEBUG 21740 --- [atenciones] [           main] o.h.b.m.internal.AbstractPropertyHolder  : Attempting to locate auto-apply AttributeConverter for property [com.medicas.atenciones.model.Medico:apellido]
2024-05-02T21:46:53.625-04:00 DEBUG 21740 --- [atenciones] [           main] o.h.b.model.internal.BasicValueBinder    : building BasicValue for apellido
2024-05-02T21:46:53.625-04:00 DEBUG 21740 --- [atenciones] [           main] org.hibernate.mapping.BasicValue         : Skipping column re-registration: medico.apellido
2024-05-02T21:46:53.625-04:00 DEBUG 21740 --- [atenciones] [           main] o.h.boot.model.internal.PropertyBinder   : Building property apellido
2024-05-02T21:46:53.626-04:00 DEBUG 21740 --- [atenciones] [           main] o.h.boot.model.internal.AnnotatedColumn  : Binding column: AnnotatedColumn(column='nombre')
2024-05-02T21:46:53.626-04:00 DEBUG 21740 --- [atenciones] [           main] o.h.boot.model.internal.PropertyBinder   : MetadataSourceProcessor property nombre with lazy=false
2024-05-02T21:46:53.626-04:00 DEBUG 21740 --- [atenciones] [           main] o.h.b.m.internal.AbstractPropertyHolder  : Attempting to locate auto-apply AttributeConverter for property [com.medicas.atenciones.model.Medico:nombre]
2024-05-02T21:46:53.626-04:00 DEBUG 21740 --- [atenciones] [           main] o.h.b.model.internal.BasicValueBinder    : building BasicValue for nombre
2024-05-02T21:46:53.626-04:00 DEBUG 21740 --- [atenciones] [           main] org.hibernate.mapping.BasicValue         : Skipping column re-registration: medico.nombre
2024-05-02T21:46:53.626-04:00 DEBUG 21740 --- [atenciones] [           main] o.h.boot.model.internal.PropertyBinder   : Building property nombre
2024-05-02T21:46:53.626-04:00 DEBUG 21740 --- [atenciones] [           main] o.h.boot.model.internal.AnnotatedColumn  : Binding column: AnnotatedColumn(column='profesion')
2024-05-02T21:46:53.626-04:00 DEBUG 21740 --- [atenciones] [           main] o.h.boot.model.internal.PropertyBinder   : MetadataSourceProcessor property profesion with lazy=false
2024-05-02T21:46:53.627-04:00 DEBUG 21740 --- [atenciones] [           main] o.h.b.m.internal.AbstractPropertyHolder  : Attempting to locate auto-apply AttributeConverter for property [com.medicas.atenciones.model.Medico:profesion]
2024-05-02T21:46:53.627-04:00 DEBUG 21740 --- [atenciones] [           main] o.h.b.model.internal.BasicValueBinder    : building BasicValue for profesion
2024-05-02T21:46:53.627-04:00 DEBUG 21740 --- [atenciones] [           main] org.hibernate.mapping.BasicValue         : Skipping column re-registration: medico.profesion
2024-05-02T21:46:53.627-04:00 DEBUG 21740 --- [atenciones] [           main] o.h.boot.model.internal.PropertyBinder   : Building property profesion
2024-05-02T21:46:53.628-04:00 DEBUG 21740 --- [atenciones] [           main] o.h.b.r.c.i.ClassLoaderServiceImpl       : HHH000194: Package not found or wo package-info.java: com.medicas.atenciones.model
2024-05-02T21:46:53.628-04:00 DEBUG 21740 --- [atenciones] [           main] o.h.boot.model.internal.EntityBinder     : Binding entity from annotated class: com.medicas.atenciones.model.Paciente
2024-05-02T21:46:53.629-04:00 DEBUG 21740 --- [atenciones] [           main] o.h.boot.model.internal.EntityBinder     : Import with entity name Paciente
2024-05-02T21:46:53.629-04:00 DEBUG 21740 --- [atenciones] [           main] o.h.boot.model.internal.EntityBinder     : Bind entity com.medicas.atenciones.model.Paciente on table paciente
2024-05-02T21:46:53.629-04:00 DEBUG 21740 --- [atenciones] [           main] o.h.boot.model.internal.AnnotatedColumn  : Binding column: AnnotatedDiscriminatorColumn(column='DTYPE')
2024-05-02T21:46:53.630-04:00 DEBUG 21740 --- [atenciones] [           main] o.h.boot.model.internal.AnnotatedColumn  : Binding column: AnnotatedColumn(column='id')
2024-05-02T21:46:53.631-04:00 DEBUG 21740 --- [atenciones] [           main] o.h.boot.internal.ClassLoaderAccessImpl  : Not known whether passed class name [com.medicas.atenciones.model.Paciente] is safe
2024-05-02T21:46:53.631-04:00 DEBUG 21740 --- [atenciones] [           main] o.h.boot.internal.ClassLoaderAccessImpl  : No temp ClassLoader provided; using live ClassLoader for loading potentially unsafe class : com.medicas.atenciones.model.Paciente
2024-05-02T21:46:53.631-04:00 DEBUG 21740 --- [atenciones] [           main] o.h.boot.model.internal.PropertyBinder   : MetadataSourceProcessor property id with lazy=false
2024-05-02T21:46:53.631-04:00 DEBUG 21740 --- [atenciones] [           main] o.h.b.m.internal.AbstractPropertyHolder  : Attempting to locate auto-apply AttributeConverter for property [com.medicas.atenciones.model.Paciente:id]
2024-05-02T21:46:53.631-04:00 DEBUG 21740 --- [atenciones] [           main] o.h.b.model.internal.BasicValueBinder    : building BasicValue for id
2024-05-02T21:46:53.631-04:00 DEBUG 21740 --- [atenciones] [           main] org.hibernate.mapping.BasicValue         : Skipping column re-registration: paciente.id
2024-05-02T21:46:53.631-04:00 DEBUG 21740 --- [atenciones] [           main] o.h.boot.model.internal.PropertyBinder   : Building property id
2024-05-02T21:46:53.631-04:00 DEBUG 21740 --- [atenciones] [           main] o.h.boot.model.internal.BinderHelper     : #makeIdGenerator(BasicValue([Column(id)]), id, assigned, , ...)
2024-05-02T21:46:53.633-04:00 DEBUG 21740 --- [atenciones] [           main] o.h.boot.model.internal.AnnotatedColumn  : Binding column: AnnotatedColumn(column='apellido')
2024-05-02T21:46:53.633-04:00 DEBUG 21740 --- [atenciones] [           main] o.h.boot.model.internal.PropertyBinder   : MetadataSourceProcessor property apellido with lazy=false
2024-05-02T21:46:53.633-04:00 DEBUG 21740 --- [atenciones] [           main] o.h.b.m.internal.AbstractPropertyHolder  : Attempting to locate auto-apply AttributeConverter for property [com.medicas.atenciones.model.Paciente:apellido]
2024-05-02T21:46:53.633-04:00 DEBUG 21740 --- [atenciones] [           main] o.h.b.model.internal.BasicValueBinder    : building BasicValue for apellido
2024-05-02T21:46:53.633-04:00 DEBUG 21740 --- [atenciones] [           main] org.hibernate.mapping.BasicValue         : Skipping column re-registration: paciente.apellido
2024-05-02T21:46:53.633-04:00 DEBUG 21740 --- [atenciones] [           main] o.h.boot.model.internal.PropertyBinder   : Building property apellido
2024-05-02T21:46:53.633-04:00 DEBUG 21740 --- [atenciones] [           main] o.h.boot.model.internal.AnnotatedColumn  : Binding column: AnnotatedColumn(column='direccion')
2024-05-02T21:46:53.634-04:00 DEBUG 21740 --- [atenciones] [           main] o.h.boot.model.internal.PropertyBinder   : MetadataSourceProcessor property direccion with lazy=false
2024-05-02T21:46:53.634-04:00 DEBUG 21740 --- [atenciones] [           main] o.h.b.m.internal.AbstractPropertyHolder  : Attempting to locate auto-apply AttributeConverter for property [com.medicas.atenciones.model.Paciente:direccion]
2024-05-02T21:46:53.634-04:00 DEBUG 21740 --- [atenciones] [           main] o.h.b.model.internal.BasicValueBinder    : building BasicValue for direccion
2024-05-02T21:46:53.634-04:00 DEBUG 21740 --- [atenciones] [           main] org.hibernate.mapping.BasicValue         : Skipping column re-registration: paciente.direccion
2024-05-02T21:46:53.634-04:00 DEBUG 21740 --- [atenciones] [           main] o.h.boot.model.internal.PropertyBinder   : Building property direccion
2024-05-02T21:46:53.634-04:00 DEBUG 21740 --- [atenciones] [           main] o.h.boot.model.internal.AnnotatedColumn  : Binding column: AnnotatedColumn(column='dv')
2024-05-02T21:46:53.634-04:00 DEBUG 21740 --- [atenciones] [           main] o.h.boot.model.internal.PropertyBinder   : MetadataSourceProcessor property dv with lazy=false
2024-05-02T21:46:53.634-04:00 DEBUG 21740 --- [atenciones] [           main] o.h.b.m.internal.AbstractPropertyHolder  : Attempting to locate auto-apply AttributeConverter for property [com.medicas.atenciones.model.Paciente:dv]
2024-05-02T21:46:53.634-04:00 DEBUG 21740 --- [atenciones] [           main] o.h.b.model.internal.BasicValueBinder    : building BasicValue for dv
2024-05-02T21:46:53.634-04:00 DEBUG 21740 --- [atenciones] [           main] org.hibernate.mapping.BasicValue         : Skipping column re-registration: paciente.dv
2024-05-02T21:46:53.634-04:00 DEBUG 21740 --- [atenciones] [           main] o.h.boot.model.internal.PropertyBinder   : Building property dv
2024-05-02T21:46:53.635-04:00 DEBUG 21740 --- [atenciones] [           main] o.h.boot.model.internal.AnnotatedColumn  : Binding column: AnnotatedColumn(column='nombre')
2024-05-02T21:46:53.635-04:00 DEBUG 21740 --- [atenciones] [           main] o.h.boot.model.internal.PropertyBinder   : MetadataSourceProcessor property nombre with lazy=false
2024-05-02T21:46:53.635-04:00 DEBUG 21740 --- [atenciones] [           main] o.h.b.m.internal.AbstractPropertyHolder  : Attempting to locate auto-apply AttributeConverter for property [com.medicas.atenciones.model.Paciente:nombre]
2024-05-02T21:46:53.635-04:00 DEBUG 21740 --- [atenciones] [           main] o.h.b.model.internal.BasicValueBinder    : building BasicValue for nombre
2024-05-02T21:46:53.635-04:00 DEBUG 21740 --- [atenciones] [           main] org.hibernate.mapping.BasicValue         : Skipping column re-registration: paciente.nombre
2024-05-02T21:46:53.635-04:00 DEBUG 21740 --- [atenciones] [           main] o.h.boot.model.internal.PropertyBinder   : Building property nombre
2024-05-02T21:46:53.635-04:00 DEBUG 21740 --- [atenciones] [           main] o.h.boot.model.internal.AnnotatedColumn  : Binding column: AnnotatedColumn(column='numeracion')
2024-05-02T21:46:53.635-04:00 DEBUG 21740 --- [atenciones] [           main] o.h.boot.model.internal.PropertyBinder   : MetadataSourceProcessor property numeracion with lazy=false
2024-05-02T21:46:53.635-04:00 DEBUG 21740 --- [atenciones] [           main] o.h.b.m.internal.AbstractPropertyHolder  : Attempting to locate auto-apply AttributeConverter for property [com.medicas.atenciones.model.Paciente:numeracion]
2024-05-02T21:46:53.635-04:00 DEBUG 21740 --- [atenciones] [           main] o.h.b.model.internal.BasicValueBinder    : building BasicValue for numeracion
2024-05-02T21:46:53.635-04:00 DEBUG 21740 --- [atenciones] [           main] org.hibernate.mapping.BasicValue         : Skipping column re-registration: paciente.numeracion
2024-05-02T21:46:53.636-04:00 DEBUG 21740 --- [atenciones] [           main] o.h.boot.model.internal.PropertyBinder   : Building property numeracion
2024-05-02T21:46:53.636-04:00 DEBUG 21740 --- [atenciones] [           main] o.h.boot.model.internal.AnnotatedColumn  : Binding column: AnnotatedColumn(column='rut')
2024-05-02T21:46:53.636-04:00 DEBUG 21740 --- [atenciones] [           main] o.h.boot.model.internal.PropertyBinder   : MetadataSourceProcessor property rut with lazy=false
2024-05-02T21:46:53.636-04:00 DEBUG 21740 --- [atenciones] [           main] o.h.b.m.internal.AbstractPropertyHolder  : Attempting to locate auto-apply AttributeConverter for property [com.medicas.atenciones.model.Paciente:rut]
2024-05-02T21:46:53.636-04:00 DEBUG 21740 --- [atenciones] [           main] o.h.b.model.internal.BasicValueBinder    : building BasicValue for rut
2024-05-02T21:46:53.636-04:00 DEBUG 21740 --- [atenciones] [           main] org.hibernate.mapping.BasicValue         : Skipping column re-registration: paciente.rut
2024-05-02T21:46:53.636-04:00 DEBUG 21740 --- [atenciones] [           main] o.h.boot.model.internal.PropertyBinder   : Building property rut
2024-05-02T21:46:53.637-04:00 DEBUG 21740 --- [atenciones] [           main] o.h.b.r.c.i.ClassLoaderServiceImpl       : HHH000194: Package not found or wo package-info.java: com.medicas.atenciones.model
2024-05-02T21:46:53.638-04:00 DEBUG 21740 --- [atenciones] [           main] o.h.b.model.internal.BasicValueBinder    : Starting `BasicValueBinder#fillSimpleValue` for id
2024-05-02T21:46:53.638-04:00 DEBUG 21740 --- [atenciones] [           main] o.h.b.model.internal.BasicValueBinder    : Starting `BasicValueBinder#fillSimpleValue` for estado
2024-05-02T21:46:53.638-04:00 DEBUG 21740 --- [atenciones] [           main] o.h.b.model.internal.BasicValueBinder    : Starting `BasicValueBinder#fillSimpleValue` for fecha_atencion
2024-05-02T21:46:53.638-04:00 DEBUG 21740 --- [atenciones] [           main] o.h.b.model.internal.BasicValueBinder    : Starting `BasicValueBinder#fillSimpleValue` for medico_id
2024-05-02T21:46:53.638-04:00 DEBUG 21740 --- [atenciones] [           main] o.h.b.model.internal.BasicValueBinder    : Starting `BasicValueBinder#fillSimpleValue` for paciente_id
2024-05-02T21:46:53.638-04:00 DEBUG 21740 --- [atenciones] [           main] o.h.b.model.internal.BasicValueBinder    : Starting `BasicValueBinder#fillSimpleValue` for id
2024-05-02T21:46:53.638-04:00 DEBUG 21740 --- [atenciones] [           main] o.h.b.model.internal.BasicValueBinder    : Starting `BasicValueBinder#fillSimpleValue` for apellido
2024-05-02T21:46:53.638-04:00 DEBUG 21740 --- [atenciones] [           main] o.h.b.model.internal.BasicValueBinder    : Starting `BasicValueBinder#fillSimpleValue` for nombre
2024-05-02T21:46:53.638-04:00 DEBUG 21740 --- [atenciones] [           main] o.h.b.model.internal.BasicValueBinder    : Starting `BasicValueBinder#fillSimpleValue` for profesion
2024-05-02T21:46:53.639-04:00 DEBUG 21740 --- [atenciones] [           main] o.h.b.model.internal.BasicValueBinder    : Starting `BasicValueBinder#fillSimpleValue` for id
2024-05-02T21:46:53.639-04:00 DEBUG 21740 --- [atenciones] [           main] o.h.b.model.internal.BasicValueBinder    : Starting `BasicValueBinder#fillSimpleValue` for apellido
2024-05-02T21:46:53.639-04:00 DEBUG 21740 --- [atenciones] [           main] o.h.b.model.internal.BasicValueBinder    : Starting `BasicValueBinder#fillSimpleValue` for direccion
2024-05-02T21:46:53.639-04:00 DEBUG 21740 --- [atenciones] [           main] o.h.b.model.internal.BasicValueBinder    : Starting `BasicValueBinder#fillSimpleValue` for dv
2024-05-02T21:46:53.639-04:00 DEBUG 21740 --- [atenciones] [           main] o.h.b.model.internal.BasicValueBinder    : Starting `BasicValueBinder#fillSimpleValue` for nombre
2024-05-02T21:46:53.639-04:00 DEBUG 21740 --- [atenciones] [           main] o.h.b.model.internal.BasicValueBinder    : Starting `BasicValueBinder#fillSimpleValue` for numeracion
2024-05-02T21:46:53.639-04:00 DEBUG 21740 --- [atenciones] [           main] o.h.b.model.internal.BasicValueBinder    : Starting `BasicValueBinder#fillSimpleValue` for rut
2024-05-02T21:46:53.639-04:00 DEBUG 21740 --- [atenciones] [           main] org.hibernate.mapping.PrimaryKey         : Forcing column [id] to be non-null as it is part of the primary key for table [atencion]
2024-05-02T21:46:53.639-04:00 DEBUG 21740 --- [atenciones] [           main] org.hibernate.mapping.PrimaryKey         : Forcing column [id] to be non-null as it is part of the primary key for table [medico]
2024-05-02T21:46:53.639-04:00 DEBUG 21740 --- [atenciones] [           main] org.hibernate.mapping.PrimaryKey         : Forcing column [id] to be non-null as it is part of the primary key for table [paciente]
2024-05-02T21:46:53.651-04:00 DEBUG 21740 --- [atenciones] [           main] o.hibernate.internal.SessionFactoryImpl  : Building session factory
2024-05-02T21:46:53.653-04:00 DEBUG 21740 --- [atenciones] [           main] .h.s.i.SessionFactoryServiceRegistryImpl : EventListenerRegistry access via ServiceRegistry is deprecated.  Use `sessionFactory.getEventEngine().getListenerRegistry()` instead
2024-05-02T21:46:53.654-04:00 DEBUG 21740 --- [atenciones] [           main] o.hibernate.internal.SessionFactoryImpl  : Instantiating SessionFactory with settings: {java.specification.version=21, sun.cpu.isalist=amd64, hibernate.resource.beans.container=org.springframework.orm.hibernate5.SpringBeanContainer@45ec9b22, hibernate.connection.handling_mode=DELAYED_ACQUISITION_AND_HOLD, sun.jnu.encoding=Cp1252, hibernate.dialect=org.hibernate.dialect.OracleDialect, hibernate.implicit_naming_strategy=org.springframework.boot.orm.jpa.hibernate.SpringImplicitNamingStrategy, java.class.path=D:\desarrollo_fullstack_1\EXP_2\S6\repositorio\MS_ATENCION_MED\atenciones\target\test-classes;D:\desarrollo_fullstack_1\EXP_2\S6\repositorio\MS_ATENCION_MED\atenciones\target\classes;C:\Users\Fatniel\.m2\repository\org\springframework\boot\spring-boot-starter-actuator\3.2.5\spring-boot-starter-actuator-3.2.5.jar;C:\Users\Fatniel\.m2\repository\org\springframework\boot\spring-boot-starter\3.2.5\spring-boot-starter-3.2.5.jar;C:\Users\Fatniel\.m2\repository\org\springframework\boot\spring-boot-starter-logging\3.2.5\spring-boot-starter-logging-3.2.5.jar;C:\Users\Fatniel\.m2\repository\ch\qos\logback\logback-classic\1.4.14\logback-classic-1.4.14.jar;C:\Users\Fatniel\.m2\repository\ch\qos\logback\logback-core\1.4.14\logback-core-1.4.14.jar;C:\Users\Fatniel\.m2\repository\org\apache\logging\log4j\log4j-to-slf4j\2.21.1\log4j-to-slf4j-2.21.1.jar;C:\Users\Fatniel\.m2\repository\org\apache\logging\log4j\log4j-api\2.21.1\log4j-api-2.21.1.jar;C:\Users\Fatniel\.m2\repository\org\slf4j\jul-to-slf4j\2.0.13\jul-to-slf4j-2.0.13.jar;C:\Users\Fatniel\.m2\repository\jakarta\annotation\jakarta.annotation-api\2.1.1\jakarta.annotation-api-2.1.1.jar;C:\Users\Fatniel\.m2\repository\org\yaml\snakeyaml\2.2\snakeyaml-2.2.jar;C:\Users\Fatniel\.m2\repository\org\springframework\boot\spring-boot-actuator-autoconfigure\3.2.5\spring-boot-actuator-autoconfigure-3.2.5.jar;C:\Users\Fatniel\.m2\repository\org\springframework\boot\spring-boot-actuator\3.2.5\spring-boot-actuator-3.2.5.jar;C:\Users\Fatniel\.m2\repository\com\fasterxml\jackson\core\jackson-databind\2.15.4\jackson-databind-2.15.4.jar;C:\Users\Fatniel\.m2\repository\com\fasterxml\jackson\core\jackson-annotations\2.15.4\jackson-annotations-2.15.4.jar;C:\Users\Fatniel\.m2\repository\com\fasterxml\jackson\core\jackson-core\2.15.4\jackson-core-2.15.4.jar;C:\Users\Fatniel\.m2\repository\com\fasterxml\jackson\datatype\jackson-datatype-jsr310\2.15.4\jackson-datatype-jsr310-2.15.4.jar;C:\Users\Fatniel\.m2\repository\io\micrometer\micrometer-observation\1.12.5\micrometer-observation-1.12.5.jar;C:\Users\Fatniel\.m2\repository\io\micrometer\micrometer-commons\1.12.5\micrometer-commons-1.12.5.jar;C:\Users\Fatniel\.m2\repository\io\micrometer\micrometer-jakarta9\1.12.5\micrometer-jakarta9-1.12.5.jar;C:\Users\Fatniel\.m2\repository\io\micrometer\micrometer-core\1.12.5\micrometer-core-1.12.5.jar;C:\Users\Fatniel\.m2\repository\org\hdrhistogram\HdrHistogram\2.1.12\HdrHistogram-2.1.12.jar;C:\Users\Fatniel\.m2\repository\org\latencyutils\LatencyUtils\2.0.3\LatencyUtils-2.0.3.jar;C:\Users\Fatniel\.m2\repository\org\springframework\boot\spring-boot-starter-web\3.2.5\spring-boot-starter-web-3.2.5.jar;C:\Users\Fatniel\.m2\repository\org\springframework\boot\spring-boot-starter-json\3.2.5\spring-boot-starter-json-3.2.5.jar;C:\Users\Fatniel\.m2\repository\com\fasterxml\jackson\datatype\jackson-datatype-jdk8\2.15.4\jackson-datatype-jdk8-2.15.4.jar;C:\Users\Fatniel\.m2\repository\com\fasterxml\jackson\module\jackson-module-parameter-names\2.15.4\jackson-module-parameter-names-2.15.4.jar;C:\Users\Fatniel\.m2\repository\org\springframework\boot\spring-boot-starter-tomcat\3.2.5\spring-boot-starter-tomcat-3.2.5.jar;C:\Users\Fatniel\.m2\repository\org\apache\tomcat\embed\tomcat-embed-core\10.1.20\tomcat-embed-core-10.1.20.jar;C:\Users\Fatniel\.m2\repository\org\apache\tomcat\embed\tomcat-embed-websocket\10.1.20\tomcat-embed-websocket-10.1.20.jar;C:\Users\Fatniel\.m2\repository\org\springframework\spring-web\6.1.6\spring-web-6.1.6.jar;C:\Users\Fatniel\.m2\repository\org\springframework\spring-beans\6.1.6\spring-beans-6.1.6.jar;C:\Users\Fatniel\.m2\repository\org\springframework\spring-webmvc\6.1.6\spring-webmvc-6.1.6.jar;C:\Users\Fatniel\.m2\repository\org\springframework\spring-aop\6.1.6\spring-aop-6.1.6.jar;C:\Users\Fatniel\.m2\repository\org\springframework\spring-context\6.1.6\spring-context-6.1.6.jar;C:\Users\Fatniel\.m2\repository\org\springframework\spring-expression\6.1.6\spring-expression-6.1.6.jar;C:\Users\Fatniel\.m2\repository\org\springframework\boot\spring-boot-devtools\3.2.5\spring-boot-devtools-3.2.5.jar;C:\Users\Fatniel\.m2\repository\org\springframework\boot\spring-boot\3.2.5\spring-boot-3.2.5.jar;C:\Users\Fatniel\.m2\repository\org\springframework\boot\spring-boot-autoconfigure\3.2.5\spring-boot-autoconfigure-3.2.5.jar;C:\Users\Fatniel\.m2\repository\org\projectlombok\lombok\1.18.32\lombok-1.18.32.jar;C:\Users\Fatniel\.m2\repository\org\springframework\boot\spring-boot-starter-test\3.2.5\spring-boot-starter-test-3.2.5.jar;C:\Users\Fatniel\.m2\repository\org\springframework\boot\spring-boot-test\3.2.5\spring-boot-test-3.2.5.jar;C:\Users\Fatniel\.m2\repository\org\springframework\boot\spring-boot-test-autoconfigure\3.2.5\spring-boot-test-autoconfigure-3.2.5.jar;C:\Users\Fatniel\.m2\repository\com\jayway\jsonpath\json-path\2.9.0\json-path-2.9.0.jar;C:\Users\Fatniel\.m2\repository\org\slf4j\slf4j-api\2.0.13\slf4j-api-2.0.13.jar;C:\Users\Fatniel\.m2\repository\jakarta\xml\bind\jakarta.xml.bind-api\4.0.2\jakarta.xml.bind-api-4.0.2.jar;C:\Users\Fatniel\.m2\repository\jakarta\activation\jakarta.activation-api\2.1.3\jakarta.activation-api-2.1.3.jar;C:\Users\Fatniel\.m2\repository\net\minidev\json-smart\2.5.1\json-smart-2.5.1.jar;C:\Users\Fatniel\.m2\repository\net\minidev\accessors-smart\2.5.1\accessors-smart-2.5.1.jar;C:\Users\Fatniel\.m2\repository\org\ow2\asm\asm\9.6\asm-9.6.jar;C:\Users\Fatniel\.m2\repository\org\assertj\assertj-core\3.24.2\assertj-core-3.24.2.jar;C:\Users\Fatniel\.m2\repository\net\bytebuddy\byte-buddy\1.14.13\byte-buddy-1.14.13.jar;C:\Users\Fatniel\.m2\repository\org\awaitility\awaitility\4.2.1\awaitility-4.2.1.jar;C:\Users\Fatniel\.m2\repository\org\junit\jupiter\junit-jupiter\5.10.2\junit-jupiter-5.10.2.jar;C:\Users\Fatniel\.m2\repository\org\junit\jupiter\junit-jupiter-api\5.10.2\junit-jupiter-api-5.10.2.jar;C:\Users\Fatniel\.m2\repository\org\opentest4j\opentest4j\1.3.0\opentest4j-1.3.0.jar;C:\Users\Fatniel\.m2\repository\org\junit\platform\junit-platform-commons\1.10.2\junit-platform-commons-1.10.2.jar;C:\Users\Fatniel\.m2\repository\org\apiguardian\apiguardian-api\1.1.2\apiguardian-api-1.1.2.jar;C:\Users\Fatniel\.m2\repository\org\junit\jupiter\junit-jupiter-params\5.10.2\junit-jupiter-params-5.10.2.jar;C:\Users\Fatniel\.m2\repository\org\junit\jupiter\junit-jupiter-engine\5.10.2\junit-jupiter-engine-5.10.2.jar;C:\Users\Fatniel\.m2\repository\org\junit\platform\junit-platform-engine\1.10.2\junit-platform-engine-1.10.2.jar;C:\Users\Fatniel\.m2\repository\org\mockito\mockito-core\5.7.0\mockito-core-5.7.0.jar;C:\Users\Fatniel\.m2\repository\net\bytebuddy\byte-buddy-agent\1.14.13\byte-buddy-agent-1.14.13.jar;C:\Users\Fatniel\.m2\repository\org\objenesis\objenesis\3.3\objenesis-3.3.jar;C:\Users\Fatniel\.m2\repository\org\mockito\mockito-junit-jupiter\5.7.0\mockito-junit-jupiter-5.7.0.jar;C:\Users\Fatniel\.m2\repository\org\skyscreamer\jsonassert\1.5.1\jsonassert-1.5.1.jar;C:\Users\Fatniel\.m2\repository\com\vaadin\external\google\android-json\0.0.20131108.vaadin1\android-json-0.0.20131108.vaadin1.jar;C:\Users\Fatniel\.m2\repository\org\springframework\spring-core\6.1.6\spring-core-6.1.6.jar;C:\Users\Fatniel\.m2\repository\org\springframework\spring-jcl\6.1.6\spring-jcl-6.1.6.jar;C:\Users\Fatniel\.m2\repository\org\springframework\spring-test\6.1.6\spring-test-6.1.6.jar;C:\Users\Fatniel\.m2\repository\org\xmlunit\xmlunit-core\2.9.1\xmlunit-core-2.9.1.jar;C:\Users\Fatniel\.m2\repository\org\springframework\boot\spring-boot-starter-data-jpa\3.2.5\spring-boot-starter-data-jpa-3.2.5.jar;C:\Users\Fatniel\.m2\repository\org\springframework\boot\spring-boot-starter-aop\3.2.5\spring-boot-starter-aop-3.2.5.jar;C:\Users\Fatniel\.m2\repository\org\aspectj\aspectjweaver\1.9.22\aspectjweaver-1.9.22.jar;C:\Users\Fatniel\.m2\repository\org\springframework\boot\spring-boot-starter-jdbc\3.2.5\spring-boot-starter-jdbc-3.2.5.jar;C:\Users\Fatniel\.m2\repository\com\zaxxer\HikariCP\5.0.1\HikariCP-5.0.1.jar;C:\Users\Fatniel\.m2\repository\org\springframework\spring-jdbc\6.1.6\spring-jdbc-6.1.6.jar;C:\Users\Fatniel\.m2\repository\org\hibernate\orm\hibernate-core\6.4.4.Final\hibernate-core-6.4.4.Final.jar;C:\Users\Fatniel\.m2\repository\jakarta\persistence\jakarta.persistence-api\3.1.0\jakarta.persistence-api-3.1.0.jar;C:\Users\Fatniel\.m2\repository\jakarta\transaction\jakarta.transaction-api\2.0.1\jakarta.transaction-api-2.0.1.jar;C:\Users\Fatniel\.m2\repository\org\jboss\logging\jboss-logging\3.5.3.Final\jboss-logging-3.5.3.Final.jar;C:\Users\Fatniel\.m2\repository\org\hibernate\common\hibernate-commons-annotations\6.0.6.Final\hibernate-commons-annotations-6.0.6.Final.jar;C:\Users\Fatniel\.m2\repository\io\smallrye\jandex\3.1.2\jandex-3.1.2.jar;C:\Users\Fatniel\.m2\repository\com\fasterxml\classmate\1.6.0\classmate-1.6.0.jar;C:\Users\Fatniel\.m2\repository\org\glassfish\jaxb\jaxb-runtime\4.0.5\jaxb-runtime-4.0.5.jar;C:\Users\Fatniel\.m2\repository\org\glassfish\jaxb\jaxb-core\4.0.5\jaxb-core-4.0.5.jar;C:\Users\Fatniel\.m2\repository\org\eclipse\angus\angus-activation\2.0.2\angus-activation-2.0.2.jar;C:\Users\Fatniel\.m2\repository\org\glassfish\jaxb\txw2\4.0.5\txw2-4.0.5.jar;C:\Users\Fatniel\.m2\repository\com\sun\istack\istack-commons-runtime\4.1.2\istack-commons-runtime-4.1.2.jar;C:\Users\Fatniel\.m2\repository\jakarta\inject\jakarta.inject-api\2.0.1\jakarta.inject-api-2.0.1.jar;C:\Users\Fatniel\.m2\repository\org\antlr\antlr4-runtime\4.13.0\antlr4-runtime-4.13.0.jar;C:\Users\Fatniel\.m2\repository\org\springframework\data\spring-data-jpa\3.2.5\spring-data-jpa-3.2.5.jar;C:\Users\Fatniel\.m2\repository\org\springframework\data\spring-data-commons\3.2.5\spring-data-commons-3.2.5.jar;C:\Users\Fatniel\.m2\repository\org\springframework\spring-orm\6.1.6\spring-orm-6.1.6.jar;C:\Users\Fatniel\.m2\repository\org\springframework\spring-tx\6.1.6\spring-tx-6.1.6.jar;C:\Users\Fatniel\.m2\repository\org\springframework\spring-aspects\6.1.6\spring-aspects-6.1.6.jar;C:\Users\Fatniel\.m2\repository\com\oracle\database\jdbc\ojdbc11\21.9.0.0\ojdbc11-21.9.0.0.jar;C:\Users\Fatniel\.m2\repository\com\oracle\database\security\oraclepki\21.5.0.0\oraclepki-21.5.0.0.jar;C:\Users\Fatniel\.m2\repository\com\oracle\database\security\osdt_cert\21.5.0.0\osdt_cert-21.5.0.0.jar;C:\Users\Fatniel\.m2\repository\com\oracle\database\security\osdt_core\21.5.0.0\osdt_core-21.5.0.0.jar;C:\Users\Fatniel\.m2\repository\org\hamcrest\hamcrest\2.2\hamcrest-2.2.jar;C:\Users\Fatniel\.m2\repository\org\springframework\boot\spring-boot-starter-validation\3.2.5\spring-boot-starter-validation-3.2.5.jar;C:\Users\Fatniel\.m2\repository\org\apache\tomcat\embed\tomcat-embed-el\10.1.20\tomcat-embed-el-10.1.20.jar;C:\Users\Fatniel\.m2\repository\org\hibernate\validator\hibernate-validator\8.0.1.Final\hibernate-validator-8.0.1.Final.jar;C:\Users\Fatniel\.m2\repository\jakarta\validation\jakarta.validation-api\3.0.2\jakarta.validation-api-3.0.2.jar;C:\Users\Fatniel\.m2\repository\org\springframework\boot\spring-boot-starter-hateoas\3.2.5\spring-boot-starter-hateoas-3.2.5.jar;C:\Users\Fatniel\.m2\repository\org\springframework\hateoas\spring-hateoas\2.2.2\spring-hateoas-2.2.2.jar;C:\Users\Fatniel\.m2\repository\org\springframework\plugin\spring-plugin-core\3.0.0\spring-plugin-core-3.0.0.jar;, java.vm.vendor=Oracle Corporation, sun.arch.data.model=64, user.variant=, java.vendor.url=https://java.oracle.com/, user.timezone=America/Santiago, jakarta.persistence.sharedCache.mode=UNSPECIFIED, org.jboss.logging.provider=slf4j, java.vm.specification.version=21, os.name=Windows 10, jakarta.persistence.nonJtaDataSource=HikariDataSource (HikariPool-2), sun.java.launcher=SUN_STANDARD, user.country=CL, sun.boot.library.path=C:\Program Files\Java\jdk-21\bin, sun.java.command=C:\Users\Fatniel\AppData\Local\Temp\surefire1715200051988481547\surefirebooter-20240502214634651_3.jar C:\Users\Fatniel\AppData\Local\Temp\surefire1715200051988481547 2024-05-02T21-46-34_483-jvmRun1 surefire-20240502214634651_1tmp surefire_0-20240502214634651_2tmp, javax.persistence.nonJtaDataSource=HikariDataSource (HikariPool-2), hibernate.transaction.jta.platform=org.hibernate.engine.transaction.jta.platform.internal.NoJtaPlatform@554f6e30, jdk.debug=release, surefire.test.class.path=D:\desarrollo_fullstack_1\EXP_2\S6\repositorio\MS_ATENCION_MED\atenciones\target\test-classes;D:\desarrollo_fullstack_1\EXP_2\S6\repositorio\MS_ATENCION_MED\atenciones\target\classes;C:\Users\Fatniel\.m2\repository\org\springframework\boot\spring-boot-starter-actuator\3.2.5\spring-boot-starter-actuator-3.2.5.jar;C:\Users\Fatniel\.m2\repository\org\springframework\boot\spring-boot-starter\3.2.5\spring-boot-starter-3.2.5.jar;C:\Users\Fatniel\.m2\repository\org\springframework\boot\spring-boot-starter-logging\3.2.5\spring-boot-starter-logging-3.2.5.jar;C:\Users\Fatniel\.m2\repository\ch\qos\logback\logback-classic\1.4.14\logback-classic-1.4.14.jar;C:\Users\Fatniel\.m2\repository\ch\qos\logback\logback-core\1.4.14\logback-core-1.4.14.jar;C:\Users\Fatniel\.m2\repository\org\apache\logging\log4j\log4j-to-slf4j\2.21.1\log4j-to-slf4j-2.21.1.jar;C:\Users\Fatniel\.m2\repository\org\apache\logging\log4j\log4j-api\2.21.1\log4j-api-2.21.1.jar;C:\Users\Fatniel\.m2\repository\org\slf4j\jul-to-slf4j\2.0.13\jul-to-slf4j-2.0.13.jar;C:\Users\Fatniel\.m2\repository\jakarta\annotation\jakarta.annotation-api\2.1.1\jakarta.annotation-api-2.1.1.jar;C:\Users\Fatniel\.m2\repository\org\yaml\snakeyaml\2.2\snakeyaml-2.2.jar;C:\Users\Fatniel\.m2\repository\org\springframework\boot\spring-boot-actuator-autoconfigure\3.2.5\spring-boot-actuator-autoconfigure-3.2.5.jar;C:\Users\Fatniel\.m2\repository\org\springframework\boot\spring-boot-actuator\3.2.5\spring-boot-actuator-3.2.5.jar;C:\Users\Fatniel\.m2\repository\com\fasterxml\jackson\core\jackson-databind\2.15.4\jackson-databind-2.15.4.jar;C:\Users\Fatniel\.m2\repository\com\fasterxml\jackson\core\jackson-annotations\2.15.4\jackson-annotations-2.15.4.jar;C:\Users\Fatniel\.m2\repository\com\fasterxml\jackson\core\jackson-core\2.15.4\jackson-core-2.15.4.jar;C:\Users\Fatniel\.m2\repository\com\fasterxml\jackson\datatype\jackson-datatype-jsr310\2.15.4\jackson-datatype-jsr310-2.15.4.jar;C:\Users\Fatniel\.m2\repository\io\micrometer\micrometer-observation\1.12.5\micrometer-observation-1.12.5.jar;C:\Users\Fatniel\.m2\repository\io\micrometer\micrometer-commons\1.12.5\micrometer-commons-1.12.5.jar;C:\Users\Fatniel\.m2\repository\io\micrometer\micrometer-jakarta9\1.12.5\micrometer-jakarta9-1.12.5.jar;C:\Users\Fatniel\.m2\repository\io\micrometer\micrometer-core\1.12.5\micrometer-core-1.12.5.jar;C:\Users\Fatniel\.m2\repository\org\hdrhistogram\HdrHistogram\2.1.12\HdrHistogram-2.1.12.jar;C:\Users\Fatniel\.m2\repository\org\latencyutils\LatencyUtils\2.0.3\LatencyUtils-2.0.3.jar;C:\Users\Fatniel\.m2\repository\org\springframework\boot\spring-boot-starter-web\3.2.5\spring-boot-starter-web-3.2.5.jar;C:\Users\Fatniel\.m2\repository\org\springframework\boot\spring-boot-starter-json\3.2.5\spring-boot-starter-json-3.2.5.jar;C:\Users\Fatniel\.m2\repository\com\fasterxml\jackson\datatype\jackson-datatype-jdk8\2.15.4\jackson-datatype-jdk8-2.15.4.jar;C:\Users\Fatniel\.m2\repository\com\fasterxml\jackson\module\jackson-module-parameter-names\2.15.4\jackson-module-parameter-names-2.15.4.jar;C:\Users\Fatniel\.m2\repository\org\springframework\boot\spring-boot-starter-tomcat\3.2.5\spring-boot-starter-tomcat-3.2.5.jar;C:\Users\Fatniel\.m2\repository\org\apache\tomcat\embed\tomcat-embed-core\10.1.20\tomcat-embed-core-10.1.20.jar;C:\Users\Fatniel\.m2\repository\org\apache\tomcat\embed\tomcat-embed-websocket\10.1.20\tomcat-embed-websocket-10.1.20.jar;C:\Users\Fatniel\.m2\repository\org\springframework\spring-web\6.1.6\spring-web-6.1.6.jar;C:\Users\Fatniel\.m2\repository\org\springframework\spring-beans\6.1.6\spring-beans-6.1.6.jar;C:\Users\Fatniel\.m2\repository\org\springframework\spring-webmvc\6.1.6\spring-webmvc-6.1.6.jar;C:\Users\Fatniel\.m2\repository\org\springframework\spring-aop\6.1.6\spring-aop-6.1.6.jar;C:\Users\Fatniel\.m2\repository\org\springframework\spring-context\6.1.6\spring-context-6.1.6.jar;C:\Users\Fatniel\.m2\repository\org\springframework\spring-expression\6.1.6\spring-expression-6.1.6.jar;C:\Users\Fatniel\.m2\repository\org\springframework\boot\spring-boot-devtools\3.2.5\spring-boot-devtools-3.2.5.jar;C:\Users\Fatniel\.m2\repository\org\springframework\boot\spring-boot\3.2.5\spring-boot-3.2.5.jar;C:\Users\Fatniel\.m2\repository\org\springframework\boot\spring-boot-autoconfigure\3.2.5\spring-boot-autoconfigure-3.2.5.jar;C:\Users\Fatniel\.m2\repository\org\projectlombok\lombok\1.18.32\lombok-1.18.32.jar;C:\Users\Fatniel\.m2\repository\org\springframework\boot\spring-boot-starter-test\3.2.5\spring-boot-starter-test-3.2.5.jar;C:\Users\Fatniel\.m2\repository\org\springframework\boot\spring-boot-test\3.2.5\spring-boot-test-3.2.5.jar;C:\Users\Fatniel\.m2\repository\org\springframework\boot\spring-boot-test-autoconfigure\3.2.5\spring-boot-test-autoconfigure-3.2.5.jar;C:\Users\Fatniel\.m2\repository\com\jayway\jsonpath\json-path\2.9.0\json-path-2.9.0.jar;C:\Users\Fatniel\.m2\repository\org\slf4j\slf4j-api\2.0.13\slf4j-api-2.0.13.jar;C:\Users\Fatniel\.m2\repository\jakarta\xml\bind\jakarta.xml.bind-api\4.0.2\jakarta.xml.bind-api-4.0.2.jar;C:\Users\Fatniel\.m2\repository\jakarta\activation\jakarta.activation-api\2.1.3\jakarta.activation-api-2.1.3.jar;C:\Users\Fatniel\.m2\repository\net\minidev\json-smart\2.5.1\json-smart-2.5.1.jar;C:\Users\Fatniel\.m2\repository\net\minidev\accessors-smart\2.5.1\accessors-smart-2.5.1.jar;C:\Users\Fatniel\.m2\repository\org\ow2\asm\asm\9.6\asm-9.6.jar;C:\Users\Fatniel\.m2\repository\org\assertj\assertj-core\3.24.2\assertj-core-3.24.2.jar;C:\Users\Fatniel\.m2\repository\net\bytebuddy\byte-buddy\1.14.13\byte-buddy-1.14.13.jar;C:\Users\Fatniel\.m2\repository\org\awaitility\awaitility\4.2.1\awaitility-4.2.1.jar;C:\Users\Fatniel\.m2\repository\org\junit\jupiter\junit-jupiter\5.10.2\junit-jupiter-5.10.2.jar;C:\Users\Fatniel\.m2\repository\org\junit\jupiter\junit-jupiter-api\5.10.2\junit-jupiter-api-5.10.2.jar;C:\Users\Fatniel\.m2\repository\org\opentest4j\opentest4j\1.3.0\opentest4j-1.3.0.jar;C:\Users\Fatniel\.m2\repository\org\junit\platform\junit-platform-commons\1.10.2\junit-platform-commons-1.10.2.jar;C:\Users\Fatniel\.m2\repository\org\apiguardian\apiguardian-api\1.1.2\apiguardian-api-1.1.2.jar;C:\Users\Fatniel\.m2\repository\org\junit\jupiter\junit-jupiter-params\5.10.2\junit-jupiter-params-5.10.2.jar;C:\Users\Fatniel\.m2\repository\org\junit\jupiter\junit-jupiter-engine\5.10.2\junit-jupiter-engine-5.10.2.jar;C:\Users\Fatniel\.m2\repository\org\junit\platform\junit-platform-engine\1.10.2\junit-platform-engine-1.10.2.jar;C:\Users\Fatniel\.m2\repository\org\mockito\mockito-core\5.7.0\mockito-core-5.7.0.jar;C:\Users\Fatniel\.m2\repository\net\bytebuddy\byte-buddy-agent\1.14.13\byte-buddy-agent-1.14.13.jar;C:\Users\Fatniel\.m2\repository\org\objenesis\objenesis\3.3\objenesis-3.3.jar;C:\Users\Fatniel\.m2\repository\org\mockito\mockito-junit-jupiter\5.7.0\mockito-junit-jupiter-5.7.0.jar;C:\Users\Fatniel\.m2\repository\org\skyscreamer\jsonassert\1.5.1\jsonassert-1.5.1.jar;C:\Users\Fatniel\.m2\repository\com\vaadin\external\google\android-json\0.0.20131108.vaadin1\android-json-0.0.20131108.vaadin1.jar;C:\Users\Fatniel\.m2\repository\org\springframework\spring-core\6.1.6\spring-core-6.1.6.jar;C:\Users\Fatniel\.m2\repository\org\springframework\spring-jcl\6.1.6\spring-jcl-6.1.6.jar;C:\Users\Fatniel\.m2\repository\org\springframework\spring-test\6.1.6\spring-test-6.1.6.jar;C:\Users\Fatniel\.m2\repository\org\xmlunit\xmlunit-core\2.9.1\xmlunit-core-2.9.1.jar;C:\Users\Fatniel\.m2\repository\org\springframework\boot\spring-boot-starter-data-jpa\3.2.5\spring-boot-starter-data-jpa-3.2.5.jar;C:\Users\Fatniel\.m2\repository\org\springframework\boot\spring-boot-starter-aop\3.2.5\spring-boot-starter-aop-3.2.5.jar;C:\Users\Fatniel\.m2\repository\org\aspectj\aspectjweaver\1.9.22\aspectjweaver-1.9.22.jar;C:\Users\Fatniel\.m2\repository\org\springframework\boot\spring-boot-starter-jdbc\3.2.5\spring-boot-starter-jdbc-3.2.5.jar;C:\Users\Fatniel\.m2\repository\com\zaxxer\HikariCP\5.0.1\HikariCP-5.0.1.jar;C:\Users\Fatniel\.m2\repository\org\springframework\spring-jdbc\6.1.6\spring-jdbc-6.1.6.jar;C:\Users\Fatniel\.m2\repository\org\hibernate\orm\hibernate-core\6.4.4.Final\hibernate-core-6.4.4.Final.jar;C:\Users\Fatniel\.m2\repository\jakarta\persistence\jakarta.persistence-api\3.1.0\jakarta.persistence-api-3.1.0.jar;C:\Users\Fatniel\.m2\repository\jakarta\transaction\jakarta.transaction-api\2.0.1\jakarta.transaction-api-2.0.1.jar;C:\Users\Fatniel\.m2\repository\org\jboss\logging\jboss-logging\3.5.3.Final\jboss-logging-3.5.3.Final.jar;C:\Users\Fatniel\.m2\repository\org\hibernate\common\hibernate-commons-annotations\6.0.6.Final\hibernate-commons-annotations-6.0.6.Final.jar;C:\Users\Fatniel\.m2\repository\io\smallrye\jandex\3.1.2\jandex-3.1.2.jar;C:\Users\Fatniel\.m2\repository\com\fasterxml\classmate\1.6.0\classmate-1.6.0.jar;C:\Users\Fatniel\.m2\repository\org\glassfish\jaxb\jaxb-runtime\4.0.5\jaxb-runtime-4.0.5.jar;C:\Users\Fatniel\.m2\repository\org\glassfish\jaxb\jaxb-core\4.0.5\jaxb-core-4.0.5.jar;C:\Users\Fatniel\.m2\repository\org\eclipse\angus\angus-activation\2.0.2\angus-activation-2.0.2.jar;C:\Users\Fatniel\.m2\repository\org\glassfish\jaxb\txw2\4.0.5\txw2-4.0.5.jar;C:\Users\Fatniel\.m2\repository\com\sun\istack\istack-commons-runtime\4.1.2\istack-commons-runtime-4.1.2.jar;C:\Users\Fatniel\.m2\repository\jakarta\inject\jakarta.inject-api\2.0.1\jakarta.inject-api-2.0.1.jar;C:\Users\Fatniel\.m2\repository\org\antlr\antlr4-runtime\4.13.0\antlr4-runtime-4.13.0.jar;C:\Users\Fatniel\.m2\repository\org\springframework\data\spring-data-jpa\3.2.5\spring-data-jpa-3.2.5.jar;C:\Users\Fatniel\.m2\repository\org\springframework\data\spring-data-commons\3.2.5\spring-data-commons-3.2.5.jar;C:\Users\Fatniel\.m2\repository\org\springframework\spring-orm\6.1.6\spring-orm-6.1.6.jar;C:\Users\Fatniel\.m2\repository\org\springframework\spring-tx\6.1.6\spring-tx-6.1.6.jar;C:\Users\Fatniel\.m2\repository\org\springframework\spring-aspects\6.1.6\spring-aspects-6.1.6.jar;C:\Users\Fatniel\.m2\repository\com\oracle\database\jdbc\ojdbc11\21.9.0.0\ojdbc11-21.9.0.0.jar;C:\Users\Fatniel\.m2\repository\com\oracle\database\security\oraclepki\21.5.0.0\oraclepki-21.5.0.0.jar;C:\Users\Fatniel\.m2\repository\com\oracle\database\security\osdt_cert\21.5.0.0\osdt_cert-21.5.0.0.jar;C:\Users\Fatniel\.m2\repository\com\oracle\database\security\osdt_core\21.5.0.0\osdt_core-21.5.0.0.jar;C:\Users\Fatniel\.m2\repository\org\hamcrest\hamcrest\2.2\hamcrest-2.2.jar;C:\Users\Fatniel\.m2\repository\org\springframework\boot\spring-boot-starter-validation\3.2.5\spring-boot-starter-validation-3.2.5.jar;C:\Users\Fatniel\.m2\repository\org\apache\tomcat\embed\tomcat-embed-el\10.1.20\tomcat-embed-el-10.1.20.jar;C:\Users\Fatniel\.m2\repository\org\hibernate\validator\hibernate-validator\8.0.1.Final\hibernate-validator-8.0.1.Final.jar;C:\Users\Fatniel\.m2\repository\jakarta\validation\jakarta.validation-api\3.0.2\jakarta.validation-api-3.0.2.jar;C:\Users\Fatniel\.m2\repository\org\springframework\boot\spring-boot-starter-hateoas\3.2.5\spring-boot-starter-hateoas-3.2.5.jar;C:\Users\Fatniel\.m2\repository\org\springframework\hateoas\spring-hateoas\2.2.2\spring-hateoas-2.2.2.jar;C:\Users\Fatniel\.m2\repository\org\springframework\plugin\spring-plugin-core\3.0.0\spring-plugin-core-3.0.0.jar;, sun.cpu.endian=little, hibernate.cdi.extensions=true, user.home=C:\Users\Fatniel, user.language=es, java.specification.vendor=Oracle Corporation, java.version.date=2024-01-16, java.home=C:\Program Files\Java\jdk-21, file.separator=\, basedir=D:\desarrollo_fullstack_1\EXP_2\S6\repositorio\MS_ATENCION_MED\atenciones, java.vm.compressedOopsMode=Zero based, line.separator=
, hibernate.persistenceUnitName=default, java.vm.specification.vendor=Oracle Corporation, java.specification.name=Java Platform API Specification, FILE_LOG_CHARSET=UTF-8, hibernate.transaction.coordinator_class=class org.hibernate.resource.transaction.backend.jdbc.internal.JdbcResourceLocalTransactionCoordinatorBuilderImpl, java.awt.headless=true, surefire.real.class.path=C:\Users\Fatniel\AppData\Local\Temp\surefire1715200051988481547\surefirebooter-20240502214634651_3.jar, jakarta.persistence.validation.mode=AUTO, user.script=, sun.management.compiler=HotSpot 64-Bit Tiered Compilers, java.runtime.version=21.0.2+13-LTS-58, user.name=Fatniel, stdout.encoding=Cp1252, path.separator=;, os.version=10.0, java.runtime.name=Java(TM) SE Runtime Environment, file.encoding=UTF-8, java.vm.name=Java HotSpot(TM) 64-Bit Server VM, hibernate.show_sql=true, localRepository=C:\Users\Fatniel\.m2\repository, java.vendor.url.bug=https://bugreport.java.com/bugreport/, java.io.tmpdir=C:\Users\Fatniel\AppData\Local\Temp\, java.version=21.0.2, hibernate.physical_naming_strategy=org.hibernate.boot.model.naming.CamelCaseToUnderscoresNamingStrategy, user.dir=D:\desarrollo_fullstack_1\EXP_2\S6\repositorio\MS_ATENCION_MED\atenciones, os.arch=amd64, java.vm.specification.name=Java Virtual Machine Specification, PID=21740, sun.os.patch.level=, CONSOLE_LOG_CHARSET=UTF-8, hibernate.boot.CfgXmlAccessService.key=org.hibernate.boot.registry.StandardServiceRegistryBuilder$1@7537f638, native.encoding=Cp1252, java.library.path=C:\Program Files\Java\jdk-21\bin;C:\Windows\Sun\Java\bin;C:\Windows\system32;C:\Windows;C:\app\Fatniel\product\21c\dbhomeXE\bin;C:\Program Files\Common Files\Oracle\Java\javapath;C:\Python312\Scripts\;C:\Python312\;C:\Windows\system32;C:\Windows;C:\Windows\System32\Wbem;C:\Windows\System32\WindowsPowerShell\v1.0\;C:\Windows\System32\OpenSSH\;C:\Program Files\Azure Data Studio\bin;C:\Program Files\NVIDIA Corporation\NVIDIA NvDLISR;E:\ArchivosProgramas\Git\cmd;C:\Program Files (x86)\NVIDIA Corporation\PhysX\Common;C:\Program Files\Docker\Docker\resources\bin;C:\PHP_PROGRAM\wamp64\bin\php\php8.0.26;C:\PHP_PROGRAM\composer;C:\Program Files\dotnet\;E:\Program Files\nodejs\;C:\ProgramData\chocolatey\bin;C:\Program Files (x86)\Microsoft SQL Server\160\Tools\Binn\;C:\Program Files\Microsoft SQL Server\160\Tools\Binn\;C:\Program Files\Microsoft SQL Server\Client SDK\ODBC\170\Tools\Binn\;C:\Program Files\Microsoft SQL Server\160\DTS\Binn\;C:\Program Files\Git\cmd;C:\Users\Fatniel\AppData\Local\Microsoft\WindowsApps;E:\ArchivosProgramas\Microsoft VS Code\bin;C:\Program Files\Azure Data Studio\bin;C:\Users\Fatniel\AppData\Roaming\Composer\vendor\bin;C:\Users\Fatniel\AppData\Roaming\npm;C:\Program Files\apache-maven-3.9.6-bin\apache-maven-3.9.6\bin;;., stderr.encoding=Cp1252, java.vendor=Oracle Corporation, java.vm.info=mixed mode, sharing, java.vm.version=21.0.2+13-LTS-58, sun.io.unicode.encoding=UnicodeLittle, hibernate.archive.scanner=org.hibernate.boot.archive.scan.internal.DisabledScanner, hibernate.connection.datasource=HikariDataSource (HikariPool-2), java.class.version=65.0, LOGGED_APPLICATION_NAME=[atenciones] }
2024-05-02T21:46:53.657-04:00 DEBUG 21740 --- [atenciones] [           main] o.hibernate.internal.SessionFactoryImpl  : Session factory constructed with filter configurations : {}
2024-05-02T21:46:53.657-04:00 DEBUG 21740 --- [atenciones] [           main] o.h.v.i.xml.config.ValidationXmlParser   : Trying to load META-INF/validation.xml for XML based Validator configuration.
2024-05-02T21:46:53.657-04:00 DEBUG 21740 --- [atenciones] [           main] o.h.v.i.xml.config.ResourceLoaderHelper  : Trying to load META-INF/validation.xml via TCCL
2024-05-02T21:46:53.658-04:00 DEBUG 21740 --- [atenciones] [           main] o.h.v.i.xml.config.ResourceLoaderHelper  : Trying to load META-INF/validation.xml via Hibernate Validator's class loader
2024-05-02T21:46:53.658-04:00 DEBUG 21740 --- [atenciones] [           main] o.h.v.i.xml.config.ValidationXmlParser   : No META-INF/validation.xml found. Using annotation based configuration only.
2024-05-02T21:46:53.658-04:00 DEBUG 21740 --- [atenciones] [           main] o.h.v.i.e.resolver.TraversableResolvers  : Found jakarta.persistence.Persistence on classpath containing 'getPersistenceUtil'. Assuming JPA 2 environment. Trying to instantiate JPA aware TraversableResolver
2024-05-02T21:46:53.658-04:00 DEBUG 21740 --- [atenciones] [           main] o.h.v.i.e.resolver.TraversableResolvers  : Instantiated JPA aware TraversableResolver of type org.hibernate.validator.internal.engine.resolver.JPATraversableResolver.
2024-05-02T21:46:53.658-04:00 DEBUG 21740 --- [atenciones] [           main] .h.v.m.ResourceBundleMessageInterpolator : Loaded expression factory via original TCCL
2024-05-02T21:46:53.659-04:00 DEBUG 21740 --- [atenciones] [           main] .i.e.ValidatorFactoryConfigurationHelper : HV000252: Using org.hibernate.validator.internal.engine.DefaultPropertyNodeNameProvider as property node name provider.
2024-05-02T21:46:53.660-04:00 DEBUG 21740 --- [atenciones] [           main] .i.e.ValidatorFactoryConfigurationHelper : HV000234: Using org.hibernate.validator.messageinterpolation.ResourceBundleMessageInterpolator as ValidatorFactory-scoped message interpolator.
2024-05-02T21:46:53.660-04:00 DEBUG 21740 --- [atenciones] [           main] .i.e.ValidatorFactoryConfigurationHelper : HV000234: Using org.hibernate.validator.internal.engine.resolver.JPATraversableResolver as ValidatorFactory-scoped traversable resolver.
2024-05-02T21:46:53.660-04:00 DEBUG 21740 --- [atenciones] [           main] .i.e.ValidatorFactoryConfigurationHelper : HV000234: Using org.hibernate.validator.internal.util.ExecutableParameterNameProvider as ValidatorFactory-scoped parameter name provider.
2024-05-02T21:46:53.660-04:00 DEBUG 21740 --- [atenciones] [           main] .i.e.ValidatorFactoryConfigurationHelper : HV000234: Using org.hibernate.validator.internal.engine.DefaultClockProvider as ValidatorFactory-scoped clock provider.
2024-05-02T21:46:53.660-04:00 DEBUG 21740 --- [atenciones] [           main] .i.e.ValidatorFactoryConfigurationHelper : HV000234: Using org.hibernate.validator.internal.engine.scripting.DefaultScriptEvaluatorFactory as ValidatorFactory-scoped script evaluator factory.
2024-05-02T21:46:53.660-04:00 DEBUG 21740 --- [atenciones] [           main] o.h.boot.internal.ClassLoaderAccessImpl  : Not known whether passed class name [com.medicas.atenciones.model.Medico] is safe
2024-05-02T21:46:53.660-04:00 DEBUG 21740 --- [atenciones] [           main] o.h.boot.internal.ClassLoaderAccessImpl  : No temp ClassLoader provided; using live ClassLoader for loading potentially unsafe class : com.medicas.atenciones.model.Medico
2024-05-02T21:46:53.669-04:00 DEBUG 21740 --- [atenciones] [           main] o.h.boot.internal.ClassLoaderAccessImpl  : Not known whether passed class name [com.medicas.atenciones.model.Paciente] is safe
2024-05-02T21:46:53.670-04:00 DEBUG 21740 --- [atenciones] [           main] o.h.boot.internal.ClassLoaderAccessImpl  : No temp ClassLoader provided; using live ClassLoader for loading potentially unsafe class : com.medicas.atenciones.model.Paciente
2024-05-02T21:46:53.676-04:00 DEBUG 21740 --- [atenciones] [           main] o.h.boot.internal.ClassLoaderAccessImpl  : Not known whether passed class name [com.medicas.atenciones.model.Atencion] is safe
2024-05-02T21:46:53.676-04:00 DEBUG 21740 --- [atenciones] [           main] o.h.boot.internal.ClassLoaderAccessImpl  : No temp ClassLoader provided; using live ClassLoader for loading potentially unsafe class : com.medicas.atenciones.model.Atencion
2024-05-02T21:46:53.683-04:00 DEBUG 21740 --- [atenciones] [           main] .h.s.i.SessionFactoryServiceRegistryImpl : EventListenerRegistry access via ServiceRegistry is deprecated.  Use `sessionFactory.getEventEngine().getListenerRegistry()` instead
2024-05-02T21:46:53.683-04:00 DEBUG 21740 --- [atenciones] [           main] .h.t.s.s.SchemaManagementToolCoordinator : No schema actions specified for contributor `orm`; doing nothing
2024-05-02T21:46:53.684-04:00 DEBUG 21740 --- [atenciones] [           main] o.h.q.sqm.function.SqmFunctionRegistry   : Registered SqmFunctionTemplate [NamedSqmFunctionTemplate(max)] under max; prior registration was null
2024-05-02T21:46:53.684-04:00 DEBUG 21740 --- [atenciones] [           main] o.h.q.sqm.function.SqmFunctionRegistry   : Registered SqmFunctionTemplate [NamedSqmFunctionTemplate(min)] under min; prior registration was null
2024-05-02T21:46:53.684-04:00 DEBUG 21740 --- [atenciones] [           main] o.h.q.sqm.function.SqmFunctionRegistry   : Registered SqmFunctionTemplate [NamedSqmFunctionTemplate(sum)] under sum; prior registration was null
2024-05-02T21:46:53.684-04:00 DEBUG 21740 --- [atenciones] [           main] o.h.q.sqm.function.SqmFunctionRegistry   : Registered SqmFunctionTemplate [NamedSqmFunctionTemplate(avg)] under avg; prior registration was null
2024-05-02T21:46:53.684-04:00 DEBUG 21740 --- [atenciones] [           main] o.h.q.sqm.function.SqmFunctionRegistry   : Registered SqmFunctionTemplate [org.hibernate.dialect.function.CountFunction@48f08e9] under count; prior registration was null
2024-05-02T21:46:53.684-04:00 DEBUG 21740 --- [atenciones] [           main] o.h.q.sqm.function.SqmFunctionRegistry   : Registered SqmFunctionTemplate [org.hibernate.dialect.function.EveryAnyEmulation@ab2d814] under every; prior registration was null
2024-05-02T21:46:53.684-04:00 DEBUG 21740 --- [atenciones] [           main] o.h.q.sqm.function.SqmFunctionRegistry   : Registered SqmFunctionTemplate [org.hibernate.dialect.function.EveryAnyEmulation@1a48e48e] under any; prior registration was null
2024-05-02T21:46:53.684-04:00 DEBUG 21740 --- [atenciones] [           main] o.h.q.sqm.function.SqmFunctionRegistry   : Registered SqmFunctionTemplate [NamedSqmFunctionTemplate(floor)] under floor; prior registration was null
2024-05-02T21:46:53.684-04:00 DEBUG 21740 --- [atenciones] [           main] o.h.q.sqm.function.SqmFunctionRegistry   : Registered SqmFunctionTemplate [NamedSqmFunctionTemplate(ceiling)] under ceiling; prior registration was null
2024-05-02T21:46:53.684-04:00 DEBUG 21740 --- [atenciones] [           main] o.h.q.sqm.function.SqmFunctionRegistry   : Registered SqmFunctionTemplate [NamedSqmFunctionTemplate(mod)] under mod; prior registration was null
2024-05-02T21:46:53.684-04:00 DEBUG 21740 --- [atenciones] [           main] o.h.q.sqm.function.SqmFunctionRegistry   : Registered SqmFunctionTemplate [NamedSqmFunctionTemplate(abs)] under abs; prior registration was null
2024-05-02T21:46:53.684-04:00 DEBUG 21740 --- [atenciones] [           main] o.h.q.sqm.function.SqmFunctionRegistry   : Registered SqmFunctionTemplate [NamedSqmFunctionTemplate(sign)] under sign; prior registration was null
2024-05-02T21:46:53.684-04:00 DEBUG 21740 --- [atenciones] [           main] o.h.q.sqm.function.SqmFunctionRegistry   : Registered SqmFunctionTemplate [NamedSqmFunctionTemplate(sqrt)] under sqrt; prior registration was null
2024-05-02T21:46:53.684-04:00 DEBUG 21740 --- [atenciones] [           main] o.h.q.sqm.function.SqmFunctionRegistry   : Registered SqmFunctionTemplate [NamedSqmFunctionTemplate(ln)] under ln; prior registration was null
2024-05-02T21:46:53.684-04:00 DEBUG 21740 --- [atenciones] [           main] o.h.q.sqm.function.SqmFunctionRegistry   : Registered SqmFunctionTemplate [NamedSqmFunctionTemplate(exp)] under exp; prior registration was null
2024-05-02T21:46:53.684-04:00 DEBUG 21740 --- [atenciones] [           main] o.h.q.sqm.function.SqmFunctionRegistry   : Registered SqmFunctionTemplate [NamedSqmFunctionTemplate(power)] under power; prior registration was null
2024-05-02T21:46:53.684-04:00 DEBUG 21740 --- [atenciones] [           main] o.h.q.sqm.function.SqmFunctionRegistry   : Registered SqmFunctionTemplate [NamedSqmFunctionTemplate(round)] under round; prior registration was null
2024-05-02T21:46:53.684-04:00 DEBUG 21740 --- [atenciones] [           main] o.h.q.sqm.function.SqmFunctionRegistry   : Registered SqmFunctionTemplate [NamedSqmFunctionTemplate(sin)] under sin; prior registration was null
2024-05-02T21:46:53.684-04:00 DEBUG 21740 --- [atenciones] [           main] o.h.q.sqm.function.SqmFunctionRegistry   : Registered SqmFunctionTemplate [NamedSqmFunctionTemplate(cos)] under cos; prior registration was null
2024-05-02T21:46:53.685-04:00 DEBUG 21740 --- [atenciones] [           main] o.h.q.sqm.function.SqmFunctionRegistry   : Registered SqmFunctionTemplate [NamedSqmFunctionTemplate(tan)] under tan; prior registration was null
2024-05-02T21:46:53.685-04:00 DEBUG 21740 --- [atenciones] [           main] o.h.q.sqm.function.SqmFunctionRegistry   : Registered SqmFunctionTemplate [NamedSqmFunctionTemplate(asin)] under asin; prior registration was null
2024-05-02T21:46:53.685-04:00 DEBUG 21740 --- [atenciones] [           main] o.h.q.sqm.function.SqmFunctionRegistry   : Registered SqmFunctionTemplate [NamedSqmFunctionTemplate(acos)] under acos; prior registration was null
2024-05-02T21:46:53.685-04:00 DEBUG 21740 --- [atenciones] [           main] o.h.q.sqm.function.SqmFunctionRegistry   : Registered SqmFunctionTemplate [NamedSqmFunctionTemplate(atan)] under atan; prior registration was null
2024-05-02T21:46:53.685-04:00 DEBUG 21740 --- [atenciones] [           main] o.h.q.sqm.function.SqmFunctionRegistry   : Registered SqmFunctionTemplate [NamedSqmFunctionTemplate(atan2)] under atan2; prior registration was null
2024-05-02T21:46:53.685-04:00 DEBUG 21740 --- [atenciones] [           main] o.h.q.sqm.function.SqmFunctionRegistry   : Registered SqmFunctionTemplate [org.hibernate.query.sqm.function.PatternBasedSqmFunctionDescriptor@6c30efc4] under sinh; prior registration was null
2024-05-02T21:46:53.685-04:00 DEBUG 21740 --- [atenciones] [           main] o.h.q.sqm.function.SqmFunctionRegistry   : Registered SqmFunctionTemplate [org.hibernate.query.sqm.function.PatternBasedSqmFunctionDescriptor@10847aeb] under cosh; prior registration was null
2024-05-02T21:46:53.685-04:00 DEBUG 21740 --- [atenciones] [           main] o.h.q.sqm.function.SqmFunctionRegistry   : Registered SqmFunctionTemplate [org.hibernate.query.sqm.function.PatternBasedSqmFunctionDescriptor@cea6297] under tanh; prior registration was null
2024-05-02T21:46:53.685-04:00 DEBUG 21740 --- [atenciones] [           main] o.h.q.sqm.function.SqmFunctionRegistry   : Registered SqmFunctionTemplate [org.hibernate.query.sqm.function.PatternBasedSqmFunctionDescriptor@51db8b10] under pi; prior registration was null
2024-05-02T21:46:53.685-04:00 DEBUG 21740 --- [atenciones] [           main] o.h.q.sqm.function.SqmFunctionRegistry   : Registered SqmFunctionTemplate [org.hibernate.query.sqm.function.PatternBasedSqmFunctionDescriptor@3afe1020] under log; prior registration was null
2024-05-02T21:46:53.685-04:00 DEBUG 21740 --- [atenciones] [           main] o.h.q.sqm.function.SqmFunctionRegistry   : Registered SqmFunctionTemplate [NamedSqmFunctionTemplate(coalesce)] under coalesce; prior registration was null
2024-05-02T21:46:53.685-04:00 DEBUG 21740 --- [atenciones] [           main] o.h.q.sqm.function.SqmFunctionRegistry   : Registered SqmFunctionTemplate [NamedSqmFunctionTemplate(nullif)] under nullif; prior registration was null
2024-05-02T21:46:53.685-04:00 DEBUG 21740 --- [atenciones] [           main] o.h.q.sqm.function.SqmFunctionRegistry   : Registered SqmFunctionTemplate [NamedSqmFunctionTemplate(left)] under left; prior registration was null
2024-05-02T21:46:53.685-04:00 DEBUG 21740 --- [atenciones] [           main] o.h.q.sqm.function.SqmFunctionRegistry   : Registered SqmFunctionTemplate [NamedSqmFunctionTemplate(right)] under right; prior registration was null
2024-05-02T21:46:53.685-04:00 DEBUG 21740 --- [atenciones] [           main] o.h.q.sqm.function.SqmFunctionRegistry   : Registered SqmFunctionTemplate [NamedSqmFunctionTemplate(replace)] under replace; prior registration was null
2024-05-02T21:46:53.685-04:00 DEBUG 21740 --- [atenciones] [           main] o.h.q.sqm.function.SqmFunctionRegistry   : Registered SqmFunctionTemplate [NamedSqmFunctionTemplate(concat)] under concat; prior registration was null
2024-05-02T21:46:53.686-04:00 DEBUG 21740 --- [atenciones] [           main] o.h.q.sqm.function.SqmFunctionRegistry   : Registered SqmFunctionTemplate [NamedSqmFunctionTemplate(lower)] under lower; prior registration was null
2024-05-02T21:46:53.686-04:00 DEBUG 21740 --- [atenciones] [           main] o.h.q.sqm.function.SqmFunctionRegistry   : Registered SqmFunctionTemplate [NamedSqmFunctionTemplate(upper)] under upper; prior registration was null
2024-05-02T21:46:53.686-04:00 DEBUG 21740 --- [atenciones] [           main] o.h.q.sqm.function.SqmFunctionRegistry   : Registered SqmFunctionTemplate [NamedSqmFunctionTemplate(substring)] under substring; prior registration was null
2024-05-02T21:46:53.686-04:00 DEBUG 21740 --- [atenciones] [           main] o.h.q.sqm.function.SqmFunctionRegistry   : Registered SqmFunctionTemplate [NamedSqmFunctionTemplate(locate)] under locate; prior registration was null
2024-05-02T21:46:53.686-04:00 DEBUG 21740 --- [atenciones] [           main] o.h.q.sqm.function.SqmFunctionRegistry   : Registered SqmFunctionTemplate [NamedSqmFunctionTemplate(character_length)] under character_length; prior registration was null
2024-05-02T21:46:53.686-04:00 DEBUG 21740 --- [atenciones] [           main] o.h.q.sqm.function.SqmFunctionRegistry   : Registering alternate key : length -> character_length
2024-05-02T21:46:53.686-04:00 DEBUG 21740 --- [atenciones] [           main] o.h.q.sqm.function.SqmFunctionRegistry   : Registered SqmFunctionTemplate [org.hibernate.dialect.function.LocatePositionEmulation@91e76b6] under position; prior registration was null
2024-05-02T21:46:53.686-04:00 DEBUG 21740 --- [atenciones] [           main] o.h.q.sqm.function.SqmFunctionRegistry   : Registered SqmFunctionTemplate [org.hibernate.dialect.function.InsertSubstringOverlayEmulation@563f53d8] under overlay; prior registration was null
2024-05-02T21:46:53.686-04:00 DEBUG 21740 --- [atenciones] [           main] o.h.q.sqm.function.SqmFunctionRegistry   : Registered SqmFunctionTemplate [org.hibernate.dialect.function.TrimFunction@5bb1c104] under trim; prior registration was null
2024-05-02T21:46:53.686-04:00 DEBUG 21740 --- [atenciones] [           main] o.h.q.sqm.function.SqmFunctionRegistry   : Registered SqmFunctionTemplate [org.hibernate.dialect.function.CastFunction@1184b542] under cast; prior registration was null
2024-05-02T21:46:53.686-04:00 DEBUG 21740 --- [atenciones] [           main] o.h.q.sqm.function.SqmFunctionRegistry   : Registered SqmFunctionTemplate [org.hibernate.query.sqm.function.PatternBasedSqmFunctionDescriptor@6bd5ca02] under collate; prior registration was null
2024-05-02T21:46:53.686-04:00 DEBUG 21740 --- [atenciones] [           main] o.h.q.sqm.function.SqmFunctionRegistry   : Registered SqmFunctionTemplate [org.hibernate.dialect.function.ExtractFunction@4758f533] under extract; prior registration was null
2024-05-02T21:46:53.686-04:00 DEBUG 21740 --- [atenciones] [           main] o.h.q.sqm.function.SqmFunctionRegistry   : Registered SqmFunctionTemplate [NamedSqmFunctionTemplate(least)] under least; prior registration was null
2024-05-02T21:46:53.686-04:00 DEBUG 21740 --- [atenciones] [           main] o.h.q.sqm.function.SqmFunctionRegistry   : Registered SqmFunctionTemplate [NamedSqmFunctionTemplate(greatest)] under greatest; prior registration was null
2024-05-02T21:46:53.686-04:00 DEBUG 21740 --- [atenciones] [           main] o.h.q.sqm.function.SqmFunctionRegistry   : Registered SqmFunctionTemplate [org.hibernate.dialect.function.CoalesceIfnullEmulation@12b4a53d] under ifnull; prior registration was null
2024-05-02T21:46:53.686-04:00 DEBUG 21740 --- [atenciones] [           main] o.h.q.sqm.function.SqmFunctionRegistry   : Registered SqmFunctionTemplate [NamedSqmFunctionTemplate(lpad)] under lpad; prior registration was null
2024-05-02T21:46:53.687-04:00 DEBUG 21740 --- [atenciones] [           main] o.h.q.sqm.function.SqmFunctionRegistry   : Registered SqmFunctionTemplate [NamedSqmFunctionTemplate(rpad)] under rpad; prior registration was null
2024-05-02T21:46:53.687-04:00 DEBUG 21740 --- [atenciones] [           main] o.h.q.sqm.function.SqmFunctionRegistry   : Registered SqmFunctionTemplate [org.hibernate.dialect.function.LpadRpadPadEmulation@262e2c8c] under pad; prior registration was null
2024-05-02T21:46:53.687-04:00 DEBUG 21740 --- [atenciones] [           main] o.h.q.sqm.function.SqmFunctionRegistry   : Registered SqmFunctionTemplate [org.hibernate.dialect.function.CastStrEmulation@636e6791] under str; prior registration was null
2024-05-02T21:46:53.687-04:00 DEBUG 21740 --- [atenciones] [           main] o.h.q.sqm.function.SqmFunctionRegistry   : Registered SqmFunctionTemplate [org.hibernate.dialect.function.FormatFunction@631ff7a2] under format; prior registration was null
2024-05-02T21:46:53.687-04:00 DEBUG 21740 --- [atenciones] [           main] o.h.q.sqm.function.SqmFunctionRegistry   : Registered SqmFunctionTemplate [org.hibernate.dialect.function.TimestampaddFunction@54353bb1] under timestampadd; prior registration was null
2024-05-02T21:46:53.687-04:00 DEBUG 21740 --- [atenciones] [           main] o.h.q.sqm.function.SqmFunctionRegistry   : Registered SqmFunctionTemplate [org.hibernate.dialect.function.TimestampdiffFunction@3a837f7] under timestampdiff; prior registration was null
2024-05-02T21:46:53.687-04:00 DEBUG 21740 --- [atenciones] [           main] o.h.q.sqm.function.SqmFunctionRegistry   : Registering alternate key : dateadd -> timestampadd
2024-05-02T21:46:53.687-04:00 DEBUG 21740 --- [atenciones] [           main] o.h.q.sqm.function.SqmFunctionRegistry   : Registering alternate key : datediff -> timestampdiff
2024-05-02T21:46:53.687-04:00 DEBUG 21740 --- [atenciones] [           main] o.h.q.sqm.function.SqmFunctionRegistry   : Registered SqmFunctionTemplate [org.hibernate.dialect.function.CurrentFunction@13ea9afc] under current_date; prior registration was null
2024-05-02T21:46:53.687-04:00 DEBUG 21740 --- [atenciones] [           main] o.h.q.sqm.function.SqmFunctionRegistry   : Registered SqmFunctionTemplate [org.hibernate.dialect.function.CurrentFunction@f54cdc4] under current_time; prior registration was null
2024-05-02T21:46:53.687-04:00 DEBUG 21740 --- [atenciones] [           main] o.h.q.sqm.function.SqmFunctionRegistry   : Registered SqmFunctionTemplate [org.hibernate.dialect.function.CurrentFunction@7241872c] under current_timestamp; prior registration was null
2024-05-02T21:46:53.687-04:00 DEBUG 21740 --- [atenciones] [           main] o.h.q.sqm.function.SqmFunctionRegistry   : Registering alternate key : current date -> current_date
2024-05-02T21:46:53.687-04:00 DEBUG 21740 --- [atenciones] [           main] o.h.q.sqm.function.SqmFunctionRegistry   : Registering alternate key : current time -> current_time
2024-05-02T21:46:53.687-04:00 DEBUG 21740 --- [atenciones] [           main] o.h.q.sqm.function.SqmFunctionRegistry   : Registering alternate key : current timestamp -> current_timestamp
2024-05-02T21:46:53.687-04:00 DEBUG 21740 --- [atenciones] [           main] o.h.q.sqm.function.SqmFunctionRegistry   : Registered SqmFunctionTemplate [org.hibernate.dialect.function.CurrentFunction@3094111c] under local_date; prior registration was null
2024-05-02T21:46:53.687-04:00 DEBUG 21740 --- [atenciones] [           main] o.h.q.sqm.function.SqmFunctionRegistry   : Registered SqmFunctionTemplate [org.hibernate.dialect.function.CurrentFunction@776e4088] under local_time; prior registration was null
2024-05-02T21:46:53.687-04:00 DEBUG 21740 --- [atenciones] [           main] o.h.q.sqm.function.SqmFunctionRegistry   : Registered SqmFunctionTemplate [org.hibernate.dialect.function.CurrentFunction@5e7d994c] under local_datetime; prior registration was null
2024-05-02T21:46:53.687-04:00 DEBUG 21740 --- [atenciones] [           main] o.h.q.sqm.function.SqmFunctionRegistry   : Registered SqmFunctionTemplate [org.hibernate.dialect.function.CurrentFunction@207b0d48] under offset_datetime; prior registration was null
2024-05-02T21:46:53.687-04:00 DEBUG 21740 --- [atenciones] [           main] o.h.q.sqm.function.SqmFunctionRegistry   : Registering alternate key : local date -> local_date
2024-05-02T21:46:53.687-04:00 DEBUG 21740 --- [atenciones] [           main] o.h.q.sqm.function.SqmFunctionRegistry   : Registering alternate key : local time -> local_time
2024-05-02T21:46:53.687-04:00 DEBUG 21740 --- [atenciones] [           main] o.h.q.sqm.function.SqmFunctionRegistry   : Registering alternate key : local datetime -> local_datetime
2024-05-02T21:46:53.687-04:00 DEBUG 21740 --- [atenciones] [           main] o.h.q.sqm.function.SqmFunctionRegistry   : Registering alternate key : offset datetime -> offset_datetime
2024-05-02T21:46:53.687-04:00 DEBUG 21740 --- [atenciones] [           main] o.h.q.sqm.function.SqmFunctionRegistry   : Registered SqmFunctionTemplate [org.hibernate.dialect.function.CurrentFunction@3077e4aa] under instant; prior registration was null
2024-05-02T21:46:53.687-04:00 DEBUG 21740 --- [atenciones] [           main] o.h.q.sqm.function.SqmFunctionRegistry   : Registering alternate key : current_instant -> instant
2024-05-02T21:46:53.687-04:00 DEBUG 21740 --- [atenciones] [           main] o.h.q.sqm.function.SqmFunctionRegistry   : Registered SqmFunctionTemplate [org.hibernate.dialect.function.SqlFunction@3518882c] under sql; prior registration was null
2024-05-02T21:46:53.687-04:00 DEBUG 21740 --- [atenciones] [           main] o.h.q.sqm.function.SqmFunctionRegistry   : Registered SqmFunctionTemplate [NamedSqmFunctionTemplate(ascii)] under ascii; prior registration was null
2024-05-02T21:46:53.687-04:00 DEBUG 21740 --- [atenciones] [           main] o.h.q.sqm.function.SqmFunctionRegistry   : Registered SqmFunctionTemplate [NamedSqmFunctionTemplate(chr)] under chr; prior registration was null
2024-05-02T21:46:53.687-04:00 DEBUG 21740 --- [atenciones] [           main] o.h.q.sqm.function.SqmFunctionRegistry   : Registering alternate key : char -> chr
2024-05-02T21:46:53.687-04:00 DEBUG 21740 --- [atenciones] [           main] o.h.q.sqm.function.SqmFunctionRegistry   : Registered SqmFunctionTemplate [NamedSqmFunctionTemplate(cosh)] under cosh; prior registration was org.hibernate.query.sqm.function.PatternBasedSqmFunctionDescriptor@10847aeb
2024-05-02T21:46:53.687-04:00 DEBUG 21740 --- [atenciones] [           main] o.h.q.sqm.function.SqmFunctionRegistry   : Registered SqmFunctionTemplate [NamedSqmFunctionTemplate(sinh)] under sinh; prior registration was org.hibernate.query.sqm.function.PatternBasedSqmFunctionDescriptor@6c30efc4
2024-05-02T21:46:53.687-04:00 DEBUG 21740 --- [atenciones] [           main] o.h.q.sqm.function.SqmFunctionRegistry   : Registered SqmFunctionTemplate [NamedSqmFunctionTemplate(tanh)] under tanh; prior registration was org.hibernate.query.sqm.function.PatternBasedSqmFunctionDescriptor@cea6297
2024-05-02T21:46:53.687-04:00 DEBUG 21740 --- [atenciones] [           main] o.h.q.sqm.function.SqmFunctionRegistry   : Registered SqmFunctionTemplate [NamedSqmFunctionTemplate(log)] under log; prior registration was org.hibernate.query.sqm.function.PatternBasedSqmFunctionDescriptor@3afe1020
2024-05-02T21:46:53.687-04:00 DEBUG 21740 --- [atenciones] [           main] o.h.q.sqm.function.SqmFunctionRegistry   : Registered SqmFunctionTemplate [org.hibernate.query.sqm.function.PatternBasedSqmFunctionDescriptor@71dc03a] under log10; prior registration was null
2024-05-02T21:46:53.687-04:00 DEBUG 21740 --- [atenciones] [           main] o.h.q.sqm.function.SqmFunctionRegistry   : Registered SqmFunctionTemplate [NamedSqmFunctionTemplate(soundex)] under soundex; prior registration was null
2024-05-02T21:46:53.687-04:00 DEBUG 21740 --- [atenciones] [           main] o.h.q.sqm.function.SqmFunctionRegistry   : Registered SqmFunctionTemplate [NamedSqmFunctionTemplate(ltrim)] under ltrim; prior registration was null
2024-05-02T21:46:53.687-04:00 DEBUG 21740 --- [atenciones] [           main] o.h.q.sqm.function.SqmFunctionRegistry   : Registered SqmFunctionTemplate [NamedSqmFunctionTemplate(rtrim)] under rtrim; prior registration was null
2024-05-02T21:46:53.687-04:00 DEBUG 21740 --- [atenciones] [           main] o.h.q.sqm.function.SqmFunctionRegistry   : Registered SqmFunctionTemplate [NamedSqmFunctionTemplate(initcap)] under initcap; prior registration was null
2024-05-02T21:46:53.688-04:00 DEBUG 21740 --- [atenciones] [           main] o.h.q.sqm.function.SqmFunctionRegistry   : Registered SqmFunctionTemplate [NamedSqmFunctionTemplate(instr)] under instr; prior registration was null
2024-05-02T21:46:53.688-04:00 DEBUG 21740 --- [atenciones] [           main] o.h.q.sqm.function.SqmFunctionRegistry   : Registered SqmFunctionTemplate [NamedSqmFunctionTemplate(substr)] under substr; prior registration was null
2024-05-02T21:46:53.688-04:00 DEBUG 21740 --- [atenciones] [           main] o.h.q.sqm.function.SqmFunctionRegistry   : Registered SqmFunctionTemplate [NamedSqmFunctionTemplate(substr)] under substring; prior registration was NamedSqmFunctionTemplate(substring)
2024-05-02T21:46:53.688-04:00 DEBUG 21740 --- [atenciones] [           main] o.h.q.sqm.function.SqmFunctionRegistry   : Registered SqmFunctionTemplate [org.hibernate.query.sqm.function.PatternBasedSqmFunctionDescriptor@7ff48cdc] under left; prior registration was NamedSqmFunctionTemplate(left)
2024-05-02T21:46:53.688-04:00 DEBUG 21740 --- [atenciones] [           main] o.h.q.sqm.function.SqmFunctionRegistry   : Registered SqmFunctionTemplate [org.hibernate.query.sqm.function.PatternBasedSqmFunctionDescriptor@7029653c] under right; prior registration was NamedSqmFunctionTemplate(right)
2024-05-02T21:46:53.688-04:00 DEBUG 21740 --- [atenciones] [           main] o.h.q.sqm.function.SqmFunctionRegistry   : Registered SqmFunctionTemplate [NamedSqmFunctionTemplate(translate)] under translate; prior registration was null
2024-05-02T21:46:53.688-04:00 DEBUG 21740 --- [atenciones] [           main] o.h.q.sqm.function.SqmFunctionRegistry   : Registered SqmFunctionTemplate [NamedSqmFunctionTemplate(bitand)] under bitand; prior registration was null
2024-05-02T21:46:53.688-04:00 DEBUG 21740 --- [atenciones] [           main] o.h.q.sqm.function.SqmFunctionRegistry   : Registered SqmFunctionTemplate [NamedSqmFunctionTemplate(last_day)] under last_day; prior registration was null
2024-05-02T21:46:53.688-04:00 DEBUG 21740 --- [atenciones] [           main] o.h.q.sqm.function.SqmFunctionRegistry   : Registered SqmFunctionTemplate [NamedSqmFunctionTemplate(to_number)] under to_number; prior registration was null
2024-05-02T21:46:53.688-04:00 DEBUG 21740 --- [atenciones] [           main] o.h.q.sqm.function.SqmFunctionRegistry   : Registered SqmFunctionTemplate [NamedSqmFunctionTemplate(to_char)] under to_char; prior registration was null
2024-05-02T21:46:53.688-04:00 DEBUG 21740 --- [atenciones] [           main] o.h.q.sqm.function.SqmFunctionRegistry   : Registered SqmFunctionTemplate [NamedSqmFunctionTemplate(to_date)] under to_date; prior registration was null
2024-05-02T21:46:53.689-04:00 DEBUG 21740 --- [atenciones] [           main] o.h.q.sqm.function.SqmFunctionRegistry   : Registered SqmFunctionTemplate [NamedSqmFunctionTemplate(to_timestamp)] under to_timestamp; prior registration was null
2024-05-02T21:46:53.689-04:00 DEBUG 21740 --- [atenciones] [           main] o.h.q.sqm.function.SqmFunctionRegistry   : Registered SqmFunctionTemplate [NamedSqmFunctionTemplate(ceil)] under ceil; prior registration was null
2024-05-02T21:46:53.689-04:00 DEBUG 21740 --- [atenciones] [           main] o.h.q.sqm.function.SqmFunctionRegistry   : Registering alternate key : ceiling -> ceil
2024-05-02T21:46:53.689-04:00 DEBUG 21740 --- [atenciones] [           main] o.h.q.sqm.function.SqmFunctionRegistry   : Registered SqmFunctionTemplate [org.hibernate.query.sqm.function.PatternBasedSqmFunctionDescriptor@181cafd] under concat; prior registration was NamedSqmFunctionTemplate(concat)
2024-05-02T21:46:53.689-04:00 DEBUG 21740 --- [atenciones] [           main] o.h.q.sqm.function.SqmFunctionRegistry   : Registered SqmFunctionTemplate [NamedSqmFunctionTemplate(rowid)] under rowid; prior registration was null
2024-05-02T21:46:53.689-04:00 DEBUG 21740 --- [atenciones] [           main] o.h.q.sqm.function.SqmFunctionRegistry   : Registered SqmFunctionTemplate [NamedSqmFunctionTemplate(rownum)] under rownum; prior registration was null
2024-05-02T21:46:53.689-04:00 DEBUG 21740 --- [atenciones] [           main] o.h.q.sqm.function.SqmFunctionRegistry   : Registered SqmFunctionTemplate [NamedSqmFunctionTemplate(sysdate)] under sysdate; prior registration was null
2024-05-02T21:46:53.689-04:00 DEBUG 21740 --- [atenciones] [           main] o.h.q.sqm.function.SqmFunctionRegistry   : Registered SqmFunctionTemplate [NamedSqmFunctionTemplate(systimestamp)] under systimestamp; prior registration was null
2024-05-02T21:46:53.689-04:00 DEBUG 21740 --- [atenciones] [           main] o.h.q.sqm.function.SqmFunctionRegistry   : Registered SqmFunctionTemplate [NamedSqmFunctionTemplate(add_months)] under add_months; prior registration was null
2024-05-02T21:46:53.689-04:00 DEBUG 21740 --- [atenciones] [           main] o.h.q.sqm.function.SqmFunctionRegistry   : Registered SqmFunctionTemplate [NamedSqmFunctionTemplate(months_between)] under months_between; prior registration was null
2024-05-02T21:46:53.689-04:00 DEBUG 21740 --- [atenciones] [           main] o.h.q.sqm.function.SqmFunctionRegistry   : Registered SqmFunctionTemplate [org.hibernate.dialect.function.MinMaxCaseEveryAnyEmulation@68f4c6e7] under every; prior registration was org.hibernate.dialect.function.EveryAnyEmulation@ab2d814
2024-05-02T21:46:53.689-04:00 DEBUG 21740 --- [atenciones] [           main] o.h.q.sqm.function.SqmFunctionRegistry   : Registered SqmFunctionTemplate [org.hibernate.dialect.function.MinMaxCaseEveryAnyEmulation@33bd3549] under any; prior registration was org.hibernate.dialect.function.EveryAnyEmulation@1a48e48e
2024-05-02T21:46:53.690-04:00 DEBUG 21740 --- [atenciones] [           main] o.h.q.sqm.function.SqmFunctionRegistry   : Registered SqmFunctionTemplate [org.hibernate.query.sqm.function.PatternBasedSqmFunctionDescriptor@806a687] under repeat; prior registration was null
2024-05-02T21:46:53.690-04:00 DEBUG 21740 --- [atenciones] [           main] o.h.q.sqm.function.SqmFunctionRegistry   : Registered SqmFunctionTemplate [org.hibernate.query.sqm.function.PatternBasedSqmFunctionDescriptor@7df5358] under radians; prior registration was null
2024-05-02T21:46:53.690-04:00 DEBUG 21740 --- [atenciones] [           main] o.h.q.sqm.function.SqmFunctionRegistry   : Registered SqmFunctionTemplate [org.hibernate.query.sqm.function.PatternBasedSqmFunctionDescriptor@49d26eba] under degrees; prior registration was null
2024-05-02T21:46:53.690-04:00 DEBUG 21740 --- [atenciones] [           main] o.h.q.sqm.function.SqmFunctionRegistry   : Registered SqmFunctionTemplate [NamedSqmFunctionTemplate(median)] under median; prior registration was null
2024-05-02T21:46:53.690-04:00 DEBUG 21740 --- [atenciones] [           main] o.h.q.sqm.function.SqmFunctionRegistry   : Registered SqmFunctionTemplate [NamedSqmFunctionTemplate(stddev)] under stddev; prior registration was null
2024-05-02T21:46:53.690-04:00 DEBUG 21740 --- [atenciones] [           main] o.h.q.sqm.function.SqmFunctionRegistry   : Registered SqmFunctionTemplate [NamedSqmFunctionTemplate(stddev_pop)] under stddev_pop; prior registration was null
2024-05-02T21:46:53.690-04:00 DEBUG 21740 --- [atenciones] [           main] o.h.q.sqm.function.SqmFunctionRegistry   : Registered SqmFunctionTemplate [NamedSqmFunctionTemplate(stddev_samp)] under stddev_samp; prior registration was null
2024-05-02T21:46:53.690-04:00 DEBUG 21740 --- [atenciones] [           main] o.h.q.sqm.function.SqmFunctionRegistry   : Registered SqmFunctionTemplate [NamedSqmFunctionTemplate(variance)] under variance; prior registration was null
2024-05-02T21:46:53.690-04:00 DEBUG 21740 --- [atenciones] [           main] o.h.q.sqm.function.SqmFunctionRegistry   : Registered SqmFunctionTemplate [NamedSqmFunctionTemplate(var_pop)] under var_pop; prior registration was null
2024-05-02T21:46:53.690-04:00 DEBUG 21740 --- [atenciones] [           main] o.h.q.sqm.function.SqmFunctionRegistry   : Registered SqmFunctionTemplate [NamedSqmFunctionTemplate(var_samp)] under var_samp; prior registration was null
2024-05-02T21:46:53.690-04:00 DEBUG 21740 --- [atenciones] [           main] o.h.q.sqm.function.SqmFunctionRegistry   : Registered SqmFunctionTemplate [NamedSqmFunctionTemplate(covar_pop)] under covar_pop; prior registration was null
2024-05-02T21:46:53.690-04:00 DEBUG 21740 --- [atenciones] [           main] o.h.q.sqm.function.SqmFunctionRegistry   : Registered SqmFunctionTemplate [NamedSqmFunctionTemplate(covar_samp)] under covar_samp; prior registration was null
2024-05-02T21:46:53.690-04:00 DEBUG 21740 --- [atenciones] [           main] o.h.q.sqm.function.SqmFunctionRegistry   : Registered SqmFunctionTemplate [NamedSqmFunctionTemplate(corr)] under corr; prior registration was null
2024-05-02T21:46:53.690-04:00 DEBUG 21740 --- [atenciones] [           main] o.h.q.sqm.function.SqmFunctionRegistry   : Registered SqmFunctionTemplate [NamedSqmFunctionTemplate(regr_avgx)] under regr_avgx; prior registration was null
2024-05-02T21:46:53.690-04:00 DEBUG 21740 --- [atenciones] [           main] o.h.q.sqm.function.SqmFunctionRegistry   : Registered SqmFunctionTemplate [NamedSqmFunctionTemplate(regr_avgy)] under regr_avgy; prior registration was null
2024-05-02T21:46:53.690-04:00 DEBUG 21740 --- [atenciones] [           main] o.h.q.sqm.function.SqmFunctionRegistry   : Registered SqmFunctionTemplate [NamedSqmFunctionTemplate(regr_count)] under regr_count; prior registration was null
2024-05-02T21:46:53.690-04:00 DEBUG 21740 --- [atenciones] [           main] o.h.q.sqm.function.SqmFunctionRegistry   : Registered SqmFunctionTemplate [NamedSqmFunctionTemplate(regr_intercept)] under regr_intercept; prior registration was null
2024-05-02T21:46:53.690-04:00 DEBUG 21740 --- [atenciones] [           main] o.h.q.sqm.function.SqmFunctionRegistry   : Registered SqmFunctionTemplate [NamedSqmFunctionTemplate(regr_r2)] under regr_r2; prior registration was null
2024-05-02T21:46:53.690-04:00 DEBUG 21740 --- [atenciones] [           main] o.h.q.sqm.function.SqmFunctionRegistry   : Registered SqmFunctionTemplate [NamedSqmFunctionTemplate(regr_slope)] under regr_slope; prior registration was null
2024-05-02T21:46:53.690-04:00 DEBUG 21740 --- [atenciones] [           main] o.h.q.sqm.function.SqmFunctionRegistry   : Registered SqmFunctionTemplate [NamedSqmFunctionTemplate(regr_sxx)] under regr_sxx; prior registration was null
2024-05-02T21:46:53.690-04:00 DEBUG 21740 --- [atenciones] [           main] o.h.q.sqm.function.SqmFunctionRegistry   : Registered SqmFunctionTemplate [NamedSqmFunctionTemplate(regr_sxy)] under regr_sxy; prior registration was null
2024-05-02T21:46:53.690-04:00 DEBUG 21740 --- [atenciones] [           main] o.h.q.sqm.function.SqmFunctionRegistry   : Registered SqmFunctionTemplate [NamedSqmFunctionTemplate(regr_syy)] under regr_syy; prior registration was null
2024-05-02T21:46:53.690-04:00 DEBUG 21740 --- [atenciones] [           main] o.h.q.sqm.function.SqmFunctionRegistry   : Registered SqmFunctionTemplate [org.hibernate.dialect.function.LengthFunction@139f1db4] under length; prior registration was null
2024-05-02T21:46:53.690-04:00 DEBUG 21740 --- [atenciones] [           main] o.h.q.sqm.function.SqmFunctionRegistry   : Registering alternate key : character_length -> length
2024-05-02T21:46:53.690-04:00 DEBUG 21740 --- [atenciones] [           main] o.h.q.sqm.function.SqmFunctionRegistry   : Registered SqmFunctionTemplate [org.hibernate.dialect.function.LengthFunction@2e90a3de] under octet_length; prior registration was null
2024-05-02T21:46:53.690-04:00 DEBUG 21740 --- [atenciones] [           main] o.h.q.sqm.function.SqmFunctionRegistry   : Registered SqmFunctionTemplate [org.hibernate.dialect.function.LengthFunction@532860c7] under bit_length; prior registration was null
2024-05-02T21:46:53.690-04:00 DEBUG 21740 --- [atenciones] [           main] o.h.q.sqm.function.SqmFunctionRegistry   : Registered SqmFunctionTemplate [NamedSqmFunctionTemplate(coalesce)] under coalesce; prior registration was NamedSqmFunctionTemplate(coalesce)
2024-05-02T21:46:53.690-04:00 DEBUG 21740 --- [atenciones] [           main] o.h.q.sqm.function.SqmFunctionRegistry   : Registered SqmFunctionTemplate [org.hibernate.query.sqm.function.MultipatternSqmFunctionDescriptor@9d573a6] under locate; prior registration was NamedSqmFunctionTemplate(locate)
2024-05-02T21:46:53.690-04:00 DEBUG 21740 --- [atenciones] [           main] o.h.q.sqm.function.SqmFunctionRegistry   : Registered SqmFunctionTemplate [org.hibernate.dialect.function.ListaggFunction@62ccbd95] under listagg; prior registration was null
2024-05-02T21:46:53.690-04:00 DEBUG 21740 --- [atenciones] [           main] o.h.q.sqm.function.SqmFunctionRegistry   : Registered SqmFunctionTemplate [NamedSqmFunctionTemplate(row_number)] under row_number; prior registration was null
2024-05-02T21:46:53.690-04:00 DEBUG 21740 --- [atenciones] [           main] o.h.q.sqm.function.SqmFunctionRegistry   : Registered SqmFunctionTemplate [NamedSqmFunctionTemplate(lag)] under lag; prior registration was null
2024-05-02T21:46:53.690-04:00 DEBUG 21740 --- [atenciones] [           main] o.h.q.sqm.function.SqmFunctionRegistry   : Registered SqmFunctionTemplate [NamedSqmFunctionTemplate(lead)] under lead; prior registration was null
2024-05-02T21:46:53.690-04:00 DEBUG 21740 --- [atenciones] [           main] o.h.q.sqm.function.SqmFunctionRegistry   : Registered SqmFunctionTemplate [NamedSqmFunctionTemplate(first_value)] under first_value; prior registration was null
2024-05-02T21:46:53.690-04:00 DEBUG 21740 --- [atenciones] [           main] o.h.q.sqm.function.SqmFunctionRegistry   : Registered SqmFunctionTemplate [NamedSqmFunctionTemplate(last_value)] under last_value; prior registration was null
2024-05-02T21:46:53.691-04:00 DEBUG 21740 --- [atenciones] [           main] o.h.q.sqm.function.SqmFunctionRegistry   : Registered SqmFunctionTemplate [NamedSqmFunctionTemplate(nth_value)] under nth_value; prior registration was null
2024-05-02T21:46:53.691-04:00 DEBUG 21740 --- [atenciones] [           main] o.h.q.sqm.function.SqmFunctionRegistry   : Registered SqmFunctionTemplate [org.hibernate.dialect.function.HypotheticalSetFunction@49696c41] under rank; prior registration was null
2024-05-02T21:46:53.691-04:00 DEBUG 21740 --- [atenciones] [           main] o.h.q.sqm.function.SqmFunctionRegistry   : Registered SqmFunctionTemplate [org.hibernate.dialect.function.HypotheticalSetFunction@595713f3] under dense_rank; prior registration was null
2024-05-02T21:46:53.691-04:00 DEBUG 21740 --- [atenciones] [           main] o.h.q.sqm.function.SqmFunctionRegistry   : Registered SqmFunctionTemplate [org.hibernate.dialect.function.HypotheticalSetFunction@7bbd133c] under percent_rank; prior registration was null
2024-05-02T21:46:53.691-04:00 DEBUG 21740 --- [atenciones] [           main] o.h.q.sqm.function.SqmFunctionRegistry   : Registered SqmFunctionTemplate [org.hibernate.dialect.function.HypotheticalSetFunction@7c9a39cb] under cume_dist; prior registration was null
2024-05-02T21:46:53.691-04:00 DEBUG 21740 --- [atenciones] [           main] o.h.q.sqm.function.SqmFunctionRegistry   : Registered SqmFunctionTemplate [org.hibernate.dialect.function.InverseDistributionFunction@7e93497d] under mode; prior registration was null
2024-05-02T21:46:53.691-04:00 DEBUG 21740 --- [atenciones] [           main] o.h.q.sqm.function.SqmFunctionRegistry   : Registered SqmFunctionTemplate [org.hibernate.dialect.function.InverseDistributionFunction@1fba15d7] under percentile_cont; prior registration was null
2024-05-02T21:46:53.691-04:00 DEBUG 21740 --- [atenciones] [           main] o.h.q.sqm.function.SqmFunctionRegistry   : Registered SqmFunctionTemplate [org.hibernate.dialect.function.InverseDistributionFunction@c8dc1ef] under percentile_disc; prior registration was null
2024-05-02T21:46:53.691-04:00 DEBUG 21740 --- [atenciones] [           main] o.h.q.sqm.function.SqmFunctionRegistry   : Registered SqmFunctionTemplate [org.hibernate.dialect.function.ModeStatsModeEmulation@21f4f5d4] under mode; prior registration was org.hibernate.dialect.function.InverseDistributionFunction@7e93497d
2024-05-02T21:46:53.691-04:00 DEBUG 21740 --- [atenciones] [           main] o.h.q.sqm.function.SqmFunctionRegistry   : Registered SqmFunctionTemplate [org.hibernate.dialect.function.OracleTruncFunction@45488836] under trunc; prior registration was null
2024-05-02T21:46:53.691-04:00 DEBUG 21740 --- [atenciones] [           main] o.h.q.sqm.function.SqmFunctionRegistry   : Registering alternate key : truncate -> trunc
2024-05-02T21:46:53.691-04:00 DEBUG 21740 --- [atenciones] [           main] o.h.q.sqm.function.SqmFunctionRegistry   : Registered SqmFunctionTemplate [org.hibernate.dialect.function.array.OracleArrayConstructorFunction@a9339e5] under array; prior registration was null
2024-05-02T21:46:53.691-04:00 DEBUG 21740 --- [atenciones] [           main] o.h.q.sqm.function.SqmFunctionRegistry   : Registered SqmFunctionTemplate [org.hibernate.dialect.function.array.OracleArrayConstructorFunction@687313e1] under array_list; prior registration was null
2024-05-02T21:46:53.691-04:00 DEBUG 21740 --- [atenciones] [           main] o.h.q.sqm.function.SqmFunctionRegistry   : Registered SqmFunctionTemplate [org.hibernate.dialect.function.array.OracleArrayAggEmulation@6eaf016e] under array_agg; prior registration was null
2024-05-02T21:46:53.691-04:00 DEBUG 21740 --- [atenciones] [           main] o.h.q.sqm.function.SqmFunctionRegistry   : Registered SqmFunctionTemplate [org.hibernate.dialect.function.array.OracleArrayPositionFunction@6fa73db5] under array_position; prior registration was null
2024-05-02T21:46:53.691-04:00 DEBUG 21740 --- [atenciones] [           main] o.h.q.sqm.function.SqmFunctionRegistry   : Registered SqmFunctionTemplate [org.hibernate.dialect.function.array.OracleArrayPositionsFunction@c7485d2] under array_positions; prior registration was null
2024-05-02T21:46:53.691-04:00 DEBUG 21740 --- [atenciones] [           main] o.h.q.sqm.function.SqmFunctionRegistry   : Registered SqmFunctionTemplate [org.hibernate.dialect.function.array.OracleArrayPositionsFunction@4cda8d3b] under array_positions_list; prior registration was null
2024-05-02T21:46:53.691-04:00 DEBUG 21740 --- [atenciones] [           main] o.h.q.sqm.function.SqmFunctionRegistry   : Registered SqmFunctionTemplate [org.hibernate.dialect.function.array.OracleArrayLengthFunction@73e054c0] under array_length; prior registration was null
2024-05-02T21:46:53.691-04:00 DEBUG 21740 --- [atenciones] [           main] o.h.q.sqm.function.SqmFunctionRegistry   : Registered SqmFunctionTemplate [org.hibernate.dialect.function.array.OracleArrayConcatFunction@5b12157b] under array_concat; prior registration was null
2024-05-02T21:46:53.691-04:00 DEBUG 21740 --- [atenciones] [           main] o.h.q.sqm.function.SqmFunctionRegistry   : Registered SqmFunctionTemplate [org.hibernate.dialect.function.array.OracleArrayConcatElementFunction@73760b13] under array_prepend; prior registration was null
2024-05-02T21:46:53.691-04:00 DEBUG 21740 --- [atenciones] [           main] o.h.q.sqm.function.SqmFunctionRegistry   : Registered SqmFunctionTemplate [org.hibernate.dialect.function.array.OracleArrayConcatElementFunction@6b5df313] under array_append; prior registration was null
2024-05-02T21:46:53.691-04:00 DEBUG 21740 --- [atenciones] [           main] o.h.q.sqm.function.SqmFunctionRegistry   : Registered SqmFunctionTemplate [org.hibernate.dialect.function.array.OracleArrayContainsFunction@1a6aecec] under array_contains; prior registration was null
2024-05-02T21:46:53.691-04:00 DEBUG 21740 --- [atenciones] [           main] o.h.q.sqm.function.SqmFunctionRegistry   : Registered SqmFunctionTemplate [org.hibernate.dialect.function.array.OracleArrayContainsFunction@51989b17] under array_contains_nullable; prior registration was null
2024-05-02T21:46:53.691-04:00 DEBUG 21740 --- [atenciones] [           main] o.h.q.sqm.function.SqmFunctionRegistry   : Registered SqmFunctionTemplate [org.hibernate.dialect.function.array.OracleArrayOverlapsFunction@12f52ca4] under array_overlaps; prior registration was null
2024-05-02T21:46:53.691-04:00 DEBUG 21740 --- [atenciones] [           main] o.h.q.sqm.function.SqmFunctionRegistry   : Registered SqmFunctionTemplate [org.hibernate.dialect.function.array.OracleArrayOverlapsFunction@16b48082] under array_overlaps_nullable; prior registration was null
2024-05-02T21:46:53.691-04:00 DEBUG 21740 --- [atenciones] [           main] o.h.q.sqm.function.SqmFunctionRegistry   : Registered SqmFunctionTemplate [org.hibernate.dialect.function.array.OracleArrayGetFunction@5bf41334] under array_get; prior registration was null
2024-05-02T21:46:53.691-04:00 DEBUG 21740 --- [atenciones] [           main] o.h.q.sqm.function.SqmFunctionRegistry   : Registered SqmFunctionTemplate [org.hibernate.dialect.function.array.OracleArraySetFunction@4e216b7e] under array_set; prior registration was null
2024-05-02T21:46:53.691-04:00 DEBUG 21740 --- [atenciones] [           main] o.h.q.sqm.function.SqmFunctionRegistry   : Registered SqmFunctionTemplate [org.hibernate.dialect.function.array.OracleArrayRemoveFunction@750afe12] under array_remove; prior registration was null
2024-05-02T21:46:53.691-04:00 DEBUG 21740 --- [atenciones] [           main] o.h.q.sqm.function.SqmFunctionRegistry   : Registered SqmFunctionTemplate [org.hibernate.dialect.function.array.OracleArrayRemoveIndexFunction@4788c0a1] under array_remove_index; prior registration was null
2024-05-02T21:46:53.691-04:00 DEBUG 21740 --- [atenciones] [           main] o.h.q.sqm.function.SqmFunctionRegistry   : Registered SqmFunctionTemplate [org.hibernate.dialect.function.array.OracleArraySliceFunction@3c9e06d7] under array_slice; prior registration was null
2024-05-02T21:46:53.691-04:00 DEBUG 21740 --- [atenciones] [           main] o.h.q.sqm.function.SqmFunctionRegistry   : Registered SqmFunctionTemplate [org.hibernate.dialect.function.array.OracleArrayReplaceFunction@79a1f0a1] under array_replace; prior registration was null
2024-05-02T21:46:53.691-04:00 DEBUG 21740 --- [atenciones] [           main] o.h.q.sqm.function.SqmFunctionRegistry   : Registered SqmFunctionTemplate [org.hibernate.dialect.function.array.OracleArrayTrimFunction@5bf97be9] under array_trim; prior registration was null
2024-05-02T21:46:53.691-04:00 DEBUG 21740 --- [atenciones] [           main] o.h.q.sqm.function.SqmFunctionRegistry   : Registered SqmFunctionTemplate [org.hibernate.dialect.function.array.OracleArrayFillFunction@5af535ff] under array_fill; prior registration was null
2024-05-02T21:46:53.691-04:00 DEBUG 21740 --- [atenciones] [           main] o.h.q.sqm.function.SqmFunctionRegistry   : Registered SqmFunctionTemplate [org.hibernate.dialect.function.array.OracleArrayFillFunction@161138c8] under array_fill_list; prior registration was null
2024-05-02T21:46:53.692-04:00 DEBUG 21740 --- [atenciones] [           main] o.h.q.sqm.function.SqmFunctionRegistry   : Registered SqmFunctionTemplate [org.hibernate.dialect.function.array.OracleArrayToStringFunction@60c3f653] under array_to_string; prior registration was null
2024-05-02T21:46:53.692-04:00 DEBUG 21740 --- [atenciones] [           main] org.hibernate.HQL_FUNCTIONS              : abs(NUMERIC arg)
2024-05-02T21:46:53.692-04:00 DEBUG 21740 --- [atenciones] [           main] org.hibernate.HQL_FUNCTIONS              : Double acos(NUMERIC arg)
2024-05-02T21:46:53.692-04:00 DEBUG 21740 --- [atenciones] [           main] org.hibernate.HQL_FUNCTIONS              : add_months(DATE datetime, INTEGER months)
2024-05-02T21:46:53.692-04:00 DEBUG 21740 --- [atenciones] [           main] org.hibernate.HQL_FUNCTIONS              : Boolean any(BOOLEAN arg)
2024-05-02T21:46:53.692-04:00 DEBUG 21740 --- [atenciones] [           main] org.hibernate.HQL_FUNCTIONS              : array( ... )
2024-05-02T21:46:53.692-04:00 DEBUG 21740 --- [atenciones] [           main] org.hibernate.HQL_FUNCTIONS              : array_agg(arg)
2024-05-02T21:46:53.692-04:00 DEBUG 21740 --- [atenciones] [           main] org.hibernate.HQL_FUNCTIONS              : array_append( ... )
2024-05-02T21:46:53.692-04:00 DEBUG 21740 --- [atenciones] [           main] org.hibernate.HQL_FUNCTIONS              : array_concat( ... )
2024-05-02T21:46:53.692-04:00 DEBUG 21740 --- [atenciones] [           main] org.hibernate.HQL_FUNCTIONS              : Boolean array_contains(ARRAY haystackArray, OBJECT needleElementOrArray)
2024-05-02T21:46:53.692-04:00 DEBUG 21740 --- [atenciones] [           main] org.hibernate.HQL_FUNCTIONS              : Boolean array_contains_nullable(ARRAY haystackArray, OBJECT needleElementOrArray)
2024-05-02T21:46:53.692-04:00 DEBUG 21740 --- [atenciones] [           main] org.hibernate.HQL_FUNCTIONS              : array_fill(OBJECT element, INTEGER elementCount)
2024-05-02T21:46:53.692-04:00 DEBUG 21740 --- [atenciones] [           main] org.hibernate.HQL_FUNCTIONS              : array_fill_list(OBJECT element, INTEGER elementCount)
2024-05-02T21:46:53.692-04:00 DEBUG 21740 --- [atenciones] [           main] org.hibernate.HQL_FUNCTIONS              : array_get( ... )
2024-05-02T21:46:53.692-04:00 DEBUG 21740 --- [atenciones] [           main] org.hibernate.HQL_FUNCTIONS              : Integer array_length(ARRAY array)
2024-05-02T21:46:53.692-04:00 DEBUG 21740 --- [atenciones] [           main] org.hibernate.HQL_FUNCTIONS              : array_list( ... )
2024-05-02T21:46:53.692-04:00 DEBUG 21740 --- [atenciones] [           main] org.hibernate.HQL_FUNCTIONS              : Boolean array_overlaps(ARRAY array0, OBJECT array1)
2024-05-02T21:46:53.692-04:00 DEBUG 21740 --- [atenciones] [           main] org.hibernate.HQL_FUNCTIONS              : Boolean array_overlaps_nullable(ARRAY array0, OBJECT array1)
2024-05-02T21:46:53.692-04:00 DEBUG 21740 --- [atenciones] [           main] org.hibernate.HQL_FUNCTIONS              : Integer array_position(ARRAY array, OBJECT element[, INTEGER startPosition])
2024-05-02T21:46:53.692-04:00 DEBUG 21740 --- [atenciones] [           main] org.hibernate.HQL_FUNCTIONS              : int[] array_positions(ARRAY array, OBJECT element)
2024-05-02T21:46:53.692-04:00 DEBUG 21740 --- [atenciones] [           main] org.hibernate.HQL_FUNCTIONS              : List array_positions_list(ARRAY array, OBJECT element)
2024-05-02T21:46:53.692-04:00 DEBUG 21740 --- [atenciones] [           main] org.hibernate.HQL_FUNCTIONS              : array_prepend( ... )
2024-05-02T21:46:53.692-04:00 DEBUG 21740 --- [atenciones] [           main] org.hibernate.HQL_FUNCTIONS              : array_remove( ... )
2024-05-02T21:46:53.692-04:00 DEBUG 21740 --- [atenciones] [           main] org.hibernate.HQL_FUNCTIONS              : array_remove_index( ... )
2024-05-02T21:46:53.692-04:00 DEBUG 21740 --- [atenciones] [           main] org.hibernate.HQL_FUNCTIONS              : array_replace( ... )
2024-05-02T21:46:53.692-04:00 DEBUG 21740 --- [atenciones] [           main] org.hibernate.HQL_FUNCTIONS              : array_set( ... )
2024-05-02T21:46:53.692-04:00 DEBUG 21740 --- [atenciones] [           main] org.hibernate.HQL_FUNCTIONS              : array_slice( ... )
2024-05-02T21:46:53.692-04:00 DEBUG 21740 --- [atenciones] [           main] org.hibernate.HQL_FUNCTIONS              : String array_to_string( ... )
2024-05-02T21:46:53.692-04:00 DEBUG 21740 --- [atenciones] [           main] org.hibernate.HQL_FUNCTIONS              : array_trim( ... )
2024-05-02T21:46:53.692-04:00 DEBUG 21740 --- [atenciones] [           main] org.hibernate.HQL_FUNCTIONS              : Integer ascii(STRING arg)
2024-05-02T21:46:53.692-04:00 DEBUG 21740 --- [atenciones] [           main] org.hibernate.HQL_FUNCTIONS              : Double asin(NUMERIC arg)
2024-05-02T21:46:53.692-04:00 DEBUG 21740 --- [atenciones] [           main] org.hibernate.HQL_FUNCTIONS              : Double atan(NUMERIC arg)
2024-05-02T21:46:53.692-04:00 DEBUG 21740 --- [atenciones] [           main] org.hibernate.HQL_FUNCTIONS              : Double atan2(NUMERIC arg0, NUMERIC arg1)
2024-05-02T21:46:53.692-04:00 DEBUG 21740 --- [atenciones] [           main] org.hibernate.HQL_FUNCTIONS              : avg(arg)
2024-05-02T21:46:53.692-04:00 DEBUG 21740 --- [atenciones] [           main] org.hibernate.HQL_FUNCTIONS              : Integer bit_length(STRING_OR_CLOB arg)
2024-05-02T21:46:53.692-04:00 DEBUG 21740 --- [atenciones] [           main] org.hibernate.HQL_FUNCTIONS              : bitand(arg0, arg1)
2024-05-02T21:46:53.692-04:00 DEBUG 21740 --- [atenciones] [           main] org.hibernate.HQL_FUNCTIONS              : cast(arg as Type)
2024-05-02T21:46:53.693-04:00 DEBUG 21740 --- [atenciones] [           main] org.hibernate.HQL_FUNCTIONS              : ceil(NUMERIC arg)
2024-05-02T21:46:53.693-04:00 DEBUG 21740 --- [atenciones] [           main] org.hibernate.HQL_FUNCTIONS              : ceiling(NUMERIC arg)
2024-05-02T21:46:53.693-04:00 DEBUG 21740 --- [atenciones] [           main] org.hibernate.HQL_FUNCTIONS              : Character char(INTEGER arg)
2024-05-02T21:46:53.693-04:00 DEBUG 21740 --- [atenciones] [           main] org.hibernate.HQL_FUNCTIONS              : Integer character_length(STRING_OR_CLOB arg)
2024-05-02T21:46:53.693-04:00 DEBUG 21740 --- [atenciones] [           main] org.hibernate.HQL_FUNCTIONS              : Character chr(INTEGER arg)
2024-05-02T21:46:53.693-04:00 DEBUG 21740 --- [atenciones] [           main] org.hibernate.HQL_FUNCTIONS              : coalesce(arg0[, arg1[, ...]])
2024-05-02T21:46:53.693-04:00 DEBUG 21740 --- [atenciones] [           main] org.hibernate.HQL_FUNCTIONS              : String collate(STRING string as COLLATION collation)
2024-05-02T21:46:53.693-04:00 DEBUG 21740 --- [atenciones] [           main] org.hibernate.HQL_FUNCTIONS              : String concat(STRING string0[, STRING string1[, ...]])
2024-05-02T21:46:53.693-04:00 DEBUG 21740 --- [atenciones] [           main] org.hibernate.HQL_FUNCTIONS              : Double corr(NUMERIC arg0, NUMERIC arg1)
2024-05-02T21:46:53.693-04:00 DEBUG 21740 --- [atenciones] [           main] org.hibernate.HQL_FUNCTIONS              : Double cos(NUMERIC arg)
2024-05-02T21:46:53.693-04:00 DEBUG 21740 --- [atenciones] [           main] org.hibernate.HQL_FUNCTIONS              : Double cosh(NUMERIC arg)
2024-05-02T21:46:53.693-04:00 DEBUG 21740 --- [atenciones] [           main] org.hibernate.HQL_FUNCTIONS              : Long count([distinct ]{arg|*})
2024-05-02T21:46:53.693-04:00 DEBUG 21740 --- [atenciones] [           main] org.hibernate.HQL_FUNCTIONS              : Double covar_pop(NUMERIC arg0, NUMERIC arg1)
2024-05-02T21:46:53.693-04:00 DEBUG 21740 --- [atenciones] [           main] org.hibernate.HQL_FUNCTIONS              : Double covar_samp(NUMERIC arg0, NUMERIC arg1)
2024-05-02T21:46:53.693-04:00 DEBUG 21740 --- [atenciones] [           main] org.hibernate.HQL_FUNCTIONS              : Double cume_dist([arg0[, ...]])
2024-05-02T21:46:53.693-04:00 DEBUG 21740 --- [atenciones] [           main] org.hibernate.HQL_FUNCTIONS              : Date current date
2024-05-02T21:46:53.693-04:00 DEBUG 21740 --- [atenciones] [           main] org.hibernate.HQL_FUNCTIONS              : Time current time
2024-05-02T21:46:53.693-04:00 DEBUG 21740 --- [atenciones] [           main] org.hibernate.HQL_FUNCTIONS              : Timestamp current timestamp
2024-05-02T21:46:53.693-04:00 DEBUG 21740 --- [atenciones] [           main] org.hibernate.HQL_FUNCTIONS              : Date current_date
2024-05-02T21:46:53.693-04:00 DEBUG 21740 --- [atenciones] [           main] org.hibernate.HQL_FUNCTIONS              : Instant current_instant
2024-05-02T21:46:53.693-04:00 DEBUG 21740 --- [atenciones] [           main] org.hibernate.HQL_FUNCTIONS              : Time current_time
2024-05-02T21:46:53.693-04:00 DEBUG 21740 --- [atenciones] [           main] org.hibernate.HQL_FUNCTIONS              : Timestamp current_timestamp
2024-05-02T21:46:53.693-04:00 DEBUG 21740 --- [atenciones] [           main] org.hibernate.HQL_FUNCTIONS              : dateadd(TEMPORAL_UNIT field, INTEGER magnitude, TEMPORAL datetime)
2024-05-02T21:46:53.693-04:00 DEBUG 21740 --- [atenciones] [           main] org.hibernate.HQL_FUNCTIONS              : basicType@23(java.lang.Long,-5)|basicType@36(java.lang.Double,8) datediff(TEMPORAL_UNIT field, TEMPORAL start, TEMPORAL end)
2024-05-02T21:46:53.693-04:00 DEBUG 21740 --- [atenciones] [           main] org.hibernate.HQL_FUNCTIONS              : Double degrees(NUMERIC arg)
2024-05-02T21:46:53.693-04:00 DEBUG 21740 --- [atenciones] [           main] org.hibernate.HQL_FUNCTIONS              : Long dense_rank([arg0[, ...]])
2024-05-02T21:46:53.693-04:00 DEBUG 21740 --- [atenciones] [           main] org.hibernate.HQL_FUNCTIONS              : Boolean every(BOOLEAN arg)
2024-05-02T21:46:53.693-04:00 DEBUG 21740 --- [atenciones] [           main] org.hibernate.HQL_FUNCTIONS              : Double exp(NUMERIC arg)
2024-05-02T21:46:53.693-04:00 DEBUG 21740 --- [atenciones] [           main] org.hibernate.HQL_FUNCTIONS              : extract(TEMPORAL_UNIT field from TEMPORAL arg)
2024-05-02T21:46:53.693-04:00 DEBUG 21740 --- [atenciones] [           main] org.hibernate.HQL_FUNCTIONS              : first_valueANY value
2024-05-02T21:46:53.693-04:00 DEBUG 21740 --- [atenciones] [           main] org.hibernate.HQL_FUNCTIONS              : floor(NUMERIC arg)
2024-05-02T21:46:53.693-04:00 DEBUG 21740 --- [atenciones] [           main] org.hibernate.HQL_FUNCTIONS              : String format(TEMPORAL datetime as STRING pattern)
2024-05-02T21:46:53.693-04:00 DEBUG 21740 --- [atenciones] [           main] org.hibernate.HQL_FUNCTIONS              : greatest(COMPARABLE arg0, COMPARABLE arg1[, arg2[, ...]])
2024-05-02T21:46:53.693-04:00 DEBUG 21740 --- [atenciones] [           main] org.hibernate.HQL_FUNCTIONS              : ifnull(arg0, arg1)
2024-05-02T21:46:53.693-04:00 DEBUG 21740 --- [atenciones] [           main] org.hibernate.HQL_FUNCTIONS              : String initcap(arg)
2024-05-02T21:46:53.693-04:00 DEBUG 21740 --- [atenciones] [           main] org.hibernate.HQL_FUNCTIONS              : Instant instant
2024-05-02T21:46:53.693-04:00 DEBUG 21740 --- [atenciones] [           main] org.hibernate.HQL_FUNCTIONS              : Integer instr(STRING string, STRING pattern[, INTEGER start[, INTEGER occurrence]])
2024-05-02T21:46:53.693-04:00 DEBUG 21740 --- [atenciones] [           main] org.hibernate.HQL_FUNCTIONS              : lagANY value[, INTEGER offset[, ANY default]]
2024-05-02T21:46:53.693-04:00 DEBUG 21740 --- [atenciones] [           main] org.hibernate.HQL_FUNCTIONS              : Date last_day(DATE arg)
2024-05-02T21:46:53.693-04:00 DEBUG 21740 --- [atenciones] [           main] org.hibernate.HQL_FUNCTIONS              : last_valueANY value
2024-05-02T21:46:53.693-04:00 DEBUG 21740 --- [atenciones] [           main] org.hibernate.HQL_FUNCTIONS              : leadANY value[, INTEGER offset[, ANY default]]
2024-05-02T21:46:53.693-04:00 DEBUG 21740 --- [atenciones] [           main] org.hibernate.HQL_FUNCTIONS              : least(COMPARABLE arg0, COMPARABLE arg1[, arg2[, ...]])
2024-05-02T21:46:53.693-04:00 DEBUG 21740 --- [atenciones] [           main] org.hibernate.HQL_FUNCTIONS              : String left(STRING string, INTEGER length)
2024-05-02T21:46:53.693-04:00 DEBUG 21740 --- [atenciones] [           main] org.hibernate.HQL_FUNCTIONS              : Integer length(STRING_OR_CLOB arg)
2024-05-02T21:46:53.693-04:00 DEBUG 21740 --- [atenciones] [           main] org.hibernate.HQL_FUNCTIONS              : String listagg(STRING arg0, STRING arg1)
2024-05-02T21:46:53.694-04:00 DEBUG 21740 --- [atenciones] [           main] org.hibernate.HQL_FUNCTIONS              : Double ln(NUMERIC arg)
2024-05-02T21:46:53.694-04:00 DEBUG 21740 --- [atenciones] [           main] org.hibernate.HQL_FUNCTIONS              : LocalDate local date
2024-05-02T21:46:53.694-04:00 DEBUG 21740 --- [atenciones] [           main] org.hibernate.HQL_FUNCTIONS              : LocalDateTime local datetime
2024-05-02T21:46:53.694-04:00 DEBUG 21740 --- [atenciones] [           main] org.hibernate.HQL_FUNCTIONS              : LocalTime local time
2024-05-02T21:46:53.694-04:00 DEBUG 21740 --- [atenciones] [           main] org.hibernate.HQL_FUNCTIONS              : LocalDate local_date
2024-05-02T21:46:53.694-04:00 DEBUG 21740 --- [atenciones] [           main] org.hibernate.HQL_FUNCTIONS              : LocalDateTime local_datetime
2024-05-02T21:46:53.694-04:00 DEBUG 21740 --- [atenciones] [           main] org.hibernate.HQL_FUNCTIONS              : LocalTime local_time
2024-05-02T21:46:53.694-04:00 DEBUG 21740 --- [atenciones] [           main] org.hibernate.HQL_FUNCTIONS              : Integer locate(pattern, string[, start])
2024-05-02T21:46:53.694-04:00 DEBUG 21740 --- [atenciones] [           main] org.hibernate.HQL_FUNCTIONS              : Double log(NUMERIC arg0[, NUMERIC arg1])
2024-05-02T21:46:53.694-04:00 DEBUG 21740 --- [atenciones] [           main] org.hibernate.HQL_FUNCTIONS              : Double log10(NUMERIC arg)
2024-05-02T21:46:53.694-04:00 DEBUG 21740 --- [atenciones] [           main] org.hibernate.HQL_FUNCTIONS              : String lower(STRING string)
2024-05-02T21:46:53.694-04:00 DEBUG 21740 --- [atenciones] [           main] org.hibernate.HQL_FUNCTIONS              : String lpad(STRING string, INTEGER length[, STRING padding])
2024-05-02T21:46:53.694-04:00 DEBUG 21740 --- [atenciones] [           main] org.hibernate.HQL_FUNCTIONS              : String ltrim(STRING string[, STRING characters])
2024-05-02T21:46:53.694-04:00 DEBUG 21740 --- [atenciones] [           main] org.hibernate.HQL_FUNCTIONS              : max(COMPARABLE arg)
2024-05-02T21:46:53.694-04:00 DEBUG 21740 --- [atenciones] [           main] org.hibernate.HQL_FUNCTIONS              : Double median(NUMERIC arg)
2024-05-02T21:46:53.694-04:00 DEBUG 21740 --- [atenciones] [           main] org.hibernate.HQL_FUNCTIONS              : min(COMPARABLE arg)
2024-05-02T21:46:53.694-04:00 DEBUG 21740 --- [atenciones] [           main] org.hibernate.HQL_FUNCTIONS              : Integer mod(INTEGER arg0, INTEGER arg1)
2024-05-02T21:46:53.694-04:00 DEBUG 21740 --- [atenciones] [           main] org.hibernate.HQL_FUNCTIONS              : mode()
2024-05-02T21:46:53.702-04:00 DEBUG 21740 --- [atenciones] [           main] org.hibernate.HQL_FUNCTIONS              : Integer months_between(DATE end, DATE start)
2024-05-02T21:46:53.702-04:00 DEBUG 21740 --- [atenciones] [           main] org.hibernate.HQL_FUNCTIONS              : nth_valueANY value, INTEGER nth
2024-05-02T21:46:53.702-04:00 DEBUG 21740 --- [atenciones] [           main] org.hibernate.HQL_FUNCTIONS              : nullif(arg0, arg1)
2024-05-02T21:46:53.702-04:00 DEBUG 21740 --- [atenciones] [           main] org.hibernate.HQL_FUNCTIONS              : Integer octet_length(STRING_OR_CLOB arg)
2024-05-02T21:46:53.702-04:00 DEBUG 21740 --- [atenciones] [           main] org.hibernate.HQL_FUNCTIONS              : OffsetDateTime offset datetime
2024-05-02T21:46:53.702-04:00 DEBUG 21740 --- [atenciones] [           main] org.hibernate.HQL_FUNCTIONS              : OffsetDateTime offset_datetime
2024-05-02T21:46:53.702-04:00 DEBUG 21740 --- [atenciones] [           main] org.hibernate.HQL_FUNCTIONS              : String overlay(STRING string placing STRING replacement from INTEGER start[ for INTEGER length])
2024-05-02T21:46:53.702-04:00 DEBUG 21740 --- [atenciones] [           main] org.hibernate.HQL_FUNCTIONS              : String pad(STRING string with INTEGER length {leading|trailing}[ STRING character])
2024-05-02T21:46:53.702-04:00 DEBUG 21740 --- [atenciones] [           main] org.hibernate.HQL_FUNCTIONS              : Double percent_rank([arg0[, ...]])
2024-05-02T21:46:53.702-04:00 DEBUG 21740 --- [atenciones] [           main] org.hibernate.HQL_FUNCTIONS              : percentile_cont(NUMERIC arg)
2024-05-02T21:46:53.702-04:00 DEBUG 21740 --- [atenciones] [           main] org.hibernate.HQL_FUNCTIONS              : percentile_disc(NUMERIC arg)
2024-05-02T21:46:53.702-04:00 DEBUG 21740 --- [atenciones] [           main] org.hibernate.HQL_FUNCTIONS              : Double pi
2024-05-02T21:46:53.702-04:00 DEBUG 21740 --- [atenciones] [           main] org.hibernate.HQL_FUNCTIONS              : Integer position(STRING pattern in STRING string)
2024-05-02T21:46:53.702-04:00 DEBUG 21740 --- [atenciones] [           main] org.hibernate.HQL_FUNCTIONS              : Double power(NUMERIC arg0, NUMERIC arg1)
2024-05-02T21:46:53.702-04:00 DEBUG 21740 --- [atenciones] [           main] org.hibernate.HQL_FUNCTIONS              : Double radians(NUMERIC arg)
2024-05-02T21:46:53.702-04:00 DEBUG 21740 --- [atenciones] [           main] org.hibernate.HQL_FUNCTIONS              : Long rank([arg0[, ...]])
2024-05-02T21:46:53.702-04:00 DEBUG 21740 --- [atenciones] [           main] org.hibernate.HQL_FUNCTIONS              : Double regr_avgx(NUMERIC arg0, NUMERIC arg1)
2024-05-02T21:46:53.703-04:00 DEBUG 21740 --- [atenciones] [           main] org.hibernate.HQL_FUNCTIONS              : Double regr_avgy(NUMERIC arg0, NUMERIC arg1)
2024-05-02T21:46:53.703-04:00 DEBUG 21740 --- [atenciones] [           main] org.hibernate.HQL_FUNCTIONS              : Double regr_count(NUMERIC arg0, NUMERIC arg1)
2024-05-02T21:46:53.703-04:00 DEBUG 21740 --- [atenciones] [           main] org.hibernate.HQL_FUNCTIONS              : Double regr_intercept(NUMERIC arg0, NUMERIC arg1)
2024-05-02T21:46:53.703-04:00 DEBUG 21740 --- [atenciones] [           main] org.hibernate.HQL_FUNCTIONS              : Double regr_r2(NUMERIC arg0, NUMERIC arg1)
2024-05-02T21:46:53.703-04:00 DEBUG 21740 --- [atenciones] [           main] org.hibernate.HQL_FUNCTIONS              : Double regr_slope(NUMERIC arg0, NUMERIC arg1)
2024-05-02T21:46:53.703-04:00 DEBUG 21740 --- [atenciones] [           main] org.hibernate.HQL_FUNCTIONS              : Double regr_sxx(NUMERIC arg0, NUMERIC arg1)
2024-05-02T21:46:53.703-04:00 DEBUG 21740 --- [atenciones] [           main] org.hibernate.HQL_FUNCTIONS              : Double regr_sxy(NUMERIC arg0, NUMERIC arg1)
2024-05-02T21:46:53.703-04:00 DEBUG 21740 --- [atenciones] [           main] org.hibernate.HQL_FUNCTIONS              : Double regr_syy(NUMERIC arg0, NUMERIC arg1)
2024-05-02T21:46:53.703-04:00 DEBUG 21740 --- [atenciones] [           main] org.hibernate.HQL_FUNCTIONS              : String repeat(STRING string, INTEGER times)
2024-05-02T21:46:53.703-04:00 DEBUG 21740 --- [atenciones] [           main] org.hibernate.HQL_FUNCTIONS              : String replace(STRING string, STRING pattern, STRING replacement)
2024-05-02T21:46:53.703-04:00 DEBUG 21740 --- [atenciones] [           main] org.hibernate.HQL_FUNCTIONS              : String right(STRING string, INTEGER length)
2024-05-02T21:46:53.703-04:00 DEBUG 21740 --- [atenciones] [           main] org.hibernate.HQL_FUNCTIONS              : round(NUMERIC number[, INTEGER places])
2024-05-02T21:46:53.703-04:00 DEBUG 21740 --- [atenciones] [           main] org.hibernate.HQL_FUNCTIONS              : Long row_number()
2024-05-02T21:46:53.703-04:00 DEBUG 21740 --- [atenciones] [           main] org.hibernate.HQL_FUNCTIONS              : Long rowid
2024-05-02T21:46:53.703-04:00 DEBUG 21740 --- [atenciones] [           main] org.hibernate.HQL_FUNCTIONS              : Long rownum
2024-05-02T21:46:53.703-04:00 DEBUG 21740 --- [atenciones] [           main] org.hibernate.HQL_FUNCTIONS              : String rpad(STRING string, INTEGER length[, STRING padding])
2024-05-02T21:46:53.703-04:00 DEBUG 21740 --- [atenciones] [           main] org.hibernate.HQL_FUNCTIONS              : String rtrim(STRING string[, STRING characters])
2024-05-02T21:46:53.703-04:00 DEBUG 21740 --- [atenciones] [           main] org.hibernate.HQL_FUNCTIONS              : Integer sign(NUMERIC arg)
2024-05-02T21:46:53.703-04:00 DEBUG 21740 --- [atenciones] [           main] org.hibernate.HQL_FUNCTIONS              : Double sin(NUMERIC arg)
2024-05-02T21:46:53.703-04:00 DEBUG 21740 --- [atenciones] [           main] org.hibernate.HQL_FUNCTIONS              : Double sinh(NUMERIC arg)
2024-05-02T21:46:53.703-04:00 DEBUG 21740 --- [atenciones] [           main] org.hibernate.HQL_FUNCTIONS              : String soundex(arg)
2024-05-02T21:46:53.703-04:00 DEBUG 21740 --- [atenciones] [           main] org.hibernate.HQL_FUNCTIONS              : Object sql
2024-05-02T21:46:53.703-04:00 DEBUG 21740 --- [atenciones] [           main] org.hibernate.HQL_FUNCTIONS              : Double sqrt(NUMERIC arg)
2024-05-02T21:46:53.703-04:00 DEBUG 21740 --- [atenciones] [           main] org.hibernate.HQL_FUNCTIONS              : Double stddev(NUMERIC arg)
2024-05-02T21:46:53.703-04:00 DEBUG 21740 --- [atenciones] [           main] org.hibernate.HQL_FUNCTIONS              : Double stddev_pop(NUMERIC arg)
2024-05-02T21:46:53.703-04:00 DEBUG 21740 --- [atenciones] [           main] org.hibernate.HQL_FUNCTIONS              : Double stddev_samp(NUMERIC arg)
2024-05-02T21:46:53.703-04:00 DEBUG 21740 --- [atenciones] [           main] org.hibernate.HQL_FUNCTIONS              : String str(arg)
2024-05-02T21:46:53.703-04:00 DEBUG 21740 --- [atenciones] [           main] org.hibernate.HQL_FUNCTIONS              : String substr(STRING string, INTEGER start[, INTEGER length])
2024-05-02T21:46:53.703-04:00 DEBUG 21740 --- [atenciones] [           main] org.hibernate.HQL_FUNCTIONS              : String substring(STRING string{ from|,} INTEGER start[{ for|,} INTEGER length])
2024-05-02T21:46:53.703-04:00 DEBUG 21740 --- [atenciones] [           main] org.hibernate.HQL_FUNCTIONS              : sum(arg)
2024-05-02T21:46:53.703-04:00 DEBUG 21740 --- [atenciones] [           main] org.hibernate.HQL_FUNCTIONS              : Timestamp sysdate
2024-05-02T21:46:53.703-04:00 DEBUG 21740 --- [atenciones] [           main] org.hibernate.HQL_FUNCTIONS              : Timestamp systimestamp
2024-05-02T21:46:53.703-04:00 DEBUG 21740 --- [atenciones] [           main] org.hibernate.HQL_FUNCTIONS              : Double tan(NUMERIC arg)
2024-05-02T21:46:53.703-04:00 DEBUG 21740 --- [atenciones] [           main] org.hibernate.HQL_FUNCTIONS              : Double tanh(NUMERIC arg)
2024-05-02T21:46:53.703-04:00 DEBUG 21740 --- [atenciones] [           main] org.hibernate.HQL_FUNCTIONS              : timestampadd(TEMPORAL_UNIT field, INTEGER magnitude, TEMPORAL datetime)
2024-05-02T21:46:53.703-04:00 DEBUG 21740 --- [atenciones] [           main] org.hibernate.HQL_FUNCTIONS              : basicType@23(java.lang.Long,-5)|basicType@36(java.lang.Double,8) timestampdiff(TEMPORAL_UNIT field, TEMPORAL start, TEMPORAL end)
2024-05-02T21:46:53.703-04:00 DEBUG 21740 --- [atenciones] [           main] org.hibernate.HQL_FUNCTIONS              : String to_char(ANY arg0[, STRING arg1, STRING arg2])
2024-05-02T21:46:53.703-04:00 DEBUG 21740 --- [atenciones] [           main] org.hibernate.HQL_FUNCTIONS              : Date to_date(STRING arg0[, STRING arg1, STRING arg2])
2024-05-02T21:46:53.703-04:00 DEBUG 21740 --- [atenciones] [           main] org.hibernate.HQL_FUNCTIONS              : Double to_number(STRING arg0[, STRING arg1, STRING arg2])
2024-05-02T21:46:53.703-04:00 DEBUG 21740 --- [atenciones] [           main] org.hibernate.HQL_FUNCTIONS              : Timestamp to_timestamp(STRING arg0[, STRING arg1, STRING arg2])
2024-05-02T21:46:53.703-04:00 DEBUG 21740 --- [atenciones] [           main] org.hibernate.HQL_FUNCTIONS              : String translate(STRING arg0, STRING arg1, STRING arg2)
2024-05-02T21:46:53.703-04:00 DEBUG 21740 --- [atenciones] [           main] org.hibernate.HQL_FUNCTIONS              : String trim([[{leading|trailing|both} ][STRING arg0 ]from] STRING arg1)
2024-05-02T21:46:53.703-04:00 DEBUG 21740 --- [atenciones] [           main] org.hibernate.HQL_FUNCTIONS              : trunc( ... )
2024-05-02T21:46:53.703-04:00 DEBUG 21740 --- [atenciones] [           main] org.hibernate.HQL_FUNCTIONS              : truncate( ... )
2024-05-02T21:46:53.703-04:00 DEBUG 21740 --- [atenciones] [           main] org.hibernate.HQL_FUNCTIONS              : String upper(STRING string)
2024-05-02T21:46:53.703-04:00 DEBUG 21740 --- [atenciones] [           main] org.hibernate.HQL_FUNCTIONS              : Double var_pop(NUMERIC arg)
2024-05-02T21:46:53.703-04:00 DEBUG 21740 --- [atenciones] [           main] org.hibernate.HQL_FUNCTIONS              : Double var_samp(NUMERIC arg)
2024-05-02T21:46:53.703-04:00 DEBUG 21740 --- [atenciones] [           main] org.hibernate.HQL_FUNCTIONS              : Double variance(NUMERIC arg)
2024-05-02T21:46:53.704-04:00 DEBUG 21740 --- [atenciones] [           main] org.hibernate.orm.query.plan.cache       : Starting QueryInterpretationCache(2048)
2024-05-02T21:46:53.705-04:00 DEBUG 21740 --- [atenciones] [           main] .h.s.i.SessionFactoryServiceRegistryImpl : EventListenerRegistry access via ServiceRegistry is deprecated.  Use `sessionFactory.getEventEngine().getListenerRegistry()` instead
2024-05-02T21:46:53.705-04:00 DEBUG 21740 --- [atenciones] [           main] h.e.i.EntityCopyObserverFactoryInitiator : Configured EntityCopyObserver strategy: disallow
2024-05-02T21:46:53.707-04:00 DEBUG 21740 --- [atenciones] [           main] o.h.boot.internal.ClassLoaderAccessImpl  : Not known whether passed class name [com.medicas.atenciones.model.Medico] is safe
2024-05-02T21:46:53.708-04:00 DEBUG 21740 --- [atenciones] [           main] o.h.boot.internal.ClassLoaderAccessImpl  : No temp ClassLoader provided; using live ClassLoader for loading potentially unsafe class : com.medicas.atenciones.model.Medico
2024-05-02T21:46:53.760-04:00 DEBUG 21740 --- [atenciones] [           main] o.h.b.i.bytebuddy.BytecodeProviderImpl   : HHH000513: Unable to create the ReflectionOptimizer for [com.medicas.atenciones.model.Medico]: private accessor [apellido]
2024-05-02T21:46:53.760-04:00 DEBUG 21740 --- [atenciones] [           main] o.h.boot.internal.ClassLoaderAccessImpl  : Not known whether passed class name [com.medicas.atenciones.model.Paciente] is safe
2024-05-02T21:46:53.760-04:00 DEBUG 21740 --- [atenciones] [           main] o.h.boot.internal.ClassLoaderAccessImpl  : No temp ClassLoader provided; using live ClassLoader for loading potentially unsafe class : com.medicas.atenciones.model.Paciente
2024-05-02T21:46:53.822-04:00 DEBUG 21740 --- [atenciones] [           main] o.h.b.i.bytebuddy.BytecodeProviderImpl   : HHH000513: Unable to create the ReflectionOptimizer for [com.medicas.atenciones.model.Paciente]: private accessor [apellido]
2024-05-02T21:46:53.824-04:00 DEBUG 21740 --- [atenciones] [           main] o.h.boot.internal.ClassLoaderAccessImpl  : Not known whether passed class name [com.medicas.atenciones.model.Atencion] is safe
2024-05-02T21:46:53.824-04:00 DEBUG 21740 --- [atenciones] [           main] o.h.boot.internal.ClassLoaderAccessImpl  : No temp ClassLoader provided; using live ClassLoader for loading potentially unsafe class : com.medicas.atenciones.model.Atencion
2024-05-02T21:46:53.842-04:00 DEBUG 21740 --- [atenciones] [           main] o.h.b.i.bytebuddy.BytecodeProviderImpl   : HHH000513: Unable to create the ReflectionOptimizer for [com.medicas.atenciones.model.Atencion]: private accessor [estado]
2024-05-02T21:46:53.844-04:00 DEBUG 21740 --- [atenciones] [           main] o.hibernate.orm.model.mapping.creation   : Starting post-init callbacks
2024-05-02T21:46:53.847-04:00 DEBUG 21740 --- [atenciones] [           main] o.hibernate.orm.model.mapping.creation   : Starting PostInitCallbackEntry : Entity(com.medicas.atenciones.model.Medico) `staticFetchableList` generator
2024-05-02T21:46:53.847-04:00 DEBUG 21740 --- [atenciones] [           main] o.hibernate.orm.model.mapping.creation   : Starting PostInitCallbackEntry : Entity(com.medicas.atenciones.model.Paciente) `staticFetchableList` generator
2024-05-02T21:46:53.847-04:00 DEBUG 21740 --- [atenciones] [           main] o.hibernate.orm.model.mapping.creation   : Starting PostInitCallbackEntry : Entity(com.medicas.atenciones.model.Atencion) `staticFetchableList` generator
2024-05-02T21:46:53.851-04:00 DEBUG 21740 --- [atenciones] [           main] org.hibernate.orm.sql.ast.create         : Created new SQL alias : m1_0
2024-05-02T21:46:53.851-04:00 DEBUG 21740 --- [atenciones] [           main] org.hibernate.orm.sql.ast.create         : Registration of TableGroup [StandardTableGroup(com.medicas.atenciones.model.Medico)] with identifierForTableGroup [com.medicas.atenciones.model.Medico] for NavigablePath [com.medicas.atenciones.model.Medico] 
2024-05-02T21:46:53.851-04:00 DEBUG 21740 --- [atenciones] [           main] org.hibernate.orm.results.graph.AST      : DomainResult Graph:
 \-EntityResultImpl [com.medicas.atenciones.model.Medico]
 |  +-BasicFetch [com.medicas.atenciones.model.Medico.apellido]
 |  +-BasicFetch [com.medicas.atenciones.model.Medico.nombre]
 |  \-BasicFetch [com.medicas.atenciones.model.Medico.profesion]

2024-05-02T21:46:53.851-04:00 DEBUG 21740 --- [atenciones] [           main] org.hibernate.orm.sql.ast.tree           : SQL AST Tree:
    SelectStatement {
      FromClause {
        StandardTableGroup (m1 : com.medicas.atenciones.model.Medico) {
          primaryTableReference : medico as m1_0
        }
      }
    }

2024-05-02T21:46:53.854-04:00 DEBUG 21740 --- [atenciones] [           main] o.h.p.entity.AbstractEntityPersister     : Static SQL for entity: com.medicas.atenciones.model.Medico
2024-05-02T21:46:53.855-04:00 DEBUG 21740 --- [atenciones] [           main] o.h.p.entity.AbstractEntityPersister     :  Version select: select id from medico where id=?
2024-05-02T21:46:53.855-04:00 DEBUG 21740 --- [atenciones] [           main] o.h.p.entity.AbstractEntityPersister     :  Insert (0): insert into medico (apellido,nombre,profesion,id) values (?,?,?,?)
2024-05-02T21:46:53.855-04:00 DEBUG 21740 --- [atenciones] [           main] o.h.p.entity.AbstractEntityPersister     :  Update (0): update medico set apellido=?,nombre=?,profesion=? where id=?
2024-05-02T21:46:53.855-04:00 DEBUG 21740 --- [atenciones] [           main] o.h.p.entity.AbstractEntityPersister     :  Delete (0): delete from medico where id=?
2024-05-02T21:46:53.856-04:00 DEBUG 21740 --- [atenciones] [           main] org.hibernate.orm.sql.ast.create         : Created new SQL alias : p1_0
2024-05-02T21:46:53.856-04:00 DEBUG 21740 --- [atenciones] [           main] org.hibernate.orm.sql.ast.create         : Registration of TableGroup [StandardTableGroup(com.medicas.atenciones.model.Paciente)] with identifierForTableGroup [com.medicas.atenciones.model.Paciente] for NavigablePath [com.medicas.atenciones.model.Paciente] 
2024-05-02T21:46:53.856-04:00 DEBUG 21740 --- [atenciones] [           main] org.hibernate.orm.results.graph.AST      : DomainResult Graph:
 \-EntityResultImpl [com.medicas.atenciones.model.Paciente]
 |  +-BasicFetch [com.medicas.atenciones.model.Paciente.apellido]
 |  +-BasicFetch [com.medicas.atenciones.model.Paciente.direccion]
 |  +-BasicFetch [com.medicas.atenciones.model.Paciente.dv]
 |  +-BasicFetch [com.medicas.atenciones.model.Paciente.nombre]
 |  +-BasicFetch [com.medicas.atenciones.model.Paciente.numeracion]
 |  \-BasicFetch [com.medicas.atenciones.model.Paciente.rut]

2024-05-02T21:46:53.856-04:00 DEBUG 21740 --- [atenciones] [           main] org.hibernate.orm.sql.ast.tree           : SQL AST Tree:
    SelectStatement {
      FromClause {
        StandardTableGroup (p1 : com.medicas.atenciones.model.Paciente) {
          primaryTableReference : paciente as p1_0
        }
      }
    }

2024-05-02T21:46:53.856-04:00 DEBUG 21740 --- [atenciones] [           main] o.h.p.entity.AbstractEntityPersister     : Static SQL for entity: com.medicas.atenciones.model.Paciente
2024-05-02T21:46:53.856-04:00 DEBUG 21740 --- [atenciones] [           main] o.h.p.entity.AbstractEntityPersister     :  Version select: select id from paciente where id=?
2024-05-02T21:46:53.856-04:00 DEBUG 21740 --- [atenciones] [           main] o.h.p.entity.AbstractEntityPersister     :  Insert (0): insert into paciente (apellido,direccion,dv,nombre,numeracion,rut,id) values (?,?,?,?,?,?,?)
2024-05-02T21:46:53.856-04:00 DEBUG 21740 --- [atenciones] [           main] o.h.p.entity.AbstractEntityPersister     :  Update (0): update paciente set apellido=?,direccion=?,dv=?,nombre=?,numeracion=?,rut=? where id=?
2024-05-02T21:46:53.856-04:00 DEBUG 21740 --- [atenciones] [           main] o.h.p.entity.AbstractEntityPersister     :  Delete (0): delete from paciente where id=?
2024-05-02T21:46:53.856-04:00 DEBUG 21740 --- [atenciones] [           main] org.hibernate.orm.sql.ast.create         : Created new SQL alias : a1_0
2024-05-02T21:46:53.856-04:00 DEBUG 21740 --- [atenciones] [           main] org.hibernate.orm.sql.ast.create         : Registration of TableGroup [StandardTableGroup(com.medicas.atenciones.model.Atencion)] with identifierForTableGroup [com.medicas.atenciones.model.Atencion] for NavigablePath [com.medicas.atenciones.model.Atencion] 
2024-05-02T21:46:53.856-04:00 DEBUG 21740 --- [atenciones] [           main] org.hibernate.orm.results.graph.AST      : DomainResult Graph:
 \-EntityResultImpl [com.medicas.atenciones.model.Atencion]
 |  +-BasicFetch [com.medicas.atenciones.model.Atencion.estado]
 |  +-BasicFetch [com.medicas.atenciones.model.Atencion.fecha_atencion]
 |  +-BasicFetch [com.medicas.atenciones.model.Atencion.medico_id]
 |  \-BasicFetch [com.medicas.atenciones.model.Atencion.paciente_id]

2024-05-02T21:46:53.857-04:00 DEBUG 21740 --- [atenciones] [           main] org.hibernate.orm.sql.ast.tree           : SQL AST Tree:
    SelectStatement {
      FromClause {
        StandardTableGroup (a1 : com.medicas.atenciones.model.Atencion) {
          primaryTableReference : atencion as a1_0
        }
      }
    }

2024-05-02T21:46:53.857-04:00 DEBUG 21740 --- [atenciones] [           main] o.h.p.entity.AbstractEntityPersister     : Static SQL for entity: com.medicas.atenciones.model.Atencion
2024-05-02T21:46:53.857-04:00 DEBUG 21740 --- [atenciones] [           main] o.h.p.entity.AbstractEntityPersister     :  Version select: select id from atencion where id=?
2024-05-02T21:46:53.857-04:00 DEBUG 21740 --- [atenciones] [           main] o.h.p.entity.AbstractEntityPersister     :  Insert (0): insert into atencion (estado,fecha_atencion,medico_id,paciente_id,id) values (?,?,?,?,?)
2024-05-02T21:46:53.857-04:00 DEBUG 21740 --- [atenciones] [           main] o.h.p.entity.AbstractEntityPersister     :  Update (0): update atencion set estado=?,fecha_atencion=?,medico_id=?,paciente_id=? where id=?
2024-05-02T21:46:53.857-04:00 DEBUG 21740 --- [atenciones] [           main] o.h.p.entity.AbstractEntityPersister     :  Delete (0): delete from atencion where id=?
2024-05-02T21:46:53.858-04:00  INFO 21740 --- [atenciones] [           main] o.h.e.t.j.p.i.JtaPlatformInitiator       : HHH000489: No JTA platform available (set 'hibernate.transaction.jta.platform' to enable JTA platform integration)
2024-05-02T21:46:53.858-04:00 DEBUG 21740 --- [atenciones] [           main] o.h.type.spi.TypeConfiguration$Scope     : Scoping TypeConfiguration [org.hibernate.type.spi.TypeConfiguration@60a98fa6] to SessionFactoryImplementor [org.hibernate.internal.SessionFactoryImpl@1c6d65f7]
2024-05-02T21:46:53.858-04:00 DEBUG 21740 --- [atenciones] [           main] o.h.query.named.NamedObjectRepository    : Checking 0 named HQL queries
2024-05-02T21:46:53.858-04:00 DEBUG 21740 --- [atenciones] [           main] o.h.query.named.NamedObjectRepository    : Checking 0 named SQL queries
2024-05-02T21:46:53.858-04:00 DEBUG 21740 --- [atenciones] [           main] .h.t.s.s.SchemaManagementToolCoordinator : No schema actions specified for contributor `orm`; doing nothing
2024-05-02T21:46:53.858-04:00 DEBUG 21740 --- [atenciones] [           main] .h.t.s.s.SchemaManagementToolCoordinator : No actions found; doing nothing
2024-05-02T21:46:53.858-04:00 DEBUG 21740 --- [atenciones] [           main] o.h.internal.SessionFactoryRegistry      : Registering SessionFactory: 6abd540c-332d-4724-9d37-248b5c6542de (<unnamed>)
2024-05-02T21:46:53.858-04:00 DEBUG 21740 --- [atenciones] [           main] o.h.internal.SessionFactoryRegistry      : Not binding SessionFactory to JNDI, no JNDI name configured
2024-05-02T21:46:53.858-04:00 DEBUG 21740 --- [atenciones] [           main] o.hibernate.internal.SessionFactoryImpl  : Instantiated SessionFactory
2024-05-02T21:46:53.858-04:00  INFO 21740 --- [atenciones] [           main] j.LocalContainerEntityManagerFactoryBean : Initialized JPA EntityManagerFactory for persistence unit 'default'
2024-05-02T21:46:53.859-04:00 DEBUG 21740 --- [atenciones] [           main] o.s.b.f.s.DefaultListableBeanFactory     : Creating shared instance of singleton bean 'atencionesApplication'
2024-05-02T21:46:53.860-04:00 DEBUG 21740 --- [atenciones] [           main] o.s.b.f.s.DefaultListableBeanFactory     : Creating shared instance of singleton bean 'org.springframework.boot.test.autoconfigure.jdbc.TestDatabaseAutoConfiguration'
2024-05-02T21:46:53.863-04:00 DEBUG 21740 --- [atenciones] [           main] o.s.b.f.s.DefaultListableBeanFactory     : Creating shared instance of singleton bean 'org.springframework.boot.autoconfigure.jdbc.metadata.DataSourcePoolMetadataProvidersConfiguration'
2024-05-02T21:46:53.864-04:00 DEBUG 21740 --- [atenciones] [           main] o.s.b.f.s.DefaultListableBeanFactory     : Creating shared instance of singleton bean 'org.springframework.boot.autoconfigure.jdbc.DataSourceAutoConfiguration'
2024-05-02T21:46:53.864-04:00 DEBUG 21740 --- [atenciones] [           main] o.s.b.f.s.DefaultListableBeanFactory     : Creating shared instance of singleton bean 'org.springframework.boot.context.properties.EnableConfigurationPropertiesRegistrar.methodValidationExcludeFilter'
2024-05-02T21:46:53.865-04:00 DEBUG 21740 --- [atenciones] [           main] o.s.b.f.s.DefaultListableBeanFactory     : Creating shared instance of singleton bean 'org.springframework.boot.autoconfigure.orm.jpa.JpaBaseConfiguration$PersistenceManagedTypesConfiguration'
2024-05-02T21:46:53.874-04:00 DEBUG 21740 --- [atenciones] [           main] o.s.b.f.s.DefaultListableBeanFactory     : Creating shared instance of singleton bean 'transactionManager'
2024-05-02T21:46:53.888-04:00 DEBUG 21740 --- [atenciones] [           main] o.s.b.f.s.DefaultListableBeanFactory     : Creating shared instance of singleton bean 'org.springframework.boot.autoconfigure.orm.jpa.HibernateJpaAutoConfiguration'
2024-05-02T21:46:53.888-04:00 DEBUG 21740 --- [atenciones] [           main] o.s.b.f.s.DefaultListableBeanFactory     : Creating shared instance of singleton bean 'org.springframework.boot.autoconfigure.data.jpa.JpaRepositoriesAutoConfiguration'
2024-05-02T21:46:53.889-04:00 DEBUG 21740 --- [atenciones] [           main] o.s.b.f.s.DefaultListableBeanFactory     : Creating shared instance of singleton bean 'jpaSharedEM_entityManagerFactory'
2024-05-02T21:46:53.910-04:00 DEBUG 21740 --- [atenciones] [           main] o.s.b.f.s.DefaultListableBeanFactory     : Creating shared instance of singleton bean 'org.springframework.data.jpa.util.JpaMetamodelCacheCleanup'
2024-05-02T21:46:53.919-04:00 DEBUG 21740 --- [atenciones] [           main] o.s.b.f.s.DefaultListableBeanFactory     : Creating shared instance of singleton bean 'org.springframework.data.jpa.repository.support.JpaEvaluationContextExtension'
2024-05-02T21:46:53.922-04:00 DEBUG 21740 --- [atenciones] [           main] o.s.b.f.s.DefaultListableBeanFactory     : Creating shared instance of singleton bean 'jpa.named-queries#0'
2024-05-02T21:46:53.956-04:00 DEBUG 21740 --- [atenciones] [           main] o.s.b.f.s.DefaultListableBeanFactory     : Creating shared instance of singleton bean 'jpa.MedicoRepository.fragments#0'
2024-05-02T21:46:53.958-04:00 DEBUG 21740 --- [atenciones] [           main] o.s.b.f.s.DefaultListableBeanFactory     : Creating shared instance of singleton bean 'medicoRepository'
2024-05-02T21:46:53.966-04:00 DEBUG 21740 --- [atenciones] [           main] o.s.b.f.s.DefaultListableBeanFactory     : Creating shared instance of singleton bean 'jpaMappingContext'
2024-05-02T21:46:53.967-04:00 DEBUG 21740 --- [atenciones] [           main] .c.JpaMetamodelMappingContextFactoryBean : Initializing JpaMetamodelMappingContext…
2024-05-02T21:46:53.969-04:00 DEBUG 21740 --- [atenciones] [           main] .c.JpaMetamodelMappingContextFactoryBean : Finished initializing JpaMetamodelMappingContext
2024-05-02T21:46:53.973-04:00 DEBUG 21740 --- [atenciones] [           main] tor$SharedEntityManagerInvocationHandler : Creating new EntityManager for shared EntityManager invocation
2024-05-02T21:46:53.974-04:00 DEBUG 21740 --- [atenciones] [           main] o.h.stat.internal.StatisticsInitiator    : Statistics initialized [enabled=false]
2024-05-02T21:46:53.988-04:00 DEBUG 21740 --- [atenciones] [           main] o.s.d.r.c.s.RepositoryFactorySupport     : Initializing repository instance for com.medicas.atenciones.repository.MedicoRepository…
2024-05-02T21:46:53.989-04:00 DEBUG 21740 --- [atenciones] [           main] tor$SharedEntityManagerInvocationHandler : Creating new EntityManager for shared EntityManager invocation
2024-05-02T21:46:54.001-04:00 DEBUG 21740 --- [atenciones] [           main] o.s.d.r.c.s.RepositoryFactorySupport     : Finished creation of repository instance for com.medicas.atenciones.repository.MedicoRepository.
2024-05-02T21:46:54.006-04:00 DEBUG 21740 --- [atenciones] [           main] o.s.b.f.s.DefaultListableBeanFactory     : Creating shared instance of singleton bean 'jpa.named-queries#1'
2024-05-02T21:46:54.008-04:00 DEBUG 21740 --- [atenciones] [           main] o.s.b.f.s.DefaultListableBeanFactory     : Creating shared instance of singleton bean 'jpa.AtencionRepository.fragments#0'
2024-05-02T21:46:54.009-04:00 DEBUG 21740 --- [atenciones] [           main] o.s.b.f.s.DefaultListableBeanFactory     : Creating shared instance of singleton bean 'atencionRepository'
2024-05-02T21:46:54.034-04:00 DEBUG 21740 --- [atenciones] [           main] tor$SharedEntityManagerInvocationHandler : Creating new EntityManager for shared EntityManager invocation
2024-05-02T21:46:54.049-04:00 DEBUG 21740 --- [atenciones] [           main] o.s.d.r.c.s.RepositoryFactorySupport     : Initializing repository instance for com.medicas.atenciones.repository.AtencionRepository…
2024-05-02T21:46:54.049-04:00 DEBUG 21740 --- [atenciones] [           main] tor$SharedEntityManagerInvocationHandler : Creating new EntityManager for shared EntityManager invocation
2024-05-02T21:46:54.051-04:00 DEBUG 21740 --- [atenciones] [           main] o.s.d.r.c.s.RepositoryFactorySupport     : Finished creation of repository instance for com.medicas.atenciones.repository.AtencionRepository.
2024-05-02T21:46:54.051-04:00 DEBUG 21740 --- [atenciones] [           main] o.s.b.f.s.DefaultListableBeanFactory     : Creating shared instance of singleton bean 'jpa.named-queries#2'
2024-05-02T21:46:54.052-04:00 DEBUG 21740 --- [atenciones] [           main] o.s.b.f.s.DefaultListableBeanFactory     : Creating shared instance of singleton bean 'jpa.PacienteRepository.fragments#0'
2024-05-02T21:46:54.052-04:00 DEBUG 21740 --- [atenciones] [           main] o.s.b.f.s.DefaultListableBeanFactory     : Creating shared instance of singleton bean 'pacienteRepository'
2024-05-02T21:46:54.055-04:00 DEBUG 21740 --- [atenciones] [           main] tor$SharedEntityManagerInvocationHandler : Creating new EntityManager for shared EntityManager invocation
2024-05-02T21:46:54.071-04:00 DEBUG 21740 --- [atenciones] [           main] o.s.d.r.c.s.RepositoryFactorySupport     : Initializing repository instance for com.medicas.atenciones.repository.PacienteRepository…
2024-05-02T21:46:54.072-04:00 DEBUG 21740 --- [atenciones] [           main] tor$SharedEntityManagerInvocationHandler : Creating new EntityManager for shared EntityManager invocation
2024-05-02T21:46:54.076-04:00 DEBUG 21740 --- [atenciones] [           main] o.s.d.jpa.repository.query.NamedQuery    : Looking up named query Paciente.findByRut
2024-05-02T21:46:54.076-04:00 DEBUG 21740 --- [atenciones] [           main] cResourceLocalTransactionCoordinatorImpl : JDBC transaction marked for rollback-only (exception provided for stack trace)

java.lang.Exception: exception just for purpose of providing stack trace
	at org.hibernate.resource.transaction.backend.jdbc.internal.JdbcResourceLocalTransactionCoordinatorImpl$TransactionDriverControlImpl.markRollbackOnly(JdbcResourceLocalTransactionCoordinatorImpl.java:310) ~[hibernate-core-6.4.4.Final.jar:6.4.4.Final]
	at org.hibernate.internal.AbstractSharedSessionContract.buildNamedQuery(AbstractSharedSessionContract.java:1097) ~[hibernate-core-6.4.4.Final.jar:6.4.4.Final]
	at org.hibernate.internal.AbstractSharedSessionContract.createNamedQuery(AbstractSharedSessionContract.java:975) ~[hibernate-core-6.4.4.Final.jar:6.4.4.Final]
	at org.hibernate.internal.AbstractSharedSessionContract.createNamedQuery(AbstractSharedSessionContract.java:136) ~[hibernate-core-6.4.4.Final.jar:6.4.4.Final]
	at java.base/jdk.internal.reflect.DirectMethodHandleAccessor.invoke(DirectMethodHandleAccessor.java:103) ~[na:na]
	at java.base/java.lang.reflect.Method.invoke(Method.java:580) ~[na:na]
	at org.springframework.orm.jpa.ExtendedEntityManagerCreator$ExtendedEntityManagerInvocationHandler.invoke(ExtendedEntityManagerCreator.java:364) ~[spring-orm-6.1.6.jar:6.1.6]
	at jdk.proxy2/jdk.proxy2.$Proxy142.createNamedQuery(Unknown Source) ~[na:na]
	at org.springframework.data.jpa.repository.query.NamedQuery.hasNamedQuery(NamedQuery.java:113) ~[spring-data-jpa-3.2.5.jar:3.2.5]
	at org.springframework.data.jpa.repository.query.NamedQuery.lookupFrom(NamedQuery.java:141) ~[spring-data-jpa-3.2.5.jar:3.2.5]
	at org.springframework.data.jpa.repository.query.JpaQueryLookupStrategy$DeclaredQueryLookupStrategy.resolveQuery(JpaQueryLookupStrategy.java:180) ~[spring-data-jpa-3.2.5.jar:3.2.5]
	at org.springframework.data.jpa.repository.query.JpaQueryLookupStrategy$CreateIfNotFoundQueryLookupStrategy.resolveQuery(JpaQueryLookupStrategy.java:252) ~[spring-data-jpa-3.2.5.jar:3.2.5]
	at org.springframework.data.jpa.repository.query.JpaQueryLookupStrategy$AbstractQueryLookupStrategy.resolveQuery(JpaQueryLookupStrategy.java:95) ~[spring-data-jpa-3.2.5.jar:3.2.5]
	at org.springframework.data.repository.core.support.QueryExecutorMethodInterceptor.lookupQuery(QueryExecutorMethodInterceptor.java:111) ~[spring-data-commons-3.2.5.jar:3.2.5]
	at org.springframework.data.repository.core.support.QueryExecutorMethodInterceptor.mapMethodsToQuery(QueryExecutorMethodInterceptor.java:99) ~[spring-data-commons-3.2.5.jar:3.2.5]
	at org.springframework.data.repository.core.support.QueryExecutorMethodInterceptor.lambda$new$0(QueryExecutorMethodInterceptor.java:88) ~[spring-data-commons-3.2.5.jar:3.2.5]
	at java.base/java.util.Optional.map(Optional.java:260) ~[na:na]
	at org.springframework.data.repository.core.support.QueryExecutorMethodInterceptor.<init>(QueryExecutorMethodInterceptor.java:88) ~[spring-data-commons-3.2.5.jar:3.2.5]
	at org.springframework.data.repository.core.support.RepositoryFactorySupport.getRepository(RepositoryFactorySupport.java:357) ~[spring-data-commons-3.2.5.jar:3.2.5]
	at org.springframework.data.repository.core.support.RepositoryFactoryBeanSupport.lambda$afterPropertiesSet$5(RepositoryFactoryBeanSupport.java:279) ~[spring-data-commons-3.2.5.jar:3.2.5]
	at org.springframework.data.util.Lazy.getNullable(Lazy.java:135) ~[spring-data-commons-3.2.5.jar:3.2.5]
	at org.springframework.data.util.Lazy.get(Lazy.java:113) ~[spring-data-commons-3.2.5.jar:3.2.5]
	at org.springframework.data.repository.core.support.RepositoryFactoryBeanSupport.afterPropertiesSet(RepositoryFactoryBeanSupport.java:285) ~[spring-data-commons-3.2.5.jar:3.2.5]
	at org.springframework.data.jpa.repository.support.JpaRepositoryFactoryBean.afterPropertiesSet(JpaRepositoryFactoryBean.java:132) ~[spring-data-jpa-3.2.5.jar:3.2.5]
	at org.springframework.beans.factory.support.AbstractAutowireCapableBeanFactory.invokeInitMethods(AbstractAutowireCapableBeanFactory.java:1833) ~[spring-beans-6.1.6.jar:6.1.6]
	at org.springframework.beans.factory.support.AbstractAutowireCapableBeanFactory.initializeBean(AbstractAutowireCapableBeanFactory.java:1782) ~[spring-beans-6.1.6.jar:6.1.6]
	at org.springframework.beans.factory.support.AbstractAutowireCapableBeanFactory.doCreateBean(AbstractAutowireCapableBeanFactory.java:600) ~[spring-beans-6.1.6.jar:6.1.6]
	at org.springframework.beans.factory.support.AbstractAutowireCapableBeanFactory.createBean(AbstractAutowireCapableBeanFactory.java:522) ~[spring-beans-6.1.6.jar:6.1.6]
	at org.springframework.beans.factory.support.AbstractBeanFactory.lambda$doGetBean$0(AbstractBeanFactory.java:326) ~[spring-beans-6.1.6.jar:6.1.6]
	at org.springframework.beans.factory.support.DefaultSingletonBeanRegistry.getSingleton(DefaultSingletonBeanRegistry.java:234) ~[spring-beans-6.1.6.jar:6.1.6]
	at org.springframework.beans.factory.support.AbstractBeanFactory.doGetBean(AbstractBeanFactory.java:324) ~[spring-beans-6.1.6.jar:6.1.6]
	at org.springframework.beans.factory.support.AbstractBeanFactory.getBean(AbstractBeanFactory.java:200) ~[spring-beans-6.1.6.jar:6.1.6]
	at org.springframework.beans.factory.support.DefaultListableBeanFactory.preInstantiateSingletons(DefaultListableBeanFactory.java:969) ~[spring-beans-6.1.6.jar:6.1.6]
	at org.springframework.context.support.AbstractApplicationContext.finishBeanFactoryInitialization(AbstractApplicationContext.java:962) ~[spring-context-6.1.6.jar:6.1.6]
	at org.springframework.context.support.AbstractApplicationContext.refresh(AbstractApplicationContext.java:624) ~[spring-context-6.1.6.jar:6.1.6]
	at org.springframework.boot.SpringApplication.refresh(SpringApplication.java:754) ~[spring-boot-3.2.5.jar:3.2.5]
	at org.springframework.boot.SpringApplication.refreshContext(SpringApplication.java:456) ~[spring-boot-3.2.5.jar:3.2.5]
	at org.springframework.boot.SpringApplication.run(SpringApplication.java:334) ~[spring-boot-3.2.5.jar:3.2.5]
	at org.springframework.boot.test.context.SpringBootContextLoader.lambda$loadContext$3(SpringBootContextLoader.java:137) ~[spring-boot-test-3.2.5.jar:3.2.5]
	at org.springframework.util.function.ThrowingSupplier.get(ThrowingSupplier.java:58) ~[spring-core-6.1.6.jar:6.1.6]
	at org.springframework.util.function.ThrowingSupplier.get(ThrowingSupplier.java:46) ~[spring-core-6.1.6.jar:6.1.6]
	at org.springframework.boot.SpringApplication.withHook(SpringApplication.java:1454) ~[spring-boot-3.2.5.jar:3.2.5]
	at org.springframework.boot.test.context.SpringBootContextLoader$ContextLoaderHook.run(SpringBootContextLoader.java:553) ~[spring-boot-test-3.2.5.jar:3.2.5]
	at org.springframework.boot.test.context.SpringBootContextLoader.loadContext(SpringBootContextLoader.java:137) ~[spring-boot-test-3.2.5.jar:3.2.5]
	at org.springframework.boot.test.context.SpringBootContextLoader.loadContext(SpringBootContextLoader.java:108) ~[spring-boot-test-3.2.5.jar:3.2.5]
	at org.springframework.test.context.cache.DefaultCacheAwareContextLoaderDelegate.loadContextInternal(DefaultCacheAwareContextLoaderDelegate.java:225) ~[spring-test-6.1.6.jar:6.1.6]
	at org.springframework.test.context.cache.DefaultCacheAwareContextLoaderDelegate.loadContext(DefaultCacheAwareContextLoaderDelegate.java:152) ~[spring-test-6.1.6.jar:6.1.6]
	at org.springframework.test.context.support.DefaultTestContext.getApplicationContext(DefaultTestContext.java:130) ~[spring-test-6.1.6.jar:6.1.6]
	at org.springframework.test.context.support.DependencyInjectionTestExecutionListener.injectDependencies(DependencyInjectionTestExecutionListener.java:142) ~[spring-test-6.1.6.jar:6.1.6]
	at org.springframework.test.context.support.DependencyInjectionTestExecutionListener.prepareTestInstance(DependencyInjectionTestExecutionListener.java:98) ~[spring-test-6.1.6.jar:6.1.6]
	at org.springframework.test.context.TestContextManager.prepareTestInstance(TestContextManager.java:260) ~[spring-test-6.1.6.jar:6.1.6]
	at org.springframework.test.context.junit.jupiter.SpringExtension.postProcessTestInstance(SpringExtension.java:163) ~[spring-test-6.1.6.jar:6.1.6]
	at org.junit.jupiter.engine.descriptor.ClassBasedTestDescriptor.lambda$invokeTestInstancePostProcessors$10(ClassBasedTestDescriptor.java:378) ~[junit-jupiter-engine-5.10.2.jar:5.10.2]
	at org.junit.jupiter.engine.descriptor.ClassBasedTestDescriptor.executeAndMaskThrowable(ClassBasedTestDescriptor.java:383) ~[junit-jupiter-engine-5.10.2.jar:5.10.2]
	at org.junit.jupiter.engine.descriptor.ClassBasedTestDescriptor.lambda$invokeTestInstancePostProcessors$11(ClassBasedTestDescriptor.java:378) ~[junit-jupiter-engine-5.10.2.jar:5.10.2]
	at java.base/java.util.stream.ReferencePipeline$3$1.accept(ReferencePipeline.java:197) ~[na:na]
	at java.base/java.util.stream.ReferencePipeline$2$1.accept(ReferencePipeline.java:179) ~[na:na]
	at java.base/java.util.ArrayList$ArrayListSpliterator.forEachRemaining(ArrayList.java:1708) ~[na:na]
	at java.base/java.util.stream.AbstractPipeline.copyInto(AbstractPipeline.java:509) ~[na:na]
	at java.base/java.util.stream.AbstractPipeline.wrapAndCopyInto(AbstractPipeline.java:499) ~[na:na]
	at java.base/java.util.stream.StreamSpliterators$WrappingSpliterator.forEachRemaining(StreamSpliterators.java:310) ~[na:na]
	at java.base/java.util.stream.Streams$ConcatSpliterator.forEachRemaining(Streams.java:735) ~[na:na]
	at java.base/java.util.stream.Streams$ConcatSpliterator.forEachRemaining(Streams.java:734) ~[na:na]
	at java.base/java.util.stream.ReferencePipeline$Head.forEach(ReferencePipeline.java:762) ~[na:na]
	at org.junit.jupiter.engine.descriptor.ClassBasedTestDescriptor.invokeTestInstancePostProcessors(ClassBasedTestDescriptor.java:377) ~[junit-jupiter-engine-5.10.2.jar:5.10.2]
	at org.junit.jupiter.engine.descriptor.ClassBasedTestDescriptor.lambda$instantiateAndPostProcessTestInstance$6(ClassBasedTestDescriptor.java:290) ~[junit-jupiter-engine-5.10.2.jar:5.10.2]
	at org.junit.platform.engine.support.hierarchical.ThrowableCollector.execute(ThrowableCollector.java:73) ~[junit-platform-engine-1.10.2.jar:1.10.2]
	at org.junit.jupiter.engine.descriptor.ClassBasedTestDescriptor.instantiateAndPostProcessTestInstance(ClassBasedTestDescriptor.java:289) ~[junit-jupiter-engine-5.10.2.jar:5.10.2]
	at org.junit.jupiter.engine.descriptor.ClassBasedTestDescriptor.lambda$testInstancesProvider$4(ClassBasedTestDescriptor.java:279) ~[junit-jupiter-engine-5.10.2.jar:5.10.2]
	at java.base/java.util.Optional.orElseGet(Optional.java:364) ~[na:na]
	at org.junit.jupiter.engine.descriptor.ClassBasedTestDescriptor.lambda$testInstancesProvider$5(ClassBasedTestDescriptor.java:278) ~[junit-jupiter-engine-5.10.2.jar:5.10.2]
	at org.junit.jupiter.engine.execution.TestInstancesProvider.getTestInstances(TestInstancesProvider.java:31) ~[junit-jupiter-engine-5.10.2.jar:5.10.2]
	at org.junit.jupiter.engine.descriptor.TestMethodTestDescriptor.lambda$prepare$0(TestMethodTestDescriptor.java:106) ~[junit-jupiter-engine-5.10.2.jar:5.10.2]
	at org.junit.platform.engine.support.hierarchical.ThrowableCollector.execute(ThrowableCollector.java:73) ~[junit-platform-engine-1.10.2.jar:1.10.2]
	at org.junit.jupiter.engine.descriptor.TestMethodTestDescriptor.prepare(TestMethodTestDescriptor.java:105) ~[junit-jupiter-engine-5.10.2.jar:5.10.2]
	at org.junit.jupiter.engine.descriptor.TestMethodTestDescriptor.prepare(TestMethodTestDescriptor.java:69) ~[junit-jupiter-engine-5.10.2.jar:5.10.2]
	at org.junit.platform.engine.support.hierarchical.NodeTestTask.lambda$prepare$2(NodeTestTask.java:123) ~[junit-platform-engine-1.10.2.jar:1.10.2]
	at org.junit.platform.engine.support.hierarchical.ThrowableCollector.execute(ThrowableCollector.java:73) ~[junit-platform-engine-1.10.2.jar:1.10.2]
	at org.junit.platform.engine.support.hierarchical.NodeTestTask.prepare(NodeTestTask.java:123) ~[junit-platform-engine-1.10.2.jar:1.10.2]
	at org.junit.platform.engine.support.hierarchical.NodeTestTask.execute(NodeTestTask.java:90) ~[junit-platform-engine-1.10.2.jar:1.10.2]
	at java.base/java.util.ArrayList.forEach(ArrayList.java:1596) ~[na:na]
	at org.junit.platform.engine.support.hierarchical.SameThreadHierarchicalTestExecutorService.invokeAll(SameThreadHierarchicalTestExecutorService.java:41) ~[junit-platform-engine-1.10.2.jar:1.10.2]
	at org.junit.platform.engine.support.hierarchical.NodeTestTask.lambda$executeRecursively$6(NodeTestTask.java:155) ~[junit-platform-engine-1.10.2.jar:1.10.2]
	at org.junit.platform.engine.support.hierarchical.ThrowableCollector.execute(ThrowableCollector.java:73) ~[junit-platform-engine-1.10.2.jar:1.10.2]
	at org.junit.platform.engine.support.hierarchical.NodeTestTask.lambda$executeRecursively$8(NodeTestTask.java:141) ~[junit-platform-engine-1.10.2.jar:1.10.2]
	at org.junit.platform.engine.support.hierarchical.Node.around(Node.java:137) ~[junit-platform-engine-1.10.2.jar:1.10.2]
	at org.junit.platform.engine.support.hierarchical.NodeTestTask.lambda$executeRecursively$9(NodeTestTask.java:139) ~[junit-platform-engine-1.10.2.jar:1.10.2]
	at org.junit.platform.engine.support.hierarchical.ThrowableCollector.execute(ThrowableCollector.java:73) ~[junit-platform-engine-1.10.2.jar:1.10.2]
	at org.junit.platform.engine.support.hierarchical.NodeTestTask.executeRecursively(NodeTestTask.java:138) ~[junit-platform-engine-1.10.2.jar:1.10.2]
	at org.junit.platform.engine.support.hierarchical.NodeTestTask.execute(NodeTestTask.java:95) ~[junit-platform-engine-1.10.2.jar:1.10.2]
	at java.base/java.util.ArrayList.forEach(ArrayList.java:1596) ~[na:na]
	at org.junit.platform.engine.support.hierarchical.SameThreadHierarchicalTestExecutorService.invokeAll(SameThreadHierarchicalTestExecutorService.java:41) ~[junit-platform-engine-1.10.2.jar:1.10.2]
	at org.junit.platform.engine.support.hierarchical.NodeTestTask.lambda$executeRecursively$6(NodeTestTask.java:155) ~[junit-platform-engine-1.10.2.jar:1.10.2]
	at org.junit.platform.engine.support.hierarchical.ThrowableCollector.execute(ThrowableCollector.java:73) ~[junit-platform-engine-1.10.2.jar:1.10.2]
	at org.junit.platform.engine.support.hierarchical.NodeTestTask.lambda$executeRecursively$8(NodeTestTask.java:141) ~[junit-platform-engine-1.10.2.jar:1.10.2]
	at org.junit.platform.engine.support.hierarchical.Node.around(Node.java:137) ~[junit-platform-engine-1.10.2.jar:1.10.2]
	at org.junit.platform.engine.support.hierarchical.NodeTestTask.lambda$executeRecursively$9(NodeTestTask.java:139) ~[junit-platform-engine-1.10.2.jar:1.10.2]
	at org.junit.platform.engine.support.hierarchical.ThrowableCollector.execute(ThrowableCollector.java:73) ~[junit-platform-engine-1.10.2.jar:1.10.2]
	at org.junit.platform.engine.support.hierarchical.NodeTestTask.executeRecursively(NodeTestTask.java:138) ~[junit-platform-engine-1.10.2.jar:1.10.2]
	at org.junit.platform.engine.support.hierarchical.NodeTestTask.execute(NodeTestTask.java:95) ~[junit-platform-engine-1.10.2.jar:1.10.2]
	at org.junit.platform.engine.support.hierarchical.SameThreadHierarchicalTestExecutorService.submit(SameThreadHierarchicalTestExecutorService.java:35) ~[junit-platform-engine-1.10.2.jar:1.10.2]
	at org.junit.platform.engine.support.hierarchical.HierarchicalTestExecutor.execute(HierarchicalTestExecutor.java:57) ~[junit-platform-engine-1.10.2.jar:1.10.2]
	at org.junit.platform.engine.support.hierarchical.HierarchicalTestEngine.execute(HierarchicalTestEngine.java:54) ~[junit-platform-engine-1.10.2.jar:1.10.2]
	at org.junit.platform.launcher.core.EngineExecutionOrchestrator.execute(EngineExecutionOrchestrator.java:198) ~[junit-platform-launcher-1.10.2.jar:1.10.2]
	at org.junit.platform.launcher.core.EngineExecutionOrchestrator.execute(EngineExecutionOrchestrator.java:169) ~[junit-platform-launcher-1.10.2.jar:1.10.2]
	at org.junit.platform.launcher.core.EngineExecutionOrchestrator.execute(EngineExecutionOrchestrator.java:93) ~[junit-platform-launcher-1.10.2.jar:1.10.2]
	at org.junit.platform.launcher.core.EngineExecutionOrchestrator.lambda$execute$0(EngineExecutionOrchestrator.java:58) ~[junit-platform-launcher-1.10.2.jar:1.10.2]
	at org.junit.platform.launcher.core.EngineExecutionOrchestrator.withInterceptedStreams(EngineExecutionOrchestrator.java:141) ~[junit-platform-launcher-1.10.2.jar:1.10.2]
	at org.junit.platform.launcher.core.EngineExecutionOrchestrator.execute(EngineExecutionOrchestrator.java:57) ~[junit-platform-launcher-1.10.2.jar:1.10.2]
	at org.junit.platform.launcher.core.DefaultLauncher.execute(DefaultLauncher.java:103) ~[junit-platform-launcher-1.10.2.jar:1.10.2]
	at org.junit.platform.launcher.core.DefaultLauncher.execute(DefaultLauncher.java:85) ~[junit-platform-launcher-1.10.2.jar:1.10.2]
	at org.junit.platform.launcher.core.DelegatingLauncher.execute(DelegatingLauncher.java:47) ~[junit-platform-launcher-1.10.2.jar:1.10.2]
	at org.apache.maven.surefire.junitplatform.LazyLauncher.execute(LazyLauncher.java:56) ~[surefire-junit-platform-3.1.2.jar:3.1.2]
	at org.apache.maven.surefire.junitplatform.JUnitPlatformProvider.execute(JUnitPlatformProvider.java:184) ~[surefire-junit-platform-3.1.2.jar:3.1.2]
	at org.apache.maven.surefire.junitplatform.JUnitPlatformProvider.invokeAllTests(JUnitPlatformProvider.java:148) ~[surefire-junit-platform-3.1.2.jar:3.1.2]
	at org.apache.maven.surefire.junitplatform.JUnitPlatformProvider.invoke(JUnitPlatformProvider.java:122) ~[surefire-junit-platform-3.1.2.jar:3.1.2]
	at org.apache.maven.surefire.booter.ForkedBooter.runSuitesInProcess(ForkedBooter.java:385) ~[surefire-booter-3.1.2.jar:3.1.2]
	at org.apache.maven.surefire.booter.ForkedBooter.execute(ForkedBooter.java:162) ~[surefire-booter-3.1.2.jar:3.1.2]
	at org.apache.maven.surefire.booter.ForkedBooter.run(ForkedBooter.java:507) ~[surefire-booter-3.1.2.jar:3.1.2]
	at org.apache.maven.surefire.booter.ForkedBooter.main(ForkedBooter.java:495) ~[surefire-booter-3.1.2.jar:3.1.2]

2024-05-02T21:46:54.081-04:00 DEBUG 21740 --- [atenciones] [           main] o.s.d.jpa.repository.query.NamedQuery    : Did not find named query Paciente.findByRut
2024-05-02T21:46:54.081-04:00 DEBUG 21740 --- [atenciones] [           main] tor$SharedEntityManagerInvocationHandler : Creating new EntityManager for shared EntityManager invocation
2024-05-02T21:46:54.082-04:00 DEBUG 21740 --- [atenciones] [           main] o.s.d.r.c.s.RepositoryFactorySupport     : Finished creation of repository instance for com.medicas.atenciones.repository.PacienteRepository.
2024-05-02T21:46:54.082-04:00 DEBUG 21740 --- [atenciones] [           main] o.s.b.f.s.DefaultListableBeanFactory     : Creating shared instance of singleton bean 'data-jpa.repository-aot-processor#0'
2024-05-02T21:46:54.084-04:00 DEBUG 21740 --- [atenciones] [           main] o.s.b.f.s.DefaultListableBeanFactory     : Creating shared instance of singleton bean 'org.springframework.boot.autoconfigure.jdbc.JdbcTemplateConfiguration'
2024-05-02T21:46:54.084-04:00 DEBUG 21740 --- [atenciones] [           main] o.s.b.f.s.DefaultListableBeanFactory     : Creating shared instance of singleton bean 'jdbcTemplate'
2024-05-02T21:46:54.085-04:00 DEBUG 21740 --- [atenciones] [           main] o.s.b.f.s.DefaultListableBeanFactory     : Creating shared instance of singleton bean 'spring.jdbc-org.springframework.boot.autoconfigure.jdbc.JdbcProperties'
2024-05-02T21:46:54.086-04:00 DEBUG 21740 --- [atenciones] [           main] o.s.b.f.s.DefaultListableBeanFactory     : Autowiring by type from bean name 'jdbcTemplate' via factory method to bean named 'dataSource'
2024-05-02T21:46:54.086-04:00 DEBUG 21740 --- [atenciones] [           main] o.s.b.f.s.DefaultListableBeanFactory     : Autowiring by type from bean name 'jdbcTemplate' via factory method to bean named 'spring.jdbc-org.springframework.boot.autoconfigure.jdbc.JdbcProperties'
2024-05-02T21:46:54.126-04:00 DEBUG 21740 --- [atenciones] [           main] o.s.b.f.s.DefaultListableBeanFactory     : Creating shared instance of singleton bean 'org.springframework.boot.autoconfigure.jdbc.NamedParameterJdbcTemplateConfiguration'
2024-05-02T21:46:54.126-04:00 DEBUG 21740 --- [atenciones] [           main] o.s.b.f.s.DefaultListableBeanFactory     : Creating shared instance of singleton bean 'namedParameterJdbcTemplate'
2024-05-02T21:46:54.127-04:00 DEBUG 21740 --- [atenciones] [           main] o.s.b.f.s.DefaultListableBeanFactory     : Autowiring by type from bean name 'namedParameterJdbcTemplate' via factory method to bean named 'jdbcTemplate'
2024-05-02T21:46:54.155-04:00 DEBUG 21740 --- [atenciones] [           main] o.s.b.f.s.DefaultListableBeanFactory     : Creating shared instance of singleton bean 'org.springframework.boot.autoconfigure.jdbc.JdbcTemplateAutoConfiguration'
2024-05-02T21:46:54.155-04:00 DEBUG 21740 --- [atenciones] [           main] o.s.b.f.s.DefaultListableBeanFactory     : Creating shared instance of singleton bean 'org.springframework.boot.autoconfigure.jdbc.JdbcClientAutoConfiguration'
2024-05-02T21:46:54.155-04:00 DEBUG 21740 --- [atenciones] [           main] o.s.b.f.s.DefaultListableBeanFactory     : Creating shared instance of singleton bean 'jdbcClient'
2024-05-02T21:46:54.156-04:00 DEBUG 21740 --- [atenciones] [           main] o.s.b.f.s.DefaultListableBeanFactory     : Autowiring by type from bean name 'jdbcClient' via factory method to bean named 'namedParameterJdbcTemplate'
2024-05-02T21:46:54.156-04:00 DEBUG 21740 --- [atenciones] [           main] o.s.b.f.s.DefaultListableBeanFactory     : Creating shared instance of singleton bean 'org.springframework.boot.autoconfigure.sql.init.SqlInitializationAutoConfiguration'
2024-05-02T21:46:54.157-04:00 DEBUG 21740 --- [atenciones] [           main] o.s.b.f.s.DefaultListableBeanFactory     : Creating shared instance of singleton bean 'org.springframework.boot.autoconfigure.jdbc.DataSourceTransactionManagerAutoConfiguration$JdbcTransactionManagerConfiguration'
2024-05-02T21:46:54.159-04:00 DEBUG 21740 --- [atenciones] [           main] o.s.b.f.s.DefaultListableBeanFactory     : Creating shared instance of singleton bean 'org.springframework.boot.autoconfigure.jdbc.DataSourceTransactionManagerAutoConfiguration'
2024-05-02T21:46:54.160-04:00 DEBUG 21740 --- [atenciones] [           main] o.s.b.f.s.DefaultListableBeanFactory     : Creating shared instance of singleton bean 'org.springframework.boot.autoconfigure.transaction.TransactionAutoConfiguration$EnableTransactionManagementConfiguration$CglibAutoProxyConfiguration'
2024-05-02T21:46:54.160-04:00 DEBUG 21740 --- [atenciones] [           main] o.s.b.f.s.DefaultListableBeanFactory     : Creating shared instance of singleton bean 'org.springframework.boot.autoconfigure.transaction.TransactionAutoConfiguration$EnableTransactionManagementConfiguration'
2024-05-02T21:46:54.160-04:00 DEBUG 21740 --- [atenciones] [           main] o.s.b.f.s.DefaultListableBeanFactory     : Creating shared instance of singleton bean 'org.springframework.boot.autoconfigure.transaction.TransactionAutoConfiguration$TransactionTemplateConfiguration'
2024-05-02T21:46:54.160-04:00 DEBUG 21740 --- [atenciones] [           main] o.s.b.f.s.DefaultListableBeanFactory     : Creating shared instance of singleton bean 'transactionTemplate'
2024-05-02T21:46:54.161-04:00 DEBUG 21740 --- [atenciones] [           main] o.s.b.f.s.DefaultListableBeanFactory     : Autowiring by type from bean name 'transactionTemplate' via factory method to bean named 'transactionManager'
2024-05-02T21:46:54.162-04:00 DEBUG 21740 --- [atenciones] [           main] o.s.b.f.s.DefaultListableBeanFactory     : Creating shared instance of singleton bean 'org.springframework.boot.autoconfigure.transaction.TransactionAutoConfiguration'
2024-05-02T21:46:54.163-04:00 DEBUG 21740 --- [atenciones] [           main] o.s.b.f.s.DefaultListableBeanFactory     : Creating shared instance of singleton bean 'org.springframework.boot.test.autoconfigure.orm.jpa.TestEntityManagerAutoConfiguration'
2024-05-02T21:46:54.163-04:00 DEBUG 21740 --- [atenciones] [           main] o.s.b.f.s.DefaultListableBeanFactory     : Creating shared instance of singleton bean 'testEntityManager'
2024-05-02T21:46:54.163-04:00 DEBUG 21740 --- [atenciones] [           main] o.s.b.f.s.DefaultListableBeanFactory     : Autowiring by type from bean name 'testEntityManager' via factory method to bean named 'entityManagerFactory'
2024-05-02T21:46:54.173-04:00 DEBUG 21740 --- [atenciones] [           main] o.s.c.support.DefaultLifecycleProcessor  : Starting beans in phase -2147483647
2024-05-02T21:46:54.173-04:00 DEBUG 21740 --- [atenciones] [           main] o.s.c.support.DefaultLifecycleProcessor  : Successfully started bean 'springBootLoggingLifecycle'
2024-05-02T21:46:54.174-04:00 DEBUG 21740 --- [atenciones] [           main] .s.b.a.l.ConditionEvaluationReportLogger : 


============================
CONDITIONS EVALUATION REPORT
============================


Positive matches:
-----------------

   DataSourceAutoConfiguration matched:
      - @ConditionalOnClass found required classes 'javax.sql.DataSource', 'org.springframework.jdbc.datasource.embedded.EmbeddedDatabaseType' (OnClassCondition)
      - @ConditionalOnMissingBean (types: io.r2dbc.spi.ConnectionFactory; SearchStrategy: all) did not find any beans (OnBeanCondition)

   DataSourceAutoConfiguration.PooledDataSourceConfiguration matched:
      - AnyNestedCondition 1 matched 1 did not; NestedCondition on DataSourceAutoConfiguration.PooledDataSourceCondition.PooledDataSourceAvailable PooledDataSource found supported DataSource; NestedCondition on DataSourceAutoConfiguration.PooledDataSourceCondition.ExplicitType @ConditionalOnProperty (spring.datasource.type) did not find property 'type' (DataSourceAutoConfiguration.PooledDataSourceCondition)
      - @ConditionalOnMissingBean (types: javax.sql.DataSource,javax.sql.XADataSource; SearchStrategy: all) did not find any beans (OnBeanCondition)

   DataSourceAutoConfiguration.PooledDataSourceConfiguration#jdbcConnectionDetails matched:
      - @ConditionalOnMissingBean (types: org.springframework.boot.autoconfigure.jdbc.JdbcConnectionDetails; SearchStrategy: all) did not find any beans (OnBeanCondition)

   DataSourceConfiguration.Hikari matched:
      - @ConditionalOnClass found required class 'com.zaxxer.hikari.HikariDataSource' (OnClassCondition)
      - @ConditionalOnProperty (spring.datasource.type=com.zaxxer.hikari.HikariDataSource) matched (OnPropertyCondition)
      - @ConditionalOnMissingBean (types: javax.sql.DataSource; SearchStrategy: all) did not find any beans (OnBeanCondition)

   DataSourceInitializationConfiguration matched:
      - @ConditionalOnClass found required class 'org.springframework.jdbc.datasource.init.DatabasePopulator' (OnClassCondition)
      - @ConditionalOnSingleCandidate (types: javax.sql.DataSource; SearchStrategy: all) found a single bean 'dataSource'; @ConditionalOnMissingBean (types: org.springframework.boot.autoconfigure.sql.init.SqlDataSourceScriptDatabaseInitializer,org.springframework.boot.autoconfigure.sql.init.SqlR2dbcScriptDatabaseInitializer; SearchStrategy: all) did not find any beans (OnBeanCondition)

   DataSourcePoolMetadataProvidersConfiguration.HikariPoolDataSourceMetadataProviderConfiguration matched:
      - @ConditionalOnClass found required class 'com.zaxxer.hikari.HikariDataSource' (OnClassCondition)

   DataSourceTransactionManagerAutoConfiguration matched:
      - @ConditionalOnClass found required classes 'org.springframework.jdbc.core.JdbcTemplate', 'org.springframework.transaction.TransactionManager' (OnClassCondition)

   DataSourceTransactionManagerAutoConfiguration.JdbcTransactionManagerConfiguration matched:
      - @ConditionalOnSingleCandidate (types: javax.sql.DataSource; SearchStrategy: all) found a single bean 'dataSource' (OnBeanCondition)

   HibernateJpaAutoConfiguration matched:
      - @ConditionalOnClass found required classes 'org.springframework.orm.jpa.LocalContainerEntityManagerFactoryBean', 'jakarta.persistence.EntityManager', 'org.hibernate.engine.spi.SessionImplementor' (OnClassCondition)

   HibernateJpaConfiguration matched:
      - @ConditionalOnSingleCandidate (types: javax.sql.DataSource; SearchStrategy: all) found a single bean 'dataSource' (OnBeanCondition)

   JdbcClientAutoConfiguration matched:
      - @ConditionalOnSingleCandidate (types: org.springframework.jdbc.core.namedparam.NamedParameterJdbcTemplate; SearchStrategy: all) found a single bean 'namedParameterJdbcTemplate'; @ConditionalOnMissingBean (types: org.springframework.jdbc.core.simple.JdbcClient; SearchStrategy: all) did not find any beans (OnBeanCondition)

   JdbcTemplateAutoConfiguration matched:
      - @ConditionalOnClass found required classes 'javax.sql.DataSource', 'org.springframework.jdbc.core.JdbcTemplate' (OnClassCondition)
      - @ConditionalOnSingleCandidate (types: javax.sql.DataSource; SearchStrategy: all) found a single bean 'dataSource' (OnBeanCondition)

   JdbcTemplateConfiguration matched:
      - @ConditionalOnMissingBean (types: org.springframework.jdbc.core.JdbcOperations; SearchStrategy: all) did not find any beans (OnBeanCondition)

   JpaBaseConfiguration#entityManagerFactory matched:
      - @ConditionalOnMissingBean (types: org.springframework.orm.jpa.LocalContainerEntityManagerFactoryBean,jakarta.persistence.EntityManagerFactory; SearchStrategy: all) did not find any beans (OnBeanCondition)

   JpaBaseConfiguration#entityManagerFactoryBuilder matched:
      - @ConditionalOnMissingBean (types: org.springframework.boot.orm.jpa.EntityManagerFactoryBuilder; SearchStrategy: all) did not find any beans (OnBeanCondition)

   JpaBaseConfiguration#jpaVendorAdapter matched:
      - @ConditionalOnMissingBean (types: org.springframework.orm.jpa.JpaVendorAdapter; SearchStrategy: all) did not find any beans (OnBeanCondition)

   JpaBaseConfiguration#transactionManager matched:
      - @ConditionalOnMissingBean (types: org.springframework.transaction.TransactionManager; SearchStrategy: all) did not find any beans (OnBeanCondition)

   JpaBaseConfiguration.PersistenceManagedTypesConfiguration matched:
      - @ConditionalOnMissingBean (types: org.springframework.orm.jpa.LocalContainerEntityManagerFactoryBean,jakarta.persistence.EntityManagerFactory; SearchStrategy: all) did not find any beans (OnBeanCondition)

   JpaBaseConfiguration.PersistenceManagedTypesConfiguration#persistenceManagedTypes matched:
      - @ConditionalOnMissingBean (types: org.springframework.orm.jpa.persistenceunit.PersistenceManagedTypes; SearchStrategy: all) did not find any beans (OnBeanCondition)

   JpaRepositoriesAutoConfiguration matched:
      - @ConditionalOnClass found required class 'org.springframework.data.jpa.repository.JpaRepository' (OnClassCondition)
      - @ConditionalOnProperty (spring.data.jpa.repositories.enabled=true) matched (OnPropertyCondition)
      - @ConditionalOnBean (types: javax.sql.DataSource; SearchStrategy: all) found bean 'dataSource'; @ConditionalOnMissingBean (types: org.springframework.data.jpa.repository.support.JpaRepositoryFactoryBean,org.springframework.data.jpa.repository.config.JpaRepositoryConfigExtension; SearchStrategy: all) did not find any beans (OnBeanCondition)

   NamedParameterJdbcTemplateConfiguration matched:
      - @ConditionalOnSingleCandidate (types: org.springframework.jdbc.core.JdbcTemplate; SearchStrategy: all) found a single bean 'jdbcTemplate'; @ConditionalOnMissingBean (types: org.springframework.jdbc.core.namedparam.NamedParameterJdbcOperations; SearchStrategy: all) did not find any beans (OnBeanCondition)

   NoOpCacheConfiguration matched:
      - Cache org.springframework.boot.autoconfigure.cache.NoOpCacheConfiguration NONE cache type (CacheCondition)

   SqlInitializationAutoConfiguration matched:
      - @ConditionalOnProperty (spring.sql.init.enabled) matched (OnPropertyCondition)
      - NoneNestedConditions 0 matched 1 did not; NestedCondition on SqlInitializationAutoConfiguration.SqlInitializationModeCondition.ModeIsNever @ConditionalOnProperty (spring.sql.init.mode=never) did not find property 'mode' (SqlInitializationAutoConfiguration.SqlInitializationModeCondition)

   TestEntityManagerAutoConfiguration matched:
      - @ConditionalOnClass found required class 'jakarta.persistence.EntityManagerFactory' (OnClassCondition)

   TestEntityManagerAutoConfiguration#testEntityManager matched:
      - @ConditionalOnMissingBean (types: org.springframework.boot.test.autoconfigure.orm.jpa.TestEntityManager; SearchStrategy: all) did not find any beans (OnBeanCondition)

   TransactionAutoConfiguration matched:
      - @ConditionalOnClass found required class 'org.springframework.transaction.PlatformTransactionManager' (OnClassCondition)

   TransactionAutoConfiguration.EnableTransactionManagementConfiguration matched:
      - @ConditionalOnBean (types: org.springframework.transaction.TransactionManager; SearchStrategy: all) found bean 'transactionManager'; @ConditionalOnMissingBean (types: org.springframework.transaction.annotation.AbstractTransactionManagementConfiguration; SearchStrategy: all) did not find any beans (OnBeanCondition)

   TransactionAutoConfiguration.EnableTransactionManagementConfiguration.CglibAutoProxyConfiguration matched:
      - @ConditionalOnProperty (spring.aop.proxy-target-class=true) matched (OnPropertyCondition)

   TransactionAutoConfiguration.TransactionTemplateConfiguration matched:
      - @ConditionalOnSingleCandidate (types: org.springframework.transaction.PlatformTransactionManager; SearchStrategy: all) found a single bean 'transactionManager' (OnBeanCondition)

   TransactionAutoConfiguration.TransactionTemplateConfiguration#transactionTemplate matched:
      - @ConditionalOnMissingBean (types: org.springframework.transaction.support.TransactionOperations; SearchStrategy: all) did not find any beans (OnBeanCondition)


Negative matches:
-----------------

   Cache2kCacheConfiguration:
      Did not match:
         - @ConditionalOnClass did not find required class 'org.cache2k.Cache2kBuilder' (OnClassCondition)

   CacheAutoConfiguration:
      Did not match:
         - @ConditionalOnBean (types: org.springframework.cache.interceptor.CacheAspectSupport; SearchStrategy: all) did not find any beans of type org.springframework.cache.interceptor.CacheAspectSupport (OnBeanCondition)
      Matched:
         - @ConditionalOnClass found required class 'org.springframework.cache.CacheManager' (OnClassCondition)

   CacheAutoConfiguration.CacheManagerEntityManagerFactoryDependsOnPostProcessor:
      Did not match:
         - Ancestor org.springframework.boot.autoconfigure.cache.CacheAutoConfiguration did not match (ConditionEvaluationReport.AncestorsMatchedCondition)
      Matched:
         - @ConditionalOnClass found required class 'org.springframework.orm.jpa.LocalContainerEntityManagerFactoryBean' (OnClassCondition)

   CaffeineCacheConfiguration:
      Did not match:
         - @ConditionalOnClass did not find required class 'com.github.benmanes.caffeine.cache.Caffeine' (OnClassCondition)

   CouchbaseCacheConfiguration:
      Did not match:
         - @ConditionalOnClass did not find required class 'com.couchbase.client.java.Cluster' (OnClassCondition)

   DataSourceAutoConfiguration.EmbeddedDatabaseConfiguration:
      Did not match:
         - EmbeddedDataSource spring.datasource.url is set (DataSourceAutoConfiguration.EmbeddedDatabaseCondition)

   DataSourceCheckpointRestoreConfiguration:
      Did not match:
         - @ConditionalOnClass did not find required class 'org.crac.Resource' (OnClassCondition)

   DataSourceConfiguration.Dbcp2:
      Did not match:
         - @ConditionalOnClass did not find required class 'org.apache.commons.dbcp2.BasicDataSource' (OnClassCondition)

   DataSourceConfiguration.Generic:
      Did not match:
         - @ConditionalOnProperty (spring.datasource.type) did not find property 'spring.datasource.type' (OnPropertyCondition)

   DataSourceConfiguration.OracleUcp:
      Did not match:
         - @ConditionalOnClass did not find required class 'oracle.ucp.jdbc.PoolDataSourceImpl' (OnClassCondition)

   DataSourceConfiguration.Tomcat:
      Did not match:
         - @ConditionalOnClass did not find required class 'org.apache.tomcat.jdbc.pool.DataSource' (OnClassCondition)

   DataSourceJmxConfiguration:
      Did not match:
         - @ConditionalOnProperty (spring.jmx.enabled=true) found different value in property 'enabled' (OnPropertyCondition)

   DataSourcePoolMetadataProvidersConfiguration.CommonsDbcp2PoolDataSourceMetadataProviderConfiguration:
      Did not match:
         - @ConditionalOnClass did not find required class 'org.apache.commons.dbcp2.BasicDataSource' (OnClassCondition)

   DataSourcePoolMetadataProvidersConfiguration.OracleUcpPoolDataSourceMetadataProviderConfiguration:
      Did not match:
         - @ConditionalOnClass did not find required class 'oracle.ucp.jdbc.PoolDataSource' (OnClassCondition)

   DataSourcePoolMetadataProvidersConfiguration.TomcatDataSourcePoolMetadataProviderConfiguration:
      Did not match:
         - @ConditionalOnClass did not find required class 'org.apache.tomcat.jdbc.pool.DataSource' (OnClassCondition)

   DataSourceTransactionManagerAutoConfiguration.JdbcTransactionManagerConfiguration#transactionManager:
      Did not match:
         - @ConditionalOnMissingBean (types: org.springframework.transaction.TransactionManager; SearchStrategy: all) found beans of type 'org.springframework.transaction.TransactionManager' transactionManager (OnBeanCondition)

   FlywayAutoConfiguration:
      Did not match:
         - @ConditionalOnClass did not find required class 'org.flywaydb.core.Flyway' (OnClassCondition)

   GenericCacheConfiguration:
      Did not match:
         - Cache org.springframework.boot.autoconfigure.cache.GenericCacheConfiguration unknown cache type (CacheCondition)

   HazelcastCacheConfiguration:
      Did not match:
         - @ConditionalOnClass did not find required class 'com.hazelcast.core.HazelcastInstance' (OnClassCondition)

   InfinispanCacheConfiguration:
      Did not match:
         - @ConditionalOnClass did not find required class 'org.infinispan.spring.embedded.provider.SpringEmbeddedCacheManager' (OnClassCondition)

   JCacheCacheConfiguration:
      Did not match:
         - @ConditionalOnClass did not find required class 'javax.cache.Caching' (OnClassCondition)

   JpaBaseConfiguration.JpaWebConfiguration:
      Did not match:
         - not a servlet web application (OnWebApplicationCondition)
      Matched:
         - @ConditionalOnClass found required class 'org.springframework.web.servlet.config.annotation.WebMvcConfigurer' (OnClassCondition)

   JpaRepositoriesAutoConfiguration#entityManagerFactoryBootstrapExecutorCustomizer:
      Did not match:
         - AnyNestedCondition 0 matched 2 did not; NestedCondition on JpaRepositoriesAutoConfiguration.BootstrapExecutorCondition.LazyBootstrapMode @ConditionalOnProperty (spring.data.jpa.repositories.bootstrap-mode=lazy) found different value in property 'bootstrap-mode'; NestedCondition on JpaRepositoriesAutoConfiguration.BootstrapExecutorCondition.DeferredBootstrapMode @ConditionalOnProperty (spring.data.jpa.repositories.bootstrap-mode=deferred) found different value in property 'bootstrap-mode' (JpaRepositoriesAutoConfiguration.BootstrapExecutorCondition)

   LiquibaseAutoConfiguration:
      Did not match:
         - @ConditionalOnClass did not find required class 'liquibase.change.DatabaseChange' (OnClassCondition)

   R2dbcInitializationConfiguration:
      Did not match:
         - @ConditionalOnClass did not find required classes 'io.r2dbc.spi.ConnectionFactory', 'org.springframework.r2dbc.connection.init.DatabasePopulator' (OnClassCondition)

   RedisCacheConfiguration:
      Did not match:
         - @ConditionalOnClass did not find required class 'org.springframework.data.redis.connection.RedisConnectionFactory' (OnClassCondition)

   SimpleCacheConfiguration:
      Did not match:
         - Cache org.springframework.boot.autoconfigure.cache.SimpleCacheConfiguration unknown cache type (CacheCondition)

   TestDatabaseAutoConfiguration#dataSource:
      Did not match:
         - @ConditionalOnProperty (spring.test.database.replace=AUTO_CONFIGURED) found different value in property 'replace' (OnPropertyCondition)

   TestDatabaseAutoConfiguration#embeddedDataSourceBeanFactoryPostProcessor:
      Did not match:
         - @ConditionalOnProperty (spring.test.database.replace=ANY) found different value in property 'replace' (OnPropertyCondition)

   TransactionAutoConfiguration#transactionalOperator:
      Did not match:
         - @ConditionalOnSingleCandidate (types: org.springframework.transaction.ReactiveTransactionManager; SearchStrategy: all) did not find any beans (OnBeanCondition)

   TransactionAutoConfiguration.AspectJTransactionManagementConfiguration:
      Did not match:
         - @ConditionalOnBean (types: org.springframework.transaction.aspectj.AbstractTransactionAspect; SearchStrategy: all) did not find any beans of type org.springframework.transaction.aspectj.AbstractTransactionAspect (OnBeanCondition)

   TransactionAutoConfiguration.EnableTransactionManagementConfiguration.JdkDynamicAutoProxyConfiguration:
      Did not match:
         - @ConditionalOnProperty (spring.aop.proxy-target-class=false) did not find property 'proxy-target-class' (OnPropertyCondition)


Exclusions:
-----------

    None


Unconditional classes:
----------------------

    org.springframework.boot.test.autoconfigure.jdbc.TestDatabaseAutoConfiguration



2024-05-02T21:46:54.175-04:00  INFO 21740 --- [atenciones] [           main] c.m.a.repository.PacienteRepositoryTest  : Started PacienteRepositoryTest in 2.117 seconds (process running for 19.33)
2024-05-02T21:46:54.175-04:00 DEBUG 21740 --- [atenciones] [           main] org.springframework.test.context.cache   : Spring test ApplicationContext cache statistics: [DefaultContextCache@6c39ba30 size = 2, maxSize = 32, parentContextCount = 0, hitCount = 12, missCount = 2, failureCount = 0]
2024-05-02T21:46:54.177-04:00 DEBUG 21740 --- [atenciones] [           main] org.springframework.test.context.cache   : Spring test ApplicationContext cache statistics: [DefaultContextCache@6c39ba30 size = 2, maxSize = 32, parentContextCount = 0, hitCount = 13, missCount = 2, failureCount = 0]
2024-05-02T21:46:54.185-04:00 DEBUG 21740 --- [atenciones] [           main] sContextBeforeModesTestExecutionListener : Before test method: class [PacienteRepositoryTest], method [obtenerPacienteByRutTest], class annotated with @DirtiesContext [false] with mode [null], method annotated with @DirtiesContext [false] with mode [null]
2024-05-02T21:46:54.201-04:00 DEBUG 21740 --- [atenciones] [           main] t.c.t.TransactionalTestExecutionListener : Explicit transaction definition [PROPAGATION_REQUIRED,ISOLATION_DEFAULT] found for test class [com.medicas.atenciones.repository.PacienteRepositoryTest] and test method [obtenerPacienteByRutTest]
2024-05-02T21:46:54.202-04:00 DEBUG 21740 --- [atenciones] [           main] org.springframework.test.context.cache   : Spring test ApplicationContext cache statistics: [DefaultContextCache@6c39ba30 size = 2, maxSize = 32, parentContextCount = 0, hitCount = 14, missCount = 2, failureCount = 0]
2024-05-02T21:46:54.204-04:00 DEBUG 21740 --- [atenciones] [           main] t.c.t.TransactionalTestExecutionListener : No method-level @Rollback override: using default rollback [true] for test method [public void com.medicas.atenciones.repository.PacienteRepositoryTest.obtenerPacienteByRutTest()]
2024-05-02T21:46:54.206-04:00 DEBUG 21740 --- [atenciones] [           main] o.s.orm.jpa.JpaTransactionManager        : Creating new transaction with name [com.medicas.atenciones.repository.PacienteRepositoryTest.obtenerPacienteByRutTest]: PROPAGATION_REQUIRED,ISOLATION_DEFAULT
2024-05-02T21:46:54.209-04:00 DEBUG 21740 --- [atenciones] [           main] o.s.orm.jpa.JpaTransactionManager        : Opened new EntityManager [SessionImpl(1270516<open>)] for JPA transaction
2024-05-02T21:46:54.214-04:00 DEBUG 21740 --- [atenciones] [           main] o.h.e.t.internal.TransactionImpl         : On TransactionImpl creation, JpaCompliance#isJpaTransactionComplianceEnabled == false
2024-05-02T21:46:54.214-04:00 DEBUG 21740 --- [atenciones] [           main] o.h.e.t.internal.TransactionImpl         : begin
2024-05-02T21:46:54.237-04:00 DEBUG 21740 --- [atenciones] [           main] o.s.orm.jpa.JpaTransactionManager        : Exposing JPA transaction as JDBC [org.springframework.orm.jpa.vendor.HibernateJpaDialect$HibernateConnectionHandle@71adea8d]
2024-05-02T21:46:54.238-04:00 DEBUG 21740 --- [atenciones] [           main] o.s.t.c.transaction.TransactionContext   : Began transaction (1) for test class [com.medicas.atenciones.repository.PacienteRepositoryTest]; test method [obtenerPacienteByRutTest]; transaction manager [org.springframework.orm.jpa.JpaTransactionManager@9dc9212]; rollback [true]
2024-05-02T21:46:54.238-04:00 DEBUG 21740 --- [atenciones] [           main] org.springframework.test.context.cache   : Spring test ApplicationContext cache statistics: [DefaultContextCache@6c39ba30 size = 2, maxSize = 32, parentContextCount = 0, hitCount = 15, missCount = 2, failureCount = 0]
2024-05-02T21:46:54.239-04:00 DEBUG 21740 --- [atenciones] [           main] org.springframework.test.context.cache   : Spring test ApplicationContext cache statistics: [DefaultContextCache@6c39ba30 size = 2, maxSize = 32, parentContextCount = 0, hitCount = 16, missCount = 2, failureCount = 0]
2024-05-02T21:46:54.239-04:00 DEBUG 21740 --- [atenciones] [           main] org.springframework.test.context.cache   : Spring test ApplicationContext cache statistics: [DefaultContextCache@6c39ba30 size = 2, maxSize = 32, parentContextCount = 0, hitCount = 17, missCount = 2, failureCount = 0]
2024-05-02T21:46:54.338-04:00 DEBUG 21740 --- [atenciones] [           main] org.springframework.test.context.cache   : Spring test ApplicationContext cache statistics: [DefaultContextCache@6c39ba30 size = 2, maxSize = 32, parentContextCount = 0, hitCount = 18, missCount = 2, failureCount = 0]
2024-05-02T21:46:54.339-04:00 DEBUG 21740 --- [atenciones] [           main] org.springframework.test.context.cache   : Spring test ApplicationContext cache statistics: [DefaultContextCache@6c39ba30 size = 2, maxSize = 32, parentContextCount = 0, hitCount = 19, missCount = 2, failureCount = 0]
2024-05-02T21:46:54.340-04:00 DEBUG 21740 --- [atenciones] [           main] org.springframework.test.context.cache   : Spring test ApplicationContext cache statistics: [DefaultContextCache@6c39ba30 size = 2, maxSize = 32, parentContextCount = 0, hitCount = 20, missCount = 2, failureCount = 0]
2024-05-02T21:46:54.340-04:00 DEBUG 21740 --- [atenciones] [           main] org.springframework.test.context.cache   : Spring test ApplicationContext cache statistics: [DefaultContextCache@6c39ba30 size = 2, maxSize = 32, parentContextCount = 0, hitCount = 21, missCount = 2, failureCount = 0]
2024-05-02T21:46:54.340-04:00 DEBUG 21740 --- [atenciones] [           main] org.springframework.test.context.cache   : Spring test ApplicationContext cache statistics: [DefaultContextCache@6c39ba30 size = 2, maxSize = 32, parentContextCount = 0, hitCount = 22, missCount = 2, failureCount = 0]
2024-05-02T21:46:54.348-04:00 DEBUG 21740 --- [atenciones] [           main] org.springframework.test.context.cache   : Spring test ApplicationContext cache statistics: [DefaultContextCache@6c39ba30 size = 2, maxSize = 32, parentContextCount = 0, hitCount = 23, missCount = 2, failureCount = 0]
2024-05-02T21:46:54.351-04:00 DEBUG 21740 --- [atenciones] [           main] o.s.orm.jpa.JpaTransactionManager        : Initiating transaction rollback
2024-05-02T21:46:54.352-04:00 DEBUG 21740 --- [atenciones] [           main] o.s.orm.jpa.JpaTransactionManager        : Rolling back JPA transaction on EntityManager [SessionImpl(1270516<open>)]
2024-05-02T21:46:54.352-04:00 DEBUG 21740 --- [atenciones] [           main] o.h.e.t.internal.TransactionImpl         : rolling back
2024-05-02T21:46:54.366-04:00 DEBUG 21740 --- [atenciones] [           main] o.s.orm.jpa.JpaTransactionManager        : Closing JPA EntityManager [SessionImpl(1270516<open>)] after transaction
2024-05-02T21:46:54.366-04:00 DEBUG 21740 --- [atenciones] [           main] o.s.t.c.transaction.TransactionContext   : Rolled back transaction (1) for test class [com.medicas.atenciones.repository.PacienteRepositoryTest]; test method [obtenerPacienteByRutTest]
2024-05-02T21:46:54.367-04:00 DEBUG 21740 --- [atenciones] [           main] .c.s.DirtiesContextTestExecutionListener : After test method: class [PacienteRepositoryTest], method [obtenerPacienteByRutTest], class annotated with @DirtiesContext [false] with mode [null], method annotated with @DirtiesContext [false] with mode [null]
]]></system-out>
  </testcase>
</testsuite>